<?xml version="1.0" encoding="UTF-8"?>
<testsuite xmlns:xsi="http://www.w3.org/2001/XMLSchema-instance" xsi:noNamespaceSchemaLocation="https://maven.apache.org/surefire/maven-surefire-plugin/xsd/surefire-test-report-3.0.xsd" version="3.0" name="com.fij.Phase3IntegrationTest" time="2.353" tests="5" errors="0" skipped="0" failures="5">
  <properties>
[...]
</properties>
  <testcase name="searchJobs_Filters_Works" classname="com.fij.Phase3IntegrationTest" time="0.515">
    <failure message="Status expected:&lt;200&gt; but was:&lt;403&gt;" type="java.lang.AssertionError"><![CDATA[java.lang.AssertionError: Status expected:<200> but was:<403>
	at org.springframework.test.util.AssertionErrors.fail(AssertionErrors.java:59)
	at org.springframework.test.util.AssertionErrors.assertEquals(AssertionErrors.java:122)
	at org.springframework.test.web.servlet.result.StatusResultMatchers.lambda$matcher$9(StatusResultMatchers.java:637)
	at org.springframework.test.web.servlet.MockMvc$1.andExpect(MockMvc.java:214)
	at com.fij.Phase3IntegrationTest.searchJobs_Filters_Works(Phase3IntegrationTest.java:141)
	at java.base/java.lang.reflect.Method.invoke(Method.java:569)
	at java.base/java.util.ArrayList.forEach(ArrayList.java:1511)
	at java.base/java.util.ArrayList.forEach(ArrayList.java:1511)
]]></failure>
    <system-out><![CDATA[2026-02-22T20:37:28.322+01:00  INFO 72965 --- [           main] t.c.s.AnnotationConfigContextLoaderUtils : Could not detect default configuration classes for test class [com.fij.Phase3IntegrationTest]: Phase3IntegrationTest does not declare any static, non-private, non-final, nested classes annotated with @Configuration.
2026-02-22T20:37:28.332+01:00  INFO 72965 --- [           main] .b.t.c.SpringBootTestContextBootstrapper : Found @SpringBootConfiguration com.fij.FijApplication for test class com.fij.Phase3IntegrationTest
Hibernate: select a1_0.id,a1_0.applied_at,a1_0.candidate_id,a1_0.cover_letter,a1_0.job_id,a1_0.status from applications a1_0
Hibernate: select j1_0.id,j1_0.active,j1_0.company,j1_0.created_at,j1_0.description,j1_0.duration,j1_0.expires_at,j1_0.job_type,j1_0.location,j1_0.recruiter_id,j1_0.remote_policy,j1_0.salary_max,j1_0.salary_min,j1_0.title,j1_0.work_schedule from jobs j1_0
Hibernate: select u1_0.id,u1_0.email,u1_0.first_name,u1_0.last_name,u1_0.location,u1_0.password,u1_0.phone from users u1_0
Hibernate: select u1_0.id,u1_0.email,u1_0.first_name,u1_0.last_name,u1_0.location,u1_0.password,u1_0.phone from users u1_0 where u1_0.email=?
Hibernate: insert into users (email,first_name,last_name,location,password,phone,id) values (?,?,?,?,?,?,default)
Hibernate: select u1_0.id,u1_0.email,u1_0.first_name,u1_0.last_name,u1_0.location,u1_0.password,u1_0.phone from users u1_0 where u1_0.email=?
Hibernate: insert into users (email,first_name,last_name,location,password,phone,id) values (?,?,?,?,?,?,default)
Hibernate: select u1_0.id,u1_0.email,u1_0.first_name,u1_0.last_name,u1_0.location,u1_0.password,u1_0.phone from users u1_0 where u1_0.email=?
Hibernate: select u1_0.id,u1_0.email,u1_0.first_name,u1_0.last_name,u1_0.location,u1_0.password,u1_0.phone from users u1_0 where u1_0.email=?
Hibernate: select u1_0.id,u1_0.email,u1_0.first_name,u1_0.last_name,u1_0.location,u1_0.password,u1_0.phone from users u1_0 where u1_0.email=?
Hibernate: select u1_0.id,u1_0.email,u1_0.first_name,u1_0.last_name,u1_0.location,u1_0.password,u1_0.phone from users u1_0 where u1_0.email=?
Hibernate: insert into jobs (active,company,created_at,description,duration,expires_at,job_type,location,recruiter_id,remote_policy,salary_max,salary_min,title,work_schedule,id) values (?,?,?,?,?,?,?,?,?,?,?,?,?,?,default)
Hibernate: select u1_0.id,u1_0.email,u1_0.first_name,u1_0.last_name,u1_0.location,u1_0.password,u1_0.phone from users u1_0 where u1_0.email=?
Hibernate: select u1_0.id,u1_0.email,u1_0.first_name,u1_0.last_name,u1_0.location,u1_0.password,u1_0.phone from users u1_0 where u1_0.email=?
Hibernate: insert into jobs (active,company,created_at,description,duration,expires_at,job_type,location,recruiter_id,remote_policy,salary_max,salary_min,title,work_schedule,id) values (?,?,?,?,?,?,?,?,?,?,?,?,?,?,default)

MockHttpServletRequest:
      HTTP Method = POST
      Request URI = /api/auth/register
       Parameters = {}
          Headers = [Content-Type:"application/json;charset=UTF-8", Content-Length:"119"]
             Body = {"email":"recruiter@test.com","password":"password123","firstName":"John","lastName":"Doe","roles":["ROLE_RECRUITER"]}

    Session Attrs = {}

Handler:
             Type = com.fij.controllers.AuthController
           Method = com.fij.controllers.AuthController#register(RegisterRequest)

Async:
    Async started = false
     Async result = null

Resolved Exception:
             Type = null

ModelAndView:
        View name = null
             View = null
            Model = null

FlashMap:
       Attributes = null

MockHttpServletResponse:
           Status = 200
    Error message = null
          Headers = [Vary:"Origin", "Access-Control-Request-Method", "Access-Control-Request-Headers", Content-Type:"application/json", X-Content-Type-Options:"nosniff", X-XSS-Protection:"0", Cache-Control:"no-cache, no-store, max-age=0, must-revalidate", Pragma:"no-cache", Expires:"0", X-Frame-Options:"DENY"]
     Content type = application/json
             Body = {"id":8,"email":"recruiter@test.com","firstName":"John","lastName":"Doe","phone":null,"location":null,"roles":["ROLE_RECRUITER"],"token":"eyJhbGciOiJIUzI1NiJ9.eyJzdWIiOiJyZWNydWl0ZXJAdGVzdC5jb20iLCJpYXQiOjE3NzE3ODkwNDgsImV4cCI6MTc3MTg3NTQ0OH0.wIQwvIBLeOyWreAfHlPowIq2C3T-HrbAGUpZXOroZwY"}
    Forwarded URL = null
   Redirected URL = null
          Cookies = []

MockHttpServletRequest:
      HTTP Method = POST
      Request URI = /api/auth/register
       Parameters = {}
          Headers = [Content-Type:"application/json;charset=UTF-8", Content-Length:"121"]
             Body = {"email":"candidate@test.com","password":"password123","firstName":"Jane","lastName":"Smith","roles":["ROLE_CANDIDATE"]}

    Session Attrs = {}

Handler:
             Type = com.fij.controllers.AuthController
           Method = com.fij.controllers.AuthController#register(RegisterRequest)

Async:
    Async started = false
     Async result = null

Resolved Exception:
             Type = null

ModelAndView:
        View name = null
             View = null
            Model = null

FlashMap:
       Attributes = null

MockHttpServletResponse:
           Status = 200
    Error message = null
          Headers = [Vary:"Origin", "Access-Control-Request-Method", "Access-Control-Request-Headers", Content-Type:"application/json", X-Content-Type-Options:"nosniff", X-XSS-Protection:"0", Cache-Control:"no-cache, no-store, max-age=0, must-revalidate", Pragma:"no-cache", Expires:"0", X-Frame-Options:"DENY"]
     Content type = application/json
             Body = {"id":9,"email":"candidate@test.com","firstName":"Jane","lastName":"Smith","phone":null,"location":null,"roles":["ROLE_CANDIDATE"],"token":"eyJhbGciOiJIUzI1NiJ9.eyJzdWIiOiJjYW5kaWRhdGVAdGVzdC5jb20iLCJpYXQiOjE3NzE3ODkwNDgsImV4cCI6MTc3MTg3NTQ0OH0.PWb_W02SQj8I0em60DBFjOIfK5KLlQ-uNaKswffY5pg"}
    Forwarded URL = null
   Redirected URL = null
          Cookies = []

MockHttpServletRequest:
      HTTP Method = POST
      Request URI = /api/auth/login
       Parameters = {}
          Headers = [Content-Type:"application/json;charset=UTF-8", Content-Length:"56"]
             Body = {"email":"recruiter@test.com","password":"password123"}

    Session Attrs = {}

Handler:
             Type = com.fij.controllers.AuthController
           Method = com.fij.controllers.AuthController#login(LoginRequest)

Async:
    Async started = false
     Async result = null

Resolved Exception:
             Type = null

ModelAndView:
        View name = null
             View = null
            Model = null

FlashMap:
       Attributes = null

MockHttpServletResponse:
           Status = 200
    Error message = null
          Headers = [Vary:"Origin", "Access-Control-Request-Method", "Access-Control-Request-Headers", Content-Type:"application/json", X-Content-Type-Options:"nosniff", X-XSS-Protection:"0", Cache-Control:"no-cache, no-store, max-age=0, must-revalidate", Pragma:"no-cache", Expires:"0", X-Frame-Options:"DENY"]
     Content type = application/json
             Body = {"id":8,"email":"recruiter@test.com","firstName":"John","lastName":"Doe","phone":null,"location":null,"roles":["ROLE_RECRUITER"],"token":"eyJhbGciOiJIUzI1NiJ9.eyJzdWIiOiJyZWNydWl0ZXJAdGVzdC5jb20iLCJpYXQiOjE3NzE3ODkwNDgsImV4cCI6MTc3MTg3NTQ0OH0.wIQwvIBLeOyWreAfHlPowIq2C3T-HrbAGUpZXOroZwY"}
    Forwarded URL = null
   Redirected URL = null
          Cookies = []

MockHttpServletRequest:
      HTTP Method = POST
      Request URI = /api/recruiter/jobs
       Parameters = {}
          Headers = [Content-Type:"application/json;charset=UTF-8", Authorization:"Bearer eyJhbGciOiJIUzI1NiJ9.eyJzdWIiOiJyZWNydWl0ZXJAdGVzdC5jb20iLCJpYXQiOjE3NzE3ODkwNDgsImV4cCI6MTc3MTg3NTQ0OH0.wIQwvIBLeOyWreAfHlPowIq2C3T-HrbAGUpZXOroZwY", Content-Length:"107"]
             Body = {"title":"Paris CDI","description":"Desc","company":"C1","location":"Paris","jobType":"CDI","duration":12}

    Session Attrs = {}

Handler:
             Type = com.fij.controllers.RecruiterController
           Method = com.fij.controllers.RecruiterController#createJob(JobRequest)

Async:
    Async started = false
     Async result = null

Resolved Exception:
             Type = null

ModelAndView:
        View name = null
             View = null
            Model = null

FlashMap:
       Attributes = null

MockHttpServletResponse:
           Status = 200
    Error message = null
          Headers = [Vary:"Origin", "Access-Control-Request-Method", "Access-Control-Request-Headers", Content-Type:"application/json", X-Content-Type-Options:"nosniff", X-XSS-Protection:"0", Cache-Control:"no-cache, no-store, max-age=0, must-revalidate", Pragma:"no-cache", Expires:"0", X-Frame-Options:"DENY"]
     Content type = application/json
             Body = {"id":1,"title":"Paris CDI","description":"Desc","company":"C1","location":"Paris","salaryMin":null,"salaryMax":null,"jobType":"CDI","workSchedule":null,"remotePolicy":null,"duration":12,"active":true,"createdAt":"2026-02-22T20:37:28.800061687","expiresAt":null}
    Forwarded URL = null
   Redirected URL = null
          Cookies = []

MockHttpServletRequest:
      HTTP Method = POST
      Request URI = /api/recruiter/jobs
       Parameters = {}
          Headers = [Content-Type:"application/json;charset=UTF-8", Authorization:"Bearer eyJhbGciOiJIUzI1NiJ9.eyJzdWIiOiJyZWNydWl0ZXJAdGVzdC5jb20iLCJpYXQiOjE3NzE3ODkwNDgsImV4cCI6MTc3MTg3NTQ0OH0.wIQwvIBLeOyWreAfHlPowIq2C3T-HrbAGUpZXOroZwY", Content-Length:"104"]
             Body = {"title":"Lyon CDD","description":"Desc","company":"C2","location":"Lyon","jobType":"CDD","duration":6}

    Session Attrs = {}

Handler:
             Type = com.fij.controllers.RecruiterController
           Method = com.fij.controllers.RecruiterController#createJob(JobRequest)

Async:
    Async started = false
     Async result = null

Resolved Exception:
             Type = null

ModelAndView:
        View name = null
             View = null
            Model = null

FlashMap:
       Attributes = null

MockHttpServletResponse:
           Status = 200
    Error message = null
          Headers = [Vary:"Origin", "Access-Control-Request-Method", "Access-Control-Request-Headers", Content-Type:"application/json", X-Content-Type-Options:"nosniff", X-XSS-Protection:"0", Cache-Control:"no-cache, no-store, max-age=0, must-revalidate", Pragma:"no-cache", Expires:"0", X-Frame-Options:"DENY"]
     Content type = application/json
             Body = {"id":2,"title":"Lyon CDD","description":"Desc","company":"C2","location":"Lyon","salaryMin":null,"salaryMax":null,"jobType":"CDD","workSchedule":null,"remotePolicy":null,"duration":6,"active":true,"createdAt":"2026-02-22T20:37:28.833507335","expiresAt":null}
    Forwarded URL = null
   Redirected URL = null
          Cookies = []

MockHttpServletRequest:
      HTTP Method = GET
      Request URI = /api/jobs
       Parameters = {location=[Paris]}
          Headers = []
             Body = null
    Session Attrs = {}

Handler:
             Type = null

Async:
    Async started = false
     Async result = null

Resolved Exception:
             Type = null

ModelAndView:
        View name = null
             View = null
            Model = null

FlashMap:
       Attributes = null

MockHttpServletResponse:
           Status = 403
    Error message = Access Denied
          Headers = [Vary:"Origin", "Access-Control-Request-Method", "Access-Control-Request-Headers", X-Content-Type-Options:"nosniff", X-XSS-Protection:"0", Cache-Control:"no-cache, no-store, max-age=0, must-revalidate", Pragma:"no-cache", Expires:"0", X-Frame-Options:"DENY"]
     Content type = null
             Body = 
    Forwarded URL = null
   Redirected URL = null
          Cookies = []
]]></system-out>
  </testcase>
  <testcase name="fullFlow_CreateJob_SearchJob_Apply" classname="com.fij.Phase3IntegrationTest" time="0.444">
    <failure message="Status expected:&lt;200&gt; but was:&lt;403&gt;" type="java.lang.AssertionError"><![CDATA[java.lang.AssertionError: Status expected:<200> but was:<403>
	at org.springframework.test.util.AssertionErrors.fail(AssertionErrors.java:59)
	at org.springframework.test.util.AssertionErrors.assertEquals(AssertionErrors.java:122)
	at org.springframework.test.web.servlet.result.StatusResultMatchers.lambda$matcher$9(StatusResultMatchers.java:637)
	at org.springframework.test.web.servlet.MockMvc$1.andExpect(MockMvc.java:214)
	at com.fij.Phase3IntegrationTest.fullFlow_CreateJob_SearchJob_Apply(Phase3IntegrationTest.java:88)
	at java.base/java.lang.reflect.Method.invoke(Method.java:569)
	at java.base/java.util.ArrayList.forEach(ArrayList.java:1511)
	at java.base/java.util.ArrayList.forEach(ArrayList.java:1511)
]]></failure>
    <system-out><![CDATA[Hibernate: select a1_0.id,a1_0.applied_at,a1_0.candidate_id,a1_0.cover_letter,a1_0.job_id,a1_0.status from applications a1_0
Hibernate: select j1_0.id,j1_0.active,j1_0.company,j1_0.created_at,j1_0.description,j1_0.duration,j1_0.expires_at,j1_0.job_type,j1_0.location,j1_0.recruiter_id,j1_0.remote_policy,j1_0.salary_max,j1_0.salary_min,j1_0.title,j1_0.work_schedule from jobs j1_0
Hibernate: select u1_0.id,u1_0.email,u1_0.first_name,u1_0.last_name,u1_0.location,u1_0.password,u1_0.phone from users u1_0
Hibernate: select u1_0.id,u1_0.email,u1_0.first_name,u1_0.last_name,u1_0.location,u1_0.password,u1_0.phone from users u1_0 where u1_0.email=?
Hibernate: insert into users (email,first_name,last_name,location,password,phone,id) values (?,?,?,?,?,?,default)
Hibernate: select u1_0.id,u1_0.email,u1_0.first_name,u1_0.last_name,u1_0.location,u1_0.password,u1_0.phone from users u1_0 where u1_0.email=?
Hibernate: insert into users (email,first_name,last_name,location,password,phone,id) values (?,?,?,?,?,?,default)
Hibernate: select u1_0.id,u1_0.email,u1_0.first_name,u1_0.last_name,u1_0.location,u1_0.password,u1_0.phone from users u1_0 where u1_0.email=?
Hibernate: select u1_0.id,u1_0.email,u1_0.first_name,u1_0.last_name,u1_0.location,u1_0.password,u1_0.phone from users u1_0 where u1_0.email=?
Hibernate: select u1_0.id,u1_0.email,u1_0.first_name,u1_0.last_name,u1_0.location,u1_0.password,u1_0.phone from users u1_0 where u1_0.email=?
Hibernate: select u1_0.id,u1_0.email,u1_0.first_name,u1_0.last_name,u1_0.location,u1_0.password,u1_0.phone from users u1_0 where u1_0.email=?
Hibernate: select u1_0.id,u1_0.email,u1_0.first_name,u1_0.last_name,u1_0.location,u1_0.password,u1_0.phone from users u1_0 where u1_0.email=?
Hibernate: select u1_0.id,u1_0.email,u1_0.first_name,u1_0.last_name,u1_0.location,u1_0.password,u1_0.phone from users u1_0 where u1_0.email=?
Hibernate: insert into jobs (active,company,created_at,description,duration,expires_at,job_type,location,recruiter_id,remote_policy,salary_max,salary_min,title,work_schedule,id) values (?,?,?,?,?,?,?,?,?,?,?,?,?,?,default)

MockHttpServletRequest:
      HTTP Method = POST
      Request URI = /api/auth/register
       Parameters = {}
          Headers = [Content-Type:"application/json;charset=UTF-8", Content-Length:"119"]
             Body = {"email":"recruiter@test.com","password":"password123","firstName":"John","lastName":"Doe","roles":["ROLE_RECRUITER"]}

    Session Attrs = {}

Handler:
             Type = com.fij.controllers.AuthController
           Method = com.fij.controllers.AuthController#register(RegisterRequest)

Async:
    Async started = false
     Async result = null

Resolved Exception:
             Type = null

ModelAndView:
        View name = null
             View = null
            Model = null

FlashMap:
       Attributes = null

MockHttpServletResponse:
           Status = 200
    Error message = null
          Headers = [Vary:"Origin", "Access-Control-Request-Method", "Access-Control-Request-Headers", Content-Type:"application/json", X-Content-Type-Options:"nosniff", X-XSS-Protection:"0", Cache-Control:"no-cache, no-store, max-age=0, must-revalidate", Pragma:"no-cache", Expires:"0", X-Frame-Options:"DENY"]
     Content type = application/json
             Body = {"id":10,"email":"recruiter@test.com","firstName":"John","lastName":"Doe","phone":null,"location":null,"roles":["ROLE_RECRUITER"],"token":"eyJhbGciOiJIUzI1NiJ9.eyJzdWIiOiJyZWNydWl0ZXJAdGVzdC5jb20iLCJpYXQiOjE3NzE3ODkwNDgsImV4cCI6MTc3MTg3NTQ0OH0.wIQwvIBLeOyWreAfHlPowIq2C3T-HrbAGUpZXOroZwY"}
    Forwarded URL = null
   Redirected URL = null
          Cookies = []

MockHttpServletRequest:
      HTTP Method = POST
      Request URI = /api/auth/register
       Parameters = {}
          Headers = [Content-Type:"application/json;charset=UTF-8", Content-Length:"121"]
             Body = {"email":"candidate@test.com","password":"password123","firstName":"Jane","lastName":"Smith","roles":["ROLE_CANDIDATE"]}

    Session Attrs = {}

Handler:
             Type = com.fij.controllers.AuthController
           Method = com.fij.controllers.AuthController#register(RegisterRequest)

Async:
    Async started = false
     Async result = null

Resolved Exception:
             Type = null

ModelAndView:
        View name = null
             View = null
            Model = null

FlashMap:
       Attributes = null

MockHttpServletResponse:
           Status = 200
    Error message = null
          Headers = [Vary:"Origin", "Access-Control-Request-Method", "Access-Control-Request-Headers", Content-Type:"application/json", X-Content-Type-Options:"nosniff", X-XSS-Protection:"0", Cache-Control:"no-cache, no-store, max-age=0, must-revalidate", Pragma:"no-cache", Expires:"0", X-Frame-Options:"DENY"]
     Content type = application/json
             Body = {"id":11,"email":"candidate@test.com","firstName":"Jane","lastName":"Smith","phone":null,"location":null,"roles":["ROLE_CANDIDATE"],"token":"eyJhbGciOiJIUzI1NiJ9.eyJzdWIiOiJjYW5kaWRhdGVAdGVzdC5jb20iLCJpYXQiOjE3NzE3ODkwNDksImV4cCI6MTc3MTg3NTQ0OX0.m5vLX4qeSj5wHPmeUZPoUf0UWECnVdv2Fc3ARxJ-x4s"}
    Forwarded URL = null
   Redirected URL = null
          Cookies = []

MockHttpServletRequest:
      HTTP Method = POST
      Request URI = /api/auth/login
       Parameters = {}
          Headers = [Content-Type:"application/json;charset=UTF-8", Content-Length:"56"]
             Body = {"email":"recruiter@test.com","password":"password123"}

    Session Attrs = {}

Handler:
             Type = com.fij.controllers.AuthController
           Method = com.fij.controllers.AuthController#login(LoginRequest)

Async:
    Async started = false
     Async result = null

Resolved Exception:
             Type = null

ModelAndView:
        View name = null
             View = null
            Model = null

FlashMap:
       Attributes = null

MockHttpServletResponse:
           Status = 200
    Error message = null
          Headers = [Vary:"Origin", "Access-Control-Request-Method", "Access-Control-Request-Headers", Content-Type:"application/json", X-Content-Type-Options:"nosniff", X-XSS-Protection:"0", Cache-Control:"no-cache, no-store, max-age=0, must-revalidate", Pragma:"no-cache", Expires:"0", X-Frame-Options:"DENY"]
     Content type = application/json
             Body = {"id":10,"email":"recruiter@test.com","firstName":"John","lastName":"Doe","phone":null,"location":null,"roles":["ROLE_RECRUITER"],"token":"eyJhbGciOiJIUzI1NiJ9.eyJzdWIiOiJyZWNydWl0ZXJAdGVzdC5jb20iLCJpYXQiOjE3NzE3ODkwNDksImV4cCI6MTc3MTg3NTQ0OX0.6HBOefHOL40FWiks4JqDOh4NgS2KRuNYQWoJcYp_IOI"}
    Forwarded URL = null
   Redirected URL = null
          Cookies = []

MockHttpServletRequest:
      HTTP Method = POST
      Request URI = /api/auth/login
       Parameters = {}
          Headers = [Content-Type:"application/json;charset=UTF-8", Content-Length:"56"]
             Body = {"email":"candidate@test.com","password":"password123"}

    Session Attrs = {}

Handler:
             Type = com.fij.controllers.AuthController
           Method = com.fij.controllers.AuthController#login(LoginRequest)

Async:
    Async started = false
     Async result = null

Resolved Exception:
             Type = null

ModelAndView:
        View name = null
             View = null
            Model = null

FlashMap:
       Attributes = null

MockHttpServletResponse:
           Status = 200
    Error message = null
          Headers = [Vary:"Origin", "Access-Control-Request-Method", "Access-Control-Request-Headers", Content-Type:"application/json", X-Content-Type-Options:"nosniff", X-XSS-Protection:"0", Cache-Control:"no-cache, no-store, max-age=0, must-revalidate", Pragma:"no-cache", Expires:"0", X-Frame-Options:"DENY"]
     Content type = application/json
             Body = {"id":11,"email":"candidate@test.com","firstName":"Jane","lastName":"Smith","phone":null,"location":null,"roles":["ROLE_CANDIDATE"],"token":"eyJhbGciOiJIUzI1NiJ9.eyJzdWIiOiJjYW5kaWRhdGVAdGVzdC5jb20iLCJpYXQiOjE3NzE3ODkwNDksImV4cCI6MTc3MTg3NTQ0OX0.m5vLX4qeSj5wHPmeUZPoUf0UWECnVdv2Fc3ARxJ-x4s"}
    Forwarded URL = null
   Redirected URL = null
          Cookies = []

MockHttpServletRequest:
      HTTP Method = POST
      Request URI = /api/recruiter/jobs
       Parameters = {}
          Headers = [Content-Type:"application/json;charset=UTF-8", Authorization:"Bearer eyJhbGciOiJIUzI1NiJ9.eyJzdWIiOiJyZWNydWl0ZXJAdGVzdC5jb20iLCJpYXQiOjE3NzE3ODkwNDksImV4cCI6MTc3MTg3NTQ0OX0.6HBOefHOL40FWiks4JqDOh4NgS2KRuNYQWoJcYp_IOI", Content-Length:"218"]
             Body = {"title":"Java Developer","description":"Backend developer","company":"TechCorp","location":"Paris","salaryMin":50000,"salaryMax":80000,"jobType":"CDI","workSchedule":"Full-time","remotePolicy":"Hybrid","duration":12}

    Session Attrs = {}

Handler:
             Type = com.fij.controllers.RecruiterController
           Method = com.fij.controllers.RecruiterController#createJob(JobRequest)

Async:
    Async started = false
     Async result = null

Resolved Exception:
             Type = null

ModelAndView:
        View name = null
             View = null
            Model = null

FlashMap:
       Attributes = null

MockHttpServletResponse:
           Status = 200
    Error message = null
          Headers = [Vary:"Origin", "Access-Control-Request-Method", "Access-Control-Request-Headers", Content-Type:"application/json", X-Content-Type-Options:"nosniff", X-XSS-Protection:"0", Cache-Control:"no-cache, no-store, max-age=0, must-revalidate", Pragma:"no-cache", Expires:"0", X-Frame-Options:"DENY"]
     Content type = application/json
             Body = {"id":3,"title":"Java Developer","description":"Backend developer","company":"TechCorp","location":"Paris","salaryMin":50000,"salaryMax":80000,"jobType":"CDI","workSchedule":"Full-time","remotePolicy":"Hybrid","duration":12,"active":true,"createdAt":"2026-02-22T20:37:29.286490815","expiresAt":null}
    Forwarded URL = null
   Redirected URL = null
          Cookies = []

MockHttpServletRequest:
      HTTP Method = GET
      Request URI = /api/jobs
       Parameters = {location=[Paris], jobType=[CDI]}
          Headers = []
             Body = null
    Session Attrs = {}

Handler:
             Type = null

Async:
    Async started = false
     Async result = null

Resolved Exception:
             Type = null

ModelAndView:
        View name = null
             View = null
            Model = null

FlashMap:
       Attributes = null

MockHttpServletResponse:
           Status = 403
    Error message = Access Denied
          Headers = [Vary:"Origin", "Access-Control-Request-Method", "Access-Control-Request-Headers", X-Content-Type-Options:"nosniff", X-XSS-Protection:"0", Cache-Control:"no-cache, no-store, max-age=0, must-revalidate", Pragma:"no-cache", Expires:"0", X-Frame-Options:"DENY"]
     Content type = null
             Body = 
    Forwarded URL = null
   Redirected URL = null
          Cookies = []
]]></system-out>
  </testcase>
  <testcase name="withdrawApplication" classname="com.fij.Phase3IntegrationTest" time="0.465">
    <failure message="Status expected:&lt;200&gt; but was:&lt;400&gt;" type="java.lang.AssertionError"><![CDATA[java.lang.AssertionError: Status expected:<200> but was:<400>
	at org.springframework.test.util.AssertionErrors.fail(AssertionErrors.java:59)
	at org.springframework.test.util.AssertionErrors.assertEquals(AssertionErrors.java:122)
	at org.springframework.test.web.servlet.result.StatusResultMatchers.lambda$matcher$9(StatusResultMatchers.java:637)
	at org.springframework.test.web.servlet.MockMvc$1.andExpect(MockMvc.java:214)
	at com.fij.Phase3IntegrationTest.withdrawApplication(Phase3IntegrationTest.java:268)
	at java.base/java.lang.reflect.Method.invoke(Method.java:569)
	at java.base/java.util.ArrayList.forEach(ArrayList.java:1511)
	at java.base/java.util.ArrayList.forEach(ArrayList.java:1511)
]]></failure>
    <system-out><![CDATA[Hibernate: select a1_0.id,a1_0.applied_at,a1_0.candidate_id,a1_0.cover_letter,a1_0.job_id,a1_0.status from applications a1_0
Hibernate: select j1_0.id,j1_0.active,j1_0.company,j1_0.created_at,j1_0.description,j1_0.duration,j1_0.expires_at,j1_0.job_type,j1_0.location,j1_0.recruiter_id,j1_0.remote_policy,j1_0.salary_max,j1_0.salary_min,j1_0.title,j1_0.work_schedule from jobs j1_0
Hibernate: select u1_0.id,u1_0.email,u1_0.first_name,u1_0.last_name,u1_0.location,u1_0.password,u1_0.phone from users u1_0
Hibernate: select u1_0.id,u1_0.email,u1_0.first_name,u1_0.last_name,u1_0.location,u1_0.password,u1_0.phone from users u1_0 where u1_0.email=?
Hibernate: insert into users (email,first_name,last_name,location,password,phone,id) values (?,?,?,?,?,?,default)
Hibernate: select u1_0.id,u1_0.email,u1_0.first_name,u1_0.last_name,u1_0.location,u1_0.password,u1_0.phone from users u1_0 where u1_0.email=?
Hibernate: insert into users (email,first_name,last_name,location,password,phone,id) values (?,?,?,?,?,?,default)
Hibernate: select u1_0.id,u1_0.email,u1_0.first_name,u1_0.last_name,u1_0.location,u1_0.password,u1_0.phone from users u1_0 where u1_0.email=?
Hibernate: select u1_0.id,u1_0.email,u1_0.first_name,u1_0.last_name,u1_0.location,u1_0.password,u1_0.phone from users u1_0 where u1_0.email=?
Hibernate: select u1_0.id,u1_0.email,u1_0.first_name,u1_0.last_name,u1_0.location,u1_0.password,u1_0.phone from users u1_0 where u1_0.email=?
Hibernate: select u1_0.id,u1_0.email,u1_0.first_name,u1_0.last_name,u1_0.location,u1_0.password,u1_0.phone from users u1_0 where u1_0.email=?
Hibernate: select u1_0.id,u1_0.email,u1_0.first_name,u1_0.last_name,u1_0.location,u1_0.password,u1_0.phone from users u1_0 where u1_0.email=?
Hibernate: select u1_0.id,u1_0.email,u1_0.first_name,u1_0.last_name,u1_0.location,u1_0.password,u1_0.phone from users u1_0 where u1_0.email=?
Hibernate: insert into jobs (active,company,created_at,description,duration,expires_at,job_type,location,recruiter_id,remote_policy,salary_max,salary_min,title,work_schedule,id) values (?,?,?,?,?,?,?,?,?,?,?,?,?,?,default)
Hibernate: select u1_0.id,u1_0.email,u1_0.first_name,u1_0.last_name,u1_0.location,u1_0.password,u1_0.phone from users u1_0 where u1_0.email=?
Hibernate: select u1_0.id,u1_0.email,u1_0.first_name,u1_0.last_name,u1_0.location,u1_0.password,u1_0.phone from users u1_0 where u1_0.email=?
Hibernate: select j1_0.id,j1_0.active,j1_0.company,j1_0.created_at,j1_0.description,j1_0.duration,j1_0.expires_at,j1_0.job_type,j1_0.location,j1_0.recruiter_id,j1_0.remote_policy,j1_0.salary_max,j1_0.salary_min,j1_0.title,j1_0.work_schedule from jobs j1_0 where j1_0.id=?

MockHttpServletRequest:
      HTTP Method = POST
      Request URI = /api/auth/register
       Parameters = {}
          Headers = [Content-Type:"application/json;charset=UTF-8", Content-Length:"119"]
             Body = {"email":"recruiter@test.com","password":"password123","firstName":"John","lastName":"Doe","roles":["ROLE_RECRUITER"]}

    Session Attrs = {}

Handler:
             Type = com.fij.controllers.AuthController
           Method = com.fij.controllers.AuthController#register(RegisterRequest)

Async:
    Async started = false
     Async result = null

Resolved Exception:
             Type = null

ModelAndView:
        View name = null
             View = null
            Model = null

FlashMap:
       Attributes = null

MockHttpServletResponse:
           Status = 200
    Error message = null
          Headers = [Vary:"Origin", "Access-Control-Request-Method", "Access-Control-Request-Headers", Content-Type:"application/json", X-Content-Type-Options:"nosniff", X-XSS-Protection:"0", Cache-Control:"no-cache, no-store, max-age=0, must-revalidate", Pragma:"no-cache", Expires:"0", X-Frame-Options:"DENY"]
     Content type = application/json
             Body = {"id":12,"email":"recruiter@test.com","firstName":"John","lastName":"Doe","phone":null,"location":null,"roles":["ROLE_RECRUITER"],"token":"eyJhbGciOiJIUzI1NiJ9.eyJzdWIiOiJyZWNydWl0ZXJAdGVzdC5jb20iLCJpYXQiOjE3NzE3ODkwNDksImV4cCI6MTc3MTg3NTQ0OX0.6HBOefHOL40FWiks4JqDOh4NgS2KRuNYQWoJcYp_IOI"}
    Forwarded URL = null
   Redirected URL = null
          Cookies = []

MockHttpServletRequest:
      HTTP Method = POST
      Request URI = /api/auth/register
       Parameters = {}
          Headers = [Content-Type:"application/json;charset=UTF-8", Content-Length:"121"]
             Body = {"email":"candidate@test.com","password":"password123","firstName":"Jane","lastName":"Smith","roles":["ROLE_CANDIDATE"]}

    Session Attrs = {}

Handler:
             Type = com.fij.controllers.AuthController
           Method = com.fij.controllers.AuthController#register(RegisterRequest)

Async:
    Async started = false
     Async result = null

Resolved Exception:
             Type = null

ModelAndView:
        View name = null
             View = null
            Model = null

FlashMap:
       Attributes = null

MockHttpServletResponse:
           Status = 200
    Error message = null
          Headers = [Vary:"Origin", "Access-Control-Request-Method", "Access-Control-Request-Headers", Content-Type:"application/json", X-Content-Type-Options:"nosniff", X-XSS-Protection:"0", Cache-Control:"no-cache, no-store, max-age=0, must-revalidate", Pragma:"no-cache", Expires:"0", X-Frame-Options:"DENY"]
     Content type = application/json
             Body = {"id":13,"email":"candidate@test.com","firstName":"Jane","lastName":"Smith","phone":null,"location":null,"roles":["ROLE_CANDIDATE"],"token":"eyJhbGciOiJIUzI1NiJ9.eyJzdWIiOiJjYW5kaWRhdGVAdGVzdC5jb20iLCJpYXQiOjE3NzE3ODkwNDksImV4cCI6MTc3MTg3NTQ0OX0.m5vLX4qeSj5wHPmeUZPoUf0UWECnVdv2Fc3ARxJ-x4s"}
    Forwarded URL = null
   Redirected URL = null
          Cookies = []

MockHttpServletRequest:
      HTTP Method = POST
      Request URI = /api/auth/login
       Parameters = {}
          Headers = [Content-Type:"application/json;charset=UTF-8", Content-Length:"56"]
             Body = {"email":"recruiter@test.com","password":"password123"}

    Session Attrs = {}

Handler:
             Type = com.fij.controllers.AuthController
           Method = com.fij.controllers.AuthController#login(LoginRequest)

Async:
    Async started = false
     Async result = null

Resolved Exception:
             Type = null

ModelAndView:
        View name = null
             View = null
            Model = null

FlashMap:
       Attributes = null

MockHttpServletResponse:
           Status = 200
    Error message = null
          Headers = [Vary:"Origin", "Access-Control-Request-Method", "Access-Control-Request-Headers", Content-Type:"application/json", X-Content-Type-Options:"nosniff", X-XSS-Protection:"0", Cache-Control:"no-cache, no-store, max-age=0, must-revalidate", Pragma:"no-cache", Expires:"0", X-Frame-Options:"DENY"]
     Content type = application/json
             Body = {"id":12,"email":"recruiter@test.com","firstName":"John","lastName":"Doe","phone":null,"location":null,"roles":["ROLE_RECRUITER"],"token":"eyJhbGciOiJIUzI1NiJ9.eyJzdWIiOiJyZWNydWl0ZXJAdGVzdC5jb20iLCJpYXQiOjE3NzE3ODkwNDksImV4cCI6MTc3MTg3NTQ0OX0.6HBOefHOL40FWiks4JqDOh4NgS2KRuNYQWoJcYp_IOI"}
    Forwarded URL = null
   Redirected URL = null
          Cookies = []

MockHttpServletRequest:
      HTTP Method = POST
      Request URI = /api/auth/login
       Parameters = {}
          Headers = [Content-Type:"application/json;charset=UTF-8", Content-Length:"56"]
             Body = {"email":"candidate@test.com","password":"password123"}

    Session Attrs = {}

Handler:
             Type = com.fij.controllers.AuthController
           Method = com.fij.controllers.AuthController#login(LoginRequest)

Async:
    Async started = false
     Async result = null

Resolved Exception:
             Type = null

ModelAndView:
        View name = null
             View = null
            Model = null

FlashMap:
       Attributes = null

MockHttpServletResponse:
           Status = 200
    Error message = null
          Headers = [Vary:"Origin", "Access-Control-Request-Method", "Access-Control-Request-Headers", Content-Type:"application/json", X-Content-Type-Options:"nosniff", X-XSS-Protection:"0", Cache-Control:"no-cache, no-store, max-age=0, must-revalidate", Pragma:"no-cache", Expires:"0", X-Frame-Options:"DENY"]
     Content type = application/json
             Body = {"id":13,"email":"candidate@test.com","firstName":"Jane","lastName":"Smith","phone":null,"location":null,"roles":["ROLE_CANDIDATE"],"token":"eyJhbGciOiJIUzI1NiJ9.eyJzdWIiOiJjYW5kaWRhdGVAdGVzdC5jb20iLCJpYXQiOjE3NzE3ODkwNDksImV4cCI6MTc3MTg3NTQ0OX0.m5vLX4qeSj5wHPmeUZPoUf0UWECnVdv2Fc3ARxJ-x4s"}
    Forwarded URL = null
   Redirected URL = null
          Cookies = []

MockHttpServletRequest:
      HTTP Method = POST
      Request URI = /api/recruiter/jobs
       Parameters = {}
          Headers = [Content-Type:"application/json;charset=UTF-8", Authorization:"Bearer eyJhbGciOiJIUzI1NiJ9.eyJzdWIiOiJyZWNydWl0ZXJAdGVzdC5jb20iLCJpYXQiOjE3NzE3ODkwNDksImV4cCI6MTc3MTg3NTQ0OX0.6HBOefHOL40FWiks4JqDOh4NgS2KRuNYQWoJcYp_IOI", Content-Length:"86"]
             Body = {"title":"Job","description":"Desc","company":"C","location":"Paris","jobType":"CDI"}

    Session Attrs = {}

Handler:
             Type = com.fij.controllers.RecruiterController
           Method = com.fij.controllers.RecruiterController#createJob(JobRequest)

Async:
    Async started = false
     Async result = null

Resolved Exception:
             Type = null

ModelAndView:
        View name = null
             View = null
            Model = null

FlashMap:
       Attributes = null

MockHttpServletResponse:
           Status = 200
    Error message = null
          Headers = [Vary:"Origin", "Access-Control-Request-Method", "Access-Control-Request-Headers", Content-Type:"application/json", X-Content-Type-Options:"nosniff", X-XSS-Protection:"0", Cache-Control:"no-cache, no-store, max-age=0, must-revalidate", Pragma:"no-cache", Expires:"0", X-Frame-Options:"DENY"]
     Content type = application/json
             Body = {"id":4,"title":"Job","description":"Desc","company":"C","location":"Paris","salaryMin":null,"salaryMax":null,"jobType":"CDI","workSchedule":null,"remotePolicy":null,"duration":null,"active":true,"createdAt":"2026-02-22T20:37:29.735524265","expiresAt":null}
    Forwarded URL = null
   Redirected URL = null
          Cookies = []

MockHttpServletRequest:
      HTTP Method = POST
      Request URI = /api/jobs/1/apply
       Parameters = {}
          Headers = [Content-Type:"application/json;charset=UTF-8", Authorization:"Bearer eyJhbGciOiJIUzI1NiJ9.eyJzdWIiOiJjYW5kaWRhdGVAdGVzdC5jb20iLCJpYXQiOjE3NzE3ODkwNDksImV4cCI6MTc3MTg3NTQ0OX0.m5vLX4qeSj5wHPmeUZPoUf0UWECnVdv2Fc3ARxJ-x4s", Content-Length:"24"]
             Body = {"coverLetter":"Letter"}
    Session Attrs = {}

Handler:
             Type = com.fij.controllers.JobController
           Method = com.fij.controllers.JobController#apply(Long, ApplicationRequest)

Async:
    Async started = false
     Async result = null

Resolved Exception:
             Type = java.lang.RuntimeException

ModelAndView:
        View name = null
             View = null
            Model = null

FlashMap:
       Attributes = null

MockHttpServletResponse:
           Status = 400
    Error message = null
          Headers = [Vary:"Origin", "Access-Control-Request-Method", "Access-Control-Request-Headers", Content-Type:"application/json", X-Content-Type-Options:"nosniff", X-XSS-Protection:"0", Cache-Control:"no-cache, no-store, max-age=0, must-revalidate", Pragma:"no-cache", Expires:"0", X-Frame-Options:"DENY"]
     Content type = application/json
             Body = {"type":"RuntimeException","error":"Job not found"}
    Forwarded URL = null
   Redirected URL = null
          Cookies = []
]]></system-out>
  </testcase>
  <testcase name="updateApplicationStatus" classname="com.fij.Phase3IntegrationTest" time="0.447">
    <failure message="Status expected:&lt;200&gt; but was:&lt;400&gt;" type="java.lang.AssertionError"><![CDATA[java.lang.AssertionError: Status expected:<200> but was:<400>
	at org.springframework.test.util.AssertionErrors.fail(AssertionErrors.java:59)
	at org.springframework.test.util.AssertionErrors.assertEquals(AssertionErrors.java:122)
	at org.springframework.test.web.servlet.result.StatusResultMatchers.lambda$matcher$9(StatusResultMatchers.java:637)
	at org.springframework.test.web.servlet.MockMvc$1.andExpect(MockMvc.java:214)
	at com.fij.Phase3IntegrationTest.updateApplicationStatus(Phase3IntegrationTest.java:226)
	at java.base/java.lang.reflect.Method.invoke(Method.java:569)
	at java.base/java.util.ArrayList.forEach(ArrayList.java:1511)
	at java.base/java.util.ArrayList.forEach(ArrayList.java:1511)
]]></failure>
    <system-out><![CDATA[Hibernate: select a1_0.id,a1_0.applied_at,a1_0.candidate_id,a1_0.cover_letter,a1_0.job_id,a1_0.status from applications a1_0
Hibernate: select j1_0.id,j1_0.active,j1_0.company,j1_0.created_at,j1_0.description,j1_0.duration,j1_0.expires_at,j1_0.job_type,j1_0.location,j1_0.recruiter_id,j1_0.remote_policy,j1_0.salary_max,j1_0.salary_min,j1_0.title,j1_0.work_schedule from jobs j1_0
Hibernate: select u1_0.id,u1_0.email,u1_0.first_name,u1_0.last_name,u1_0.location,u1_0.password,u1_0.phone from users u1_0
Hibernate: select u1_0.id,u1_0.email,u1_0.first_name,u1_0.last_name,u1_0.location,u1_0.password,u1_0.phone from users u1_0 where u1_0.email=?
Hibernate: insert into users (email,first_name,last_name,location,password,phone,id) values (?,?,?,?,?,?,default)
Hibernate: select u1_0.id,u1_0.email,u1_0.first_name,u1_0.last_name,u1_0.location,u1_0.password,u1_0.phone from users u1_0 where u1_0.email=?
Hibernate: insert into users (email,first_name,last_name,location,password,phone,id) values (?,?,?,?,?,?,default)
Hibernate: select u1_0.id,u1_0.email,u1_0.first_name,u1_0.last_name,u1_0.location,u1_0.password,u1_0.phone from users u1_0 where u1_0.email=?
Hibernate: select u1_0.id,u1_0.email,u1_0.first_name,u1_0.last_name,u1_0.location,u1_0.password,u1_0.phone from users u1_0 where u1_0.email=?
Hibernate: select u1_0.id,u1_0.email,u1_0.first_name,u1_0.last_name,u1_0.location,u1_0.password,u1_0.phone from users u1_0 where u1_0.email=?
Hibernate: select u1_0.id,u1_0.email,u1_0.first_name,u1_0.last_name,u1_0.location,u1_0.password,u1_0.phone from users u1_0 where u1_0.email=?
Hibernate: select u1_0.id,u1_0.email,u1_0.first_name,u1_0.last_name,u1_0.location,u1_0.password,u1_0.phone from users u1_0 where u1_0.email=?
Hibernate: select u1_0.id,u1_0.email,u1_0.first_name,u1_0.last_name,u1_0.location,u1_0.password,u1_0.phone from users u1_0 where u1_0.email=?
Hibernate: insert into jobs (active,company,created_at,description,duration,expires_at,job_type,location,recruiter_id,remote_policy,salary_max,salary_min,title,work_schedule,id) values (?,?,?,?,?,?,?,?,?,?,?,?,?,?,default)
Hibernate: select u1_0.id,u1_0.email,u1_0.first_name,u1_0.last_name,u1_0.location,u1_0.password,u1_0.phone from users u1_0 where u1_0.email=?
Hibernate: select u1_0.id,u1_0.email,u1_0.first_name,u1_0.last_name,u1_0.location,u1_0.password,u1_0.phone from users u1_0 where u1_0.email=?
Hibernate: select j1_0.id,j1_0.active,j1_0.company,j1_0.created_at,j1_0.description,j1_0.duration,j1_0.expires_at,j1_0.job_type,j1_0.location,j1_0.recruiter_id,j1_0.remote_policy,j1_0.salary_max,j1_0.salary_min,j1_0.title,j1_0.work_schedule from jobs j1_0 where j1_0.id=?

MockHttpServletRequest:
      HTTP Method = POST
      Request URI = /api/auth/register
       Parameters = {}
          Headers = [Content-Type:"application/json;charset=UTF-8", Content-Length:"119"]
             Body = {"email":"recruiter@test.com","password":"password123","firstName":"John","lastName":"Doe","roles":["ROLE_RECRUITER"]}

    Session Attrs = {}

Handler:
             Type = com.fij.controllers.AuthController
           Method = com.fij.controllers.AuthController#register(RegisterRequest)

Async:
    Async started = false
     Async result = null

Resolved Exception:
             Type = null

ModelAndView:
        View name = null
             View = null
            Model = null

FlashMap:
       Attributes = null

MockHttpServletResponse:
           Status = 200
    Error message = null
          Headers = [Vary:"Origin", "Access-Control-Request-Method", "Access-Control-Request-Headers", Content-Type:"application/json", X-Content-Type-Options:"nosniff", X-XSS-Protection:"0", Cache-Control:"no-cache, no-store, max-age=0, must-revalidate", Pragma:"no-cache", Expires:"0", X-Frame-Options:"DENY"]
     Content type = application/json
             Body = {"id":14,"email":"recruiter@test.com","firstName":"John","lastName":"Doe","phone":null,"location":null,"roles":["ROLE_RECRUITER"],"token":"eyJhbGciOiJIUzI1NiJ9.eyJzdWIiOiJyZWNydWl0ZXJAdGVzdC5jb20iLCJpYXQiOjE3NzE3ODkwNDksImV4cCI6MTc3MTg3NTQ0OX0.6HBOefHOL40FWiks4JqDOh4NgS2KRuNYQWoJcYp_IOI"}
    Forwarded URL = null
   Redirected URL = null
          Cookies = []

MockHttpServletRequest:
      HTTP Method = POST
      Request URI = /api/auth/register
       Parameters = {}
          Headers = [Content-Type:"application/json;charset=UTF-8", Content-Length:"121"]
             Body = {"email":"candidate@test.com","password":"password123","firstName":"Jane","lastName":"Smith","roles":["ROLE_CANDIDATE"]}

    Session Attrs = {}

Handler:
             Type = com.fij.controllers.AuthController
           Method = com.fij.controllers.AuthController#register(RegisterRequest)

Async:
    Async started = false
     Async result = null

Resolved Exception:
             Type = null

ModelAndView:
        View name = null
             View = null
            Model = null

FlashMap:
       Attributes = null

MockHttpServletResponse:
           Status = 200
    Error message = null
          Headers = [Vary:"Origin", "Access-Control-Request-Method", "Access-Control-Request-Headers", Content-Type:"application/json", X-Content-Type-Options:"nosniff", X-XSS-Protection:"0", Cache-Control:"no-cache, no-store, max-age=0, must-revalidate", Pragma:"no-cache", Expires:"0", X-Frame-Options:"DENY"]
     Content type = application/json
             Body = {"id":15,"email":"candidate@test.com","firstName":"Jane","lastName":"Smith","phone":null,"location":null,"roles":["ROLE_CANDIDATE"],"token":"eyJhbGciOiJIUzI1NiJ9.eyJzdWIiOiJjYW5kaWRhdGVAdGVzdC5jb20iLCJpYXQiOjE3NzE3ODkwNDksImV4cCI6MTc3MTg3NTQ0OX0.m5vLX4qeSj5wHPmeUZPoUf0UWECnVdv2Fc3ARxJ-x4s"}
    Forwarded URL = null
   Redirected URL = null
          Cookies = []

MockHttpServletRequest:
      HTTP Method = POST
      Request URI = /api/auth/login
       Parameters = {}
          Headers = [Content-Type:"application/json;charset=UTF-8", Content-Length:"56"]
             Body = {"email":"recruiter@test.com","password":"password123"}

    Session Attrs = {}

Handler:
             Type = com.fij.controllers.AuthController
           Method = com.fij.controllers.AuthController#login(LoginRequest)

Async:
    Async started = false
     Async result = null

Resolved Exception:
             Type = null

ModelAndView:
        View name = null
             View = null
            Model = null

FlashMap:
       Attributes = null

MockHttpServletResponse:
           Status = 200
    Error message = null
          Headers = [Vary:"Origin", "Access-Control-Request-Method", "Access-Control-Request-Headers", Content-Type:"application/json", X-Content-Type-Options:"nosniff", X-XSS-Protection:"0", Cache-Control:"no-cache, no-store, max-age=0, must-revalidate", Pragma:"no-cache", Expires:"0", X-Frame-Options:"DENY"]
     Content type = application/json
             Body = {"id":14,"email":"recruiter@test.com","firstName":"John","lastName":"Doe","phone":null,"location":null,"roles":["ROLE_RECRUITER"],"token":"eyJhbGciOiJIUzI1NiJ9.eyJzdWIiOiJyZWNydWl0ZXJAdGVzdC5jb20iLCJpYXQiOjE3NzE3ODkwNTAsImV4cCI6MTc3MTg3NTQ1MH0.OvB_C9KRR2_9LuZbNYcXdyOBFc0y2xTTigBNJQhm4Go"}
    Forwarded URL = null
   Redirected URL = null
          Cookies = []

MockHttpServletRequest:
      HTTP Method = POST
      Request URI = /api/auth/login
       Parameters = {}
          Headers = [Content-Type:"application/json;charset=UTF-8", Content-Length:"56"]
             Body = {"email":"candidate@test.com","password":"password123"}

    Session Attrs = {}

Handler:
             Type = com.fij.controllers.AuthController
           Method = com.fij.controllers.AuthController#login(LoginRequest)

Async:
    Async started = false
     Async result = null

Resolved Exception:
             Type = null

ModelAndView:
        View name = null
             View = null
            Model = null

FlashMap:
       Attributes = null

MockHttpServletResponse:
           Status = 200
    Error message = null
          Headers = [Vary:"Origin", "Access-Control-Request-Method", "Access-Control-Request-Headers", Content-Type:"application/json", X-Content-Type-Options:"nosniff", X-XSS-Protection:"0", Cache-Control:"no-cache, no-store, max-age=0, must-revalidate", Pragma:"no-cache", Expires:"0", X-Frame-Options:"DENY"]
     Content type = application/json
             Body = {"id":15,"email":"candidate@test.com","firstName":"Jane","lastName":"Smith","phone":null,"location":null,"roles":["ROLE_CANDIDATE"],"token":"eyJhbGciOiJIUzI1NiJ9.eyJzdWIiOiJjYW5kaWRhdGVAdGVzdC5jb20iLCJpYXQiOjE3NzE3ODkwNTAsImV4cCI6MTc3MTg3NTQ1MH0.FeNAS7DM2vaqONP9Xr_2yp2wQ71hS9bvpK7hyMbnWw4"}
    Forwarded URL = null
   Redirected URL = null
          Cookies = []

MockHttpServletRequest:
      HTTP Method = POST
      Request URI = /api/recruiter/jobs
       Parameters = {}
          Headers = [Content-Type:"application/json;charset=UTF-8", Authorization:"Bearer eyJhbGciOiJIUzI1NiJ9.eyJzdWIiOiJyZWNydWl0ZXJAdGVzdC5jb20iLCJpYXQiOjE3NzE3ODkwNTAsImV4cCI6MTc3MTg3NTQ1MH0.OvB_C9KRR2_9LuZbNYcXdyOBFc0y2xTTigBNJQhm4Go", Content-Length:"86"]
             Body = {"title":"Job","description":"Desc","company":"C","location":"Paris","jobType":"CDI"}

    Session Attrs = {}

Handler:
             Type = com.fij.controllers.RecruiterController
           Method = com.fij.controllers.RecruiterController#createJob(JobRequest)

Async:
    Async started = false
     Async result = null

Resolved Exception:
             Type = null

ModelAndView:
        View name = null
             View = null
            Model = null

FlashMap:
       Attributes = null

MockHttpServletResponse:
           Status = 200
    Error message = null
          Headers = [Vary:"Origin", "Access-Control-Request-Method", "Access-Control-Request-Headers", Content-Type:"application/json", X-Content-Type-Options:"nosniff", X-XSS-Protection:"0", Cache-Control:"no-cache, no-store, max-age=0, must-revalidate", Pragma:"no-cache", Expires:"0", X-Frame-Options:"DENY"]
     Content type = application/json
             Body = {"id":5,"title":"Job","description":"Desc","company":"C","location":"Paris","salaryMin":null,"salaryMax":null,"jobType":"CDI","workSchedule":null,"remotePolicy":null,"duration":null,"active":true,"createdAt":"2026-02-22T20:37:30.198604283","expiresAt":null}
    Forwarded URL = null
   Redirected URL = null
          Cookies = []

MockHttpServletRequest:
      HTTP Method = POST
      Request URI = /api/jobs/1/apply
       Parameters = {}
          Headers = [Content-Type:"application/json;charset=UTF-8", Authorization:"Bearer eyJhbGciOiJIUzI1NiJ9.eyJzdWIiOiJjYW5kaWRhdGVAdGVzdC5jb20iLCJpYXQiOjE3NzE3ODkwNTAsImV4cCI6MTc3MTg3NTQ1MH0.FeNAS7DM2vaqONP9Xr_2yp2wQ71hS9bvpK7hyMbnWw4", Content-Length:"24"]
             Body = {"coverLetter":"Letter"}
    Session Attrs = {}

Handler:
             Type = com.fij.controllers.JobController
           Method = com.fij.controllers.JobController#apply(Long, ApplicationRequest)

Async:
    Async started = false
     Async result = null

Resolved Exception:
             Type = java.lang.RuntimeException

ModelAndView:
        View name = null
             View = null
            Model = null

FlashMap:
       Attributes = null

MockHttpServletResponse:
           Status = 400
    Error message = null
          Headers = [Vary:"Origin", "Access-Control-Request-Method", "Access-Control-Request-Headers", Content-Type:"application/json", X-Content-Type-Options:"nosniff", X-XSS-Protection:"0", Cache-Control:"no-cache, no-store, max-age=0, must-revalidate", Pragma:"no-cache", Expires:"0", X-Frame-Options:"DENY"]
     Content type = application/json
             Body = {"type":"RuntimeException","error":"Job not found"}
    Forwarded URL = null
   Redirected URL = null
          Cookies = []
]]></system-out>
  </testcase>
  <testcase name="apply_DuplicateApplication_Rejected" classname="com.fij.Phase3IntegrationTest" time="0.445">
    <failure message="Status expected:&lt;200&gt; but was:&lt;400&gt;" type="java.lang.AssertionError"><![CDATA[java.lang.AssertionError: Status expected:<200> but was:<400>
	at org.springframework.test.util.AssertionErrors.fail(AssertionErrors.java:59)
	at org.springframework.test.util.AssertionErrors.assertEquals(AssertionErrors.java:122)
	at org.springframework.test.web.servlet.result.StatusResultMatchers.lambda$matcher$9(StatusResultMatchers.java:637)
	at org.springframework.test.web.servlet.MockMvc$1.andExpect(MockMvc.java:214)
	at com.fij.Phase3IntegrationTest.apply_DuplicateApplication_Rejected(Phase3IntegrationTest.java:184)
	at java.base/java.lang.reflect.Method.invoke(Method.java:569)
	at java.base/java.util.ArrayList.forEach(ArrayList.java:1511)
	at java.base/java.util.ArrayList.forEach(ArrayList.java:1511)
]]></failure>
    <system-out><![CDATA[Hibernate: select a1_0.id,a1_0.applied_at,a1_0.candidate_id,a1_0.cover_letter,a1_0.job_id,a1_0.status from applications a1_0
Hibernate: select j1_0.id,j1_0.active,j1_0.company,j1_0.created_at,j1_0.description,j1_0.duration,j1_0.expires_at,j1_0.job_type,j1_0.location,j1_0.recruiter_id,j1_0.remote_policy,j1_0.salary_max,j1_0.salary_min,j1_0.title,j1_0.work_schedule from jobs j1_0
Hibernate: select u1_0.id,u1_0.email,u1_0.first_name,u1_0.last_name,u1_0.location,u1_0.password,u1_0.phone from users u1_0
Hibernate: select u1_0.id,u1_0.email,u1_0.first_name,u1_0.last_name,u1_0.location,u1_0.password,u1_0.phone from users u1_0 where u1_0.email=?
Hibernate: insert into users (email,first_name,last_name,location,password,phone,id) values (?,?,?,?,?,?,default)
Hibernate: select u1_0.id,u1_0.email,u1_0.first_name,u1_0.last_name,u1_0.location,u1_0.password,u1_0.phone from users u1_0 where u1_0.email=?
Hibernate: insert into users (email,first_name,last_name,location,password,phone,id) values (?,?,?,?,?,?,default)
Hibernate: select u1_0.id,u1_0.email,u1_0.first_name,u1_0.last_name,u1_0.location,u1_0.password,u1_0.phone from users u1_0 where u1_0.email=?
Hibernate: select u1_0.id,u1_0.email,u1_0.first_name,u1_0.last_name,u1_0.location,u1_0.password,u1_0.phone from users u1_0 where u1_0.email=?
Hibernate: select u1_0.id,u1_0.email,u1_0.first_name,u1_0.last_name,u1_0.location,u1_0.password,u1_0.phone from users u1_0 where u1_0.email=?
Hibernate: select u1_0.id,u1_0.email,u1_0.first_name,u1_0.last_name,u1_0.location,u1_0.password,u1_0.phone from users u1_0 where u1_0.email=?
Hibernate: select u1_0.id,u1_0.email,u1_0.first_name,u1_0.last_name,u1_0.location,u1_0.password,u1_0.phone from users u1_0 where u1_0.email=?
Hibernate: select u1_0.id,u1_0.email,u1_0.first_name,u1_0.last_name,u1_0.location,u1_0.password,u1_0.phone from users u1_0 where u1_0.email=?
Hibernate: insert into jobs (active,company,created_at,description,duration,expires_at,job_type,location,recruiter_id,remote_policy,salary_max,salary_min,title,work_schedule,id) values (?,?,?,?,?,?,?,?,?,?,?,?,?,?,default)
Hibernate: select u1_0.id,u1_0.email,u1_0.first_name,u1_0.last_name,u1_0.location,u1_0.password,u1_0.phone from users u1_0 where u1_0.email=?
Hibernate: select u1_0.id,u1_0.email,u1_0.first_name,u1_0.last_name,u1_0.location,u1_0.password,u1_0.phone from users u1_0 where u1_0.email=?
Hibernate: select j1_0.id,j1_0.active,j1_0.company,j1_0.created_at,j1_0.description,j1_0.duration,j1_0.expires_at,j1_0.job_type,j1_0.location,j1_0.recruiter_id,j1_0.remote_policy,j1_0.salary_max,j1_0.salary_min,j1_0.title,j1_0.work_schedule from jobs j1_0 where j1_0.id=?

MockHttpServletRequest:
      HTTP Method = POST
      Request URI = /api/auth/register
       Parameters = {}
          Headers = [Content-Type:"application/json;charset=UTF-8", Content-Length:"119"]
             Body = {"email":"recruiter@test.com","password":"password123","firstName":"John","lastName":"Doe","roles":["ROLE_RECRUITER"]}

    Session Attrs = {}

Handler:
             Type = com.fij.controllers.AuthController
           Method = com.fij.controllers.AuthController#register(RegisterRequest)

Async:
    Async started = false
     Async result = null

Resolved Exception:
             Type = null

ModelAndView:
        View name = null
             View = null
            Model = null

FlashMap:
       Attributes = null

MockHttpServletResponse:
           Status = 200
    Error message = null
          Headers = [Vary:"Origin", "Access-Control-Request-Method", "Access-Control-Request-Headers", Content-Type:"application/json", X-Content-Type-Options:"nosniff", X-XSS-Protection:"0", Cache-Control:"no-cache, no-store, max-age=0, must-revalidate", Pragma:"no-cache", Expires:"0", X-Frame-Options:"DENY"]
     Content type = application/json
             Body = {"id":16,"email":"recruiter@test.com","firstName":"John","lastName":"Doe","phone":null,"location":null,"roles":["ROLE_RECRUITER"],"token":"eyJhbGciOiJIUzI1NiJ9.eyJzdWIiOiJyZWNydWl0ZXJAdGVzdC5jb20iLCJpYXQiOjE3NzE3ODkwNTAsImV4cCI6MTc3MTg3NTQ1MH0.OvB_C9KRR2_9LuZbNYcXdyOBFc0y2xTTigBNJQhm4Go"}
    Forwarded URL = null
   Redirected URL = null
          Cookies = []

MockHttpServletRequest:
      HTTP Method = POST
      Request URI = /api/auth/register
       Parameters = {}
          Headers = [Content-Type:"application/json;charset=UTF-8", Content-Length:"121"]
             Body = {"email":"candidate@test.com","password":"password123","firstName":"Jane","lastName":"Smith","roles":["ROLE_CANDIDATE"]}

    Session Attrs = {}

Handler:
             Type = com.fij.controllers.AuthController
           Method = com.fij.controllers.AuthController#register(RegisterRequest)

Async:
    Async started = false
     Async result = null

Resolved Exception:
             Type = null

ModelAndView:
        View name = null
             View = null
            Model = null

FlashMap:
       Attributes = null

MockHttpServletResponse:
           Status = 200
    Error message = null
          Headers = [Vary:"Origin", "Access-Control-Request-Method", "Access-Control-Request-Headers", Content-Type:"application/json", X-Content-Type-Options:"nosniff", X-XSS-Protection:"0", Cache-Control:"no-cache, no-store, max-age=0, must-revalidate", Pragma:"no-cache", Expires:"0", X-Frame-Options:"DENY"]
     Content type = application/json
             Body = {"id":17,"email":"candidate@test.com","firstName":"Jane","lastName":"Smith","phone":null,"location":null,"roles":["ROLE_CANDIDATE"],"token":"eyJhbGciOiJIUzI1NiJ9.eyJzdWIiOiJjYW5kaWRhdGVAdGVzdC5jb20iLCJpYXQiOjE3NzE3ODkwNTAsImV4cCI6MTc3MTg3NTQ1MH0.FeNAS7DM2vaqONP9Xr_2yp2wQ71hS9bvpK7hyMbnWw4"}
    Forwarded URL = null
   Redirected URL = null
          Cookies = []

MockHttpServletRequest:
      HTTP Method = POST
      Request URI = /api/auth/login
       Parameters = {}
          Headers = [Content-Type:"application/json;charset=UTF-8", Content-Length:"56"]
             Body = {"email":"recruiter@test.com","password":"password123"}

    Session Attrs = {}

Handler:
             Type = com.fij.controllers.AuthController
           Method = com.fij.controllers.AuthController#login(LoginRequest)

Async:
    Async started = false
     Async result = null

Resolved Exception:
             Type = null

ModelAndView:
        View name = null
             View = null
            Model = null

FlashMap:
       Attributes = null

MockHttpServletResponse:
           Status = 200
    Error message = null
          Headers = [Vary:"Origin", "Access-Control-Request-Method", "Access-Control-Request-Headers", Content-Type:"application/json", X-Content-Type-Options:"nosniff", X-XSS-Protection:"0", Cache-Control:"no-cache, no-store, max-age=0, must-revalidate", Pragma:"no-cache", Expires:"0", X-Frame-Options:"DENY"]
     Content type = application/json
             Body = {"id":16,"email":"recruiter@test.com","firstName":"John","lastName":"Doe","phone":null,"location":null,"roles":["ROLE_RECRUITER"],"token":"eyJhbGciOiJIUzI1NiJ9.eyJzdWIiOiJyZWNydWl0ZXJAdGVzdC5jb20iLCJpYXQiOjE3NzE3ODkwNTAsImV4cCI6MTc3MTg3NTQ1MH0.OvB_C9KRR2_9LuZbNYcXdyOBFc0y2xTTigBNJQhm4Go"}
    Forwarded URL = null
   Redirected URL = null
          Cookies = []

MockHttpServletRequest:
      HTTP Method = POST
      Request URI = /api/auth/login
       Parameters = {}
          Headers = [Content-Type:"application/json;charset=UTF-8", Content-Length:"56"]
             Body = {"email":"candidate@test.com","password":"password123"}

    Session Attrs = {}

Handler:
             Type = com.fij.controllers.AuthController
           Method = com.fij.controllers.AuthController#login(LoginRequest)

Async:
    Async started = false
     Async result = null

Resolved Exception:
             Type = null

ModelAndView:
        View name = null
             View = null
            Model = null

FlashMap:
       Attributes = null

MockHttpServletResponse:
           Status = 200
    Error message = null
          Headers = [Vary:"Origin", "Access-Control-Request-Method", "Access-Control-Request-Headers", Content-Type:"application/json", X-Content-Type-Options:"nosniff", X-XSS-Protection:"0", Cache-Control:"no-cache, no-store, max-age=0, must-revalidate", Pragma:"no-cache", Expires:"0", X-Frame-Options:"DENY"]
     Content type = application/json
             Body = {"id":17,"email":"candidate@test.com","firstName":"Jane","lastName":"Smith","phone":null,"location":null,"roles":["ROLE_CANDIDATE"],"token":"eyJhbGciOiJIUzI1NiJ9.eyJzdWIiOiJjYW5kaWRhdGVAdGVzdC5jb20iLCJpYXQiOjE3NzE3ODkwNTAsImV4cCI6MTc3MTg3NTQ1MH0.FeNAS7DM2vaqONP9Xr_2yp2wQ71hS9bvpK7hyMbnWw4"}
    Forwarded URL = null
   Redirected URL = null
          Cookies = []

MockHttpServletRequest:
      HTTP Method = POST
      Request URI = /api/recruiter/jobs
       Parameters = {}
          Headers = [Content-Type:"application/json;charset=UTF-8", Authorization:"Bearer eyJhbGciOiJIUzI1NiJ9.eyJzdWIiOiJyZWNydWl0ZXJAdGVzdC5jb20iLCJpYXQiOjE3NzE3ODkwNTAsImV4cCI6MTc3MTg3NTQ1MH0.OvB_C9KRR2_9LuZbNYcXdyOBFc0y2xTTigBNJQhm4Go", Content-Length:"86"]
             Body = {"title":"Job","description":"Desc","company":"C","location":"Paris","jobType":"CDI"}

    Session Attrs = {}

Handler:
             Type = com.fij.controllers.RecruiterController
           Method = com.fij.controllers.RecruiterController#createJob(JobRequest)

Async:
    Async started = false
     Async result = null

Resolved Exception:
             Type = null

ModelAndView:
        View name = null
             View = null
            Model = null

FlashMap:
       Attributes = null

MockHttpServletResponse:
           Status = 200
    Error message = null
          Headers = [Vary:"Origin", "Access-Control-Request-Method", "Access-Control-Request-Headers", Content-Type:"application/json", X-Content-Type-Options:"nosniff", X-XSS-Protection:"0", Cache-Control:"no-cache, no-store, max-age=0, must-revalidate", Pragma:"no-cache", Expires:"0", X-Frame-Options:"DENY"]
     Content type = application/json
             Body = {"id":6,"title":"Job","description":"Desc","company":"C","location":"Paris","salaryMin":null,"salaryMax":null,"jobType":"CDI","workSchedule":null,"remotePolicy":null,"duration":null,"active":true,"createdAt":"2026-02-22T20:37:30.644819187","expiresAt":null}
    Forwarded URL = null
   Redirected URL = null
          Cookies = []

MockHttpServletRequest:
      HTTP Method = POST
      Request URI = /api/jobs/1/apply
       Parameters = {}
          Headers = [Content-Type:"application/json;charset=UTF-8", Authorization:"Bearer eyJhbGciOiJIUzI1NiJ9.eyJzdWIiOiJjYW5kaWRhdGVAdGVzdC5jb20iLCJpYXQiOjE3NzE3ODkwNTAsImV4cCI6MTc3MTg3NTQ1MH0.FeNAS7DM2vaqONP9Xr_2yp2wQ71hS9bvpK7hyMbnWw4", Content-Length:"24"]
             Body = {"coverLetter":"Letter"}
    Session Attrs = {}

Handler:
             Type = com.fij.controllers.JobController
           Method = com.fij.controllers.JobController#apply(Long, ApplicationRequest)

Async:
    Async started = false
     Async result = null

Resolved Exception:
             Type = java.lang.RuntimeException

ModelAndView:
        View name = null
             View = null
            Model = null

FlashMap:
       Attributes = null

MockHttpServletResponse:
           Status = 400
    Error message = null
          Headers = [Vary:"Origin", "Access-Control-Request-Method", "Access-Control-Request-Headers", Content-Type:"application/json", X-Content-Type-Options:"nosniff", X-XSS-Protection:"0", Cache-Control:"no-cache, no-store, max-age=0, must-revalidate", Pragma:"no-cache", Expires:"0", X-Frame-Options:"DENY"]
     Content type = application/json
             Body = {"type":"RuntimeException","error":"Job not found"}
    Forwarded URL = null
   Redirected URL = null
          Cookies = []
]]></system-out>
  </testcase>
</testsuite>