<?xml version="1.0" encoding="UTF-8"?>
<testsuite xmlns:xsi="http://www.w3.org/2001/XMLSchema-instance" xsi:noNamespaceSchemaLocation="https://maven.apache.org/surefire/maven-surefire-plugin/xsd/surefire-test-report-3.0.xsd" version="3.0" name="com.fij.Phase1IntegrationTest" time="25.438" tests="8" errors="0" skipped="0" failures="0">
  <properties>
[...]
</properties>
  <testcase name="register_Success_ReturnsToken" classname="com.fij.Phase1IntegrationTest" time="3.314">
    <system-out><![CDATA[20:37:03.444 [main] INFO org.springframework.test.context.support.AnnotationConfigContextLoaderUtils -- Could not detect default configuration classes for test class [com.fij.Phase1IntegrationTest]: Phase1IntegrationTest does not declare any static, non-private, non-final, nested classes annotated with @Configuration.
20:37:03.746 [main] INFO org.springframework.boot.test.context.SpringBootTestContextBootstrapper -- Found @SpringBootConfiguration com.fij.FijApplication for test class com.fij.Phase1IntegrationTest

  .   ____          _            __ _ _
 /\\ / ___'_ __ _ _(_)_ __  __ _ \ \ \ \
( ( )\___ | '_ | '_| | '_ \/ _` | \ \ \ \
 \\/  ___)| |_)| | | | | || (_| |  ) ) ) )
  '  |____| .__|_| |_|_| |_\__, | / / / /
 =========|_|==============|___/=/_/_/_/
 :: Spring Boot ::                (v3.2.2)

2026-02-22T20:37:04.820+01:00  INFO 72965 --- [           main] com.fij.Phase1IntegrationTest            : Starting Phase1IntegrationTest using Java 17.0.18 with PID 72965 (started by rahl in /home/rahl/Projets/FIJ)
2026-02-22T20:37:04.822+01:00  INFO 72965 --- [           main] com.fij.Phase1IntegrationTest            : No active profile set, falling back to 1 default profile: "default"
2026-02-22T20:37:08.125+01:00  INFO 72965 --- [           main] .s.d.r.c.RepositoryConfigurationDelegate : Bootstrapping Spring Data JPA repositories in DEFAULT mode.
2026-02-22T20:37:08.374+01:00  INFO 72965 --- [           main] .s.d.r.c.RepositoryConfigurationDelegate : Finished Spring Data repository scanning in 234 ms. Found 13 JPA repository interfaces.
2026-02-22T20:37:10.417+01:00  INFO 72965 --- [           main] o.hibernate.jpa.internal.util.LogHelper  : HHH000204: Processing PersistenceUnitInfo [name: default]
2026-02-22T20:37:10.554+01:00  INFO 72965 --- [           main] org.hibernate.Version                    : HHH000412: Hibernate ORM core version 6.4.1.Final
2026-02-22T20:37:10.578+01:00  INFO 72965 --- [           main] o.h.spatial.integration.SpatialService   : HHH80000001: hibernate-spatial integration enabled : true
2026-02-22T20:37:10.636+01:00  INFO 72965 --- [           main] o.h.c.internal.RegionFactoryInitiator    : HHH000026: Second-level cache disabled
2026-02-22T20:37:11.071+01:00  INFO 72965 --- [           main] com.zaxxer.hikari.HikariDataSource       : HikariPool-1 - Starting...
2026-02-22T20:37:11.860+01:00  INFO 72965 --- [           main] com.zaxxer.hikari.pool.HikariPool        : HikariPool-1 - Added connection conn0: url=jdbc:h2:mem:testdb user=SA
2026-02-22T20:37:11.869+01:00  INFO 72965 --- [           main] com.zaxxer.hikari.HikariDataSource       : HikariPool-1 - Start completed.
2026-02-22T20:37:11.932+01:00  WARN 72965 --- [           main] org.hibernate.orm.deprecation            : HHH90000025: H2Dialect does not need to be specified explicitly using 'hibernate.dialect' (remove the property setting and it will be selected by default)
2026-02-22T20:37:12.023+01:00  INFO 72965 --- [           main] org.hibernate.spatial                    : HHH80000003: hibernate-spatial adding type contributions from : org.hibernate.spatial.dialect.h2gis.H2GisDialectContributor
2026-02-22T20:37:12.333+01:00  INFO 72965 --- [           main] o.s.o.j.p.SpringPersistenceUnitInfo      : No LoadTimeWeaver setup: ignoring JPA class transformer
2026-02-22T20:37:12.376+01:00  INFO 72965 --- [           main] org.hibernate.spatial                    : HHH80000003: hibernate-spatial adding type contributions from : org.hibernate.spatial.dialect.h2gis.H2GisDialectContributor
2026-02-22T20:37:13.509+01:00  INFO 72965 --- [           main] org.hibernate.spatial                    : HHH80000004: hibernate-spatial adding function contributions from : org.hibernate.spatial.dialect.h2gis.H2GisDialectContributor
2026-02-22T20:37:15.351+01:00  INFO 72965 --- [           main] o.h.e.t.j.p.i.JtaPlatformInitiator       : HHH000489: No JTA platform available (set 'hibernate.transaction.jta.platform' to enable JTA platform integration)
Hibernate: drop table if exists applications cascade 
Hibernate: drop table if exists blocks cascade 
Hibernate: drop table if exists chats cascade 
Hibernate: drop table if exists documents cascade 
Hibernate: drop table if exists educations cascade 
Hibernate: drop table if exists experiences cascade 
Hibernate: drop table if exists job_preferences cascade 
Hibernate: drop table if exists jobs cascade 
Hibernate: drop table if exists languages cascade 
Hibernate: drop table if exists messages cascade 
Hibernate: drop table if exists reports cascade 
Hibernate: drop table if exists skills cascade 
Hibernate: drop table if exists user_roles cascade 
Hibernate: drop table if exists users cascade 
Hibernate: create table applications (applied_at timestamp(6), candidate_id bigint, id bigint generated by default as identity, job_id bigint, cover_letter varchar(255), status varchar(255), primary key (id))
Hibernate: create table blocks (blocked_at timestamp(6), blocked_id bigint, blocker_id bigint, id bigint generated by default as identity, primary key (id))
Hibernate: create table chats (candidate_id bigint, created_at timestamp(6), id bigint generated by default as identity, job_id bigint, last_message_at timestamp(6), recruiter_id bigint, primary key (id))
Hibernate: create table documents (file_size bigint, id bigint generated by default as identity, uploaded_at timestamp(6), user_id bigint, file_name varchar(255), file_path varchar(255), file_type varchar(255), primary key (id))
Hibernate: create table educations (end_date date, start_date date, id bigint generated by default as identity, user_id bigint, degree varchar(255), field_of_study varchar(255), school varchar(255), primary key (id))
Hibernate: create table experiences (current_job boolean not null, end_date date, start_date date, id bigint generated by default as identity, user_id bigint, company varchar(255), description varchar(255), title varchar(255), primary key (id))
Hibernate: create table job_preferences (min_salary integer, id bigint generated by default as identity, user_id bigint unique, job_type varchar(255), mobility_zone varchar(255), remote_preference varchar(255), work_schedule varchar(255), primary key (id))
Hibernate: create table jobs (active boolean not null, duration integer, salary_max integer, salary_min integer, created_at timestamp(6), expires_at timestamp(6), id bigint generated by default as identity, recruiter_id bigint, company varchar(255), description TEXT, job_type varchar(255), location varchar(255), remote_policy varchar(255), title varchar(255) not null, work_schedule varchar(255), primary key (id))
Hibernate: create table languages (id bigint generated by default as identity, user_id bigint, level varchar(255), name varchar(255) not null, primary key (id))
Hibernate: create table messages (read boolean not null, chat_id bigint, id bigint generated by default as identity, sender_id bigint, sent_at timestamp(6), attachment_name varchar(255), attachment_url varchar(255), content TEXT, primary key (id))
Hibernate: create table reports (created_at timestamp(6), id bigint generated by default as identity, reported_user_id bigint, reporter_id bigint, description varchar(255), reason varchar(255), status varchar(255), primary key (id))
Hibernate: create table skills (id bigint generated by default as identity, user_id bigint, level varchar(255), name varchar(255) not null, primary key (id))
Hibernate: create table user_roles (user_id bigint not null, roles varchar(255) check (roles in ('ROLE_CANDIDATE','ROLE_RECRUITER')))
Hibernate: create table users (id bigint generated by default as identity, email varchar(255) not null unique, first_name varchar(255), last_name varchar(255), location varchar(255), password varchar(255) not null, phone varchar(255), primary key (id))
Hibernate: alter table if exists applications add constraint FK32iahkg1fqci0pt76uql80nj7 foreign key (candidate_id) references users
Hibernate: alter table if exists applications add constraint FK65weib1lru9dkrbto5pv389vi foreign key (job_id) references jobs
Hibernate: alter table if exists blocks add constraint FKjcracc6rem4ddb6gtkaxhfsvu foreign key (blocked_id) references users
Hibernate: alter table if exists blocks add constraint FKl05bxnwmimx5n5tsgrgnguvu6 foreign key (blocker_id) references users
Hibernate: alter table if exists chats add constraint FKfjefpisjov00topxkxhqf87o4 foreign key (candidate_id) references users
Hibernate: alter table if exists chats add constraint FKbhnmbk5eg5bd3ujf87e7mhcbi foreign key (job_id) references jobs
Hibernate: alter table if exists chats add constraint FKf51jt7xfv7lin2mrd8plbjub1 foreign key (recruiter_id) references users
Hibernate: alter table if exists documents add constraint FKkxttj4tp5le2uth212lu49vny foreign key (user_id) references users
Hibernate: alter table if exists educations add constraint FKff5wc10svmgvwumia2rsfaud6 foreign key (user_id) references users
Hibernate: alter table if exists experiences add constraint FKa4ya8v26d937nuq7jcddsb18e foreign key (user_id) references users
Hibernate: alter table if exists job_preferences add constraint FKt7uwvymgpbvap0vuj244vmhtg foreign key (user_id) references users
Hibernate: alter table if exists jobs add constraint FK9syuy0yp9a2c0fkr98pvxpb8m foreign key (recruiter_id) references users
Hibernate: alter table if exists languages add constraint FKkt6rx7cf2t4ld45jkmnd0fc8e foreign key (user_id) references users
Hibernate: alter table if exists messages add constraint FK64w44ngcpqp99ptcb9werdfmb foreign key (chat_id) references chats
Hibernate: alter table if exists messages add constraint FK4ui4nnwntodh6wjvck53dbk9m foreign key (sender_id) references users
Hibernate: alter table if exists reports add constraint FKb3bqi44mjskbnwupr31nfq5ui foreign key (reported_user_id) references users
Hibernate: alter table if exists reports add constraint FKd3qiw2om5d2oh5xb7fbdcq225 foreign key (reporter_id) references users
Hibernate: alter table if exists skills add constraint FKo8dhr4cqp5nowj5o9km5fjhaq foreign key (user_id) references users
Hibernate: alter table if exists user_roles add constraint FKhfh9dx7w3ubf1co1vdev94g3f foreign key (user_id) references users
2026-02-22T20:37:15.574+01:00  INFO 72965 --- [           main] j.LocalContainerEntityManagerFactoryBean : Initialized JPA EntityManagerFactory for persistence unit 'default'
2026-02-22T20:37:18.725+01:00  WARN 72965 --- [           main] JpaBaseConfiguration$JpaWebConfiguration : spring.jpa.open-in-view is enabled by default. Therefore, database queries may be performed during view rendering. Explicitly configure spring.jpa.open-in-view to disable this warning
2026-02-22T20:37:20.030+01:00  INFO 72965 --- [           main] o.s.b.a.e.web.EndpointLinksResolver      : Exposing 1 endpoint(s) beneath base path '/actuator'
2026-02-22T20:37:20.199+01:00  INFO 72965 --- [           main] o.s.s.web.DefaultSecurityFilterChain     : Will secure any request with [org.springframework.security.web.session.DisableEncodeUrlFilter@439c706, org.springframework.security.web.context.request.async.WebAsyncManagerIntegrationFilter@17e427b6, org.springframework.security.web.context.SecurityContextHolderFilter@b41ceac, org.springframework.security.web.header.HeaderWriterFilter@726e780a, org.springframework.web.filter.CorsFilter@73344f4a, org.springframework.security.web.authentication.logout.LogoutFilter@6f371390, com.fij.config.JwtAuthenticationFilter@3e866323, org.springframework.security.web.savedrequest.RequestCacheAwareFilter@1e368085, org.springframework.security.web.servletapi.SecurityContextHolderAwareRequestFilter@6cfa20c1, org.springframework.security.web.authentication.AnonymousAuthenticationFilter@4e4ee99, org.springframework.security.web.session.SessionManagementFilter@3b96ea23, org.springframework.security.web.access.ExceptionTranslationFilter@7e5a8000, org.springframework.security.web.access.intercept.AuthorizationFilter@2138386f]
2026-02-22T20:37:22.004+01:00  INFO 72965 --- [           main] o.s.b.t.m.w.SpringBootMockServletContext : Initializing Spring TestDispatcherServlet ''
2026-02-22T20:37:22.005+01:00  INFO 72965 --- [           main] o.s.t.web.servlet.TestDispatcherServlet  : Initializing Servlet ''
2026-02-22T20:37:22.017+01:00  INFO 72965 --- [           main] o.s.t.web.servlet.TestDispatcherServlet  : Completed initialization in 12 ms
2026-02-22T20:37:22.406+01:00  INFO 72965 --- [           main] o.s.m.s.b.SimpleBrokerMessageHandler     : Starting...
2026-02-22T20:37:22.408+01:00  INFO 72965 --- [           main] o.s.m.s.b.SimpleBrokerMessageHandler     : BrokerAvailabilityEvent[available=true, SimpleBrokerMessageHandler [org.springframework.messaging.simp.broker.DefaultSubscriptionRegistry@43905ade]]
2026-02-22T20:37:22.410+01:00  INFO 72965 --- [           main] o.s.m.s.b.SimpleBrokerMessageHandler     : Started.
2026-02-22T20:37:22.484+01:00  INFO 72965 --- [           main] com.fij.Phase1IntegrationTest            : Started Phase1IntegrationTest in 18.339 seconds (process running for 21.588)
Hibernate: select u1_0.id,u1_0.email,u1_0.first_name,u1_0.last_name,u1_0.location,u1_0.password,u1_0.phone from users u1_0
Hibernate: select u1_0.id,u1_0.email,u1_0.first_name,u1_0.last_name,u1_0.location,u1_0.password,u1_0.phone from users u1_0 where u1_0.email=?
Hibernate: insert into users (email,first_name,last_name,location,password,phone,id) values (?,?,?,?,?,?,default)
]]></system-out>
  </testcase>
  <testcase name="login_WrongPassword_ThrowsError" classname="com.fij.Phase1IntegrationTest" time="0.677">
    <system-out><![CDATA[Hibernate: select u1_0.id,u1_0.email,u1_0.first_name,u1_0.last_name,u1_0.location,u1_0.password,u1_0.phone from users u1_0
Hibernate: select u1_0.id,u1_0.email,u1_0.first_name,u1_0.last_name,u1_0.location,u1_0.password,u1_0.phone from users u1_0 where u1_0.email=?
Hibernate: insert into users (email,first_name,last_name,location,password,phone,id) values (?,?,?,?,?,?,default)
Hibernate: select u1_0.id,u1_0.email,u1_0.first_name,u1_0.last_name,u1_0.location,u1_0.password,u1_0.phone from users u1_0 where u1_0.email=?
]]></system-out>
  </testcase>
  <testcase name="getProfile_Authenticated_ReturnsProfile" classname="com.fij.Phase1IntegrationTest" time="0.413">
    <system-out><![CDATA[Hibernate: select u1_0.id,u1_0.email,u1_0.first_name,u1_0.last_name,u1_0.location,u1_0.password,u1_0.phone from users u1_0
Hibernate: select u1_0.id,u1_0.email,u1_0.first_name,u1_0.last_name,u1_0.location,u1_0.password,u1_0.phone from users u1_0 where u1_0.email=?
Hibernate: insert into users (email,first_name,last_name,location,password,phone,id) values (?,?,?,?,?,?,default)
Hibernate: select u1_0.id,u1_0.email,u1_0.first_name,u1_0.last_name,u1_0.location,u1_0.password,u1_0.phone from users u1_0 where u1_0.email=?
Hibernate: select u1_0.id,u1_0.email,u1_0.first_name,u1_0.last_name,u1_0.location,u1_0.password,u1_0.phone from users u1_0 where u1_0.email=?
Hibernate: select u1_0.id,u1_0.email,u1_0.first_name,u1_0.last_name,u1_0.location,u1_0.password,u1_0.phone from users u1_0 where u1_0.email=?
Hibernate: select u1_0.id,u1_0.email,u1_0.first_name,u1_0.last_name,u1_0.location,u1_0.password,u1_0.phone from users u1_0 where u1_0.email=?
]]></system-out>
  </testcase>
  <testcase name="updateProfile_Success_UpdatesFields" classname="com.fij.Phase1IntegrationTest" time="0.274">
    <system-out><![CDATA[Hibernate: select u1_0.id,u1_0.email,u1_0.first_name,u1_0.last_name,u1_0.location,u1_0.password,u1_0.phone from users u1_0
Hibernate: select u1_0.id,u1_0.email,u1_0.first_name,u1_0.last_name,u1_0.location,u1_0.password,u1_0.phone from users u1_0 where u1_0.email=?
Hibernate: insert into users (email,first_name,last_name,location,password,phone,id) values (?,?,?,?,?,?,default)
Hibernate: select u1_0.id,u1_0.email,u1_0.first_name,u1_0.last_name,u1_0.location,u1_0.password,u1_0.phone from users u1_0 where u1_0.email=?
Hibernate: select u1_0.id,u1_0.email,u1_0.first_name,u1_0.last_name,u1_0.location,u1_0.password,u1_0.phone from users u1_0 where u1_0.email=?
Hibernate: select u1_0.id,u1_0.email,u1_0.first_name,u1_0.last_name,u1_0.location,u1_0.password,u1_0.phone from users u1_0 where u1_0.email=?
Hibernate: select u1_0.id,u1_0.email,u1_0.first_name,u1_0.last_name,u1_0.location,u1_0.password,u1_0.phone from users u1_0 where u1_0.email=?
]]></system-out>
  </testcase>
  <testcase name="updateProfile_PartialUpdate_OnlyUpdatesProvided" classname="com.fij.Phase1IntegrationTest" time="0.219">
    <system-out><![CDATA[Hibernate: select u1_0.id,u1_0.email,u1_0.first_name,u1_0.last_name,u1_0.location,u1_0.password,u1_0.phone from users u1_0
Hibernate: select u1_0.id,u1_0.email,u1_0.first_name,u1_0.last_name,u1_0.location,u1_0.password,u1_0.phone from users u1_0 where u1_0.email=?
Hibernate: insert into users (email,first_name,last_name,location,password,phone,id) values (?,?,?,?,?,?,default)
Hibernate: select u1_0.id,u1_0.email,u1_0.first_name,u1_0.last_name,u1_0.location,u1_0.password,u1_0.phone from users u1_0 where u1_0.email=?
Hibernate: select u1_0.id,u1_0.email,u1_0.first_name,u1_0.last_name,u1_0.location,u1_0.password,u1_0.phone from users u1_0 where u1_0.email=?
Hibernate: select u1_0.id,u1_0.email,u1_0.first_name,u1_0.last_name,u1_0.location,u1_0.password,u1_0.phone from users u1_0 where u1_0.email=?
Hibernate: select u1_0.id,u1_0.email,u1_0.first_name,u1_0.last_name,u1_0.location,u1_0.password,u1_0.phone from users u1_0 where u1_0.email=?
]]></system-out>
  </testcase>
  <testcase name="register_DuplicateEmail_ThrowsError" classname="com.fij.Phase1IntegrationTest" time="0.135">
    <system-out><![CDATA[Hibernate: select u1_0.id,u1_0.email,u1_0.first_name,u1_0.last_name,u1_0.location,u1_0.password,u1_0.phone from users u1_0
Hibernate: select u1_0.id,u1_0.email,u1_0.first_name,u1_0.last_name,u1_0.location,u1_0.password,u1_0.phone from users u1_0 where u1_0.email=?
Hibernate: insert into users (email,first_name,last_name,location,password,phone,id) values (?,?,?,?,?,?,default)
Hibernate: select u1_0.id,u1_0.email,u1_0.first_name,u1_0.last_name,u1_0.location,u1_0.password,u1_0.phone from users u1_0 where u1_0.email=?
]]></system-out>
  </testcase>
  <testcase name="getProfile_Unauthenticated_Returns401" classname="com.fij.Phase1IntegrationTest" time="0.074">
    <system-out><![CDATA[Hibernate: select u1_0.id,u1_0.email,u1_0.first_name,u1_0.last_name,u1_0.location,u1_0.password,u1_0.phone from users u1_0
]]></system-out>
  </testcase>
  <testcase name="login_Success_ReturnsToken" classname="com.fij.Phase1IntegrationTest" time="0.395">
    <system-out><![CDATA[Hibernate: select u1_0.id,u1_0.email,u1_0.first_name,u1_0.last_name,u1_0.location,u1_0.password,u1_0.phone from users u1_0
Hibernate: select u1_0.id,u1_0.email,u1_0.first_name,u1_0.last_name,u1_0.location,u1_0.password,u1_0.phone from users u1_0 where u1_0.email=?
Hibernate: insert into users (email,first_name,last_name,location,password,phone,id) values (?,?,?,?,?,?,default)
Hibernate: select u1_0.id,u1_0.email,u1_0.first_name,u1_0.last_name,u1_0.location,u1_0.password,u1_0.phone from users u1_0 where u1_0.email=?
Hibernate: select u1_0.id,u1_0.email,u1_0.first_name,u1_0.last_name,u1_0.location,u1_0.password,u1_0.phone from users u1_0 where u1_0.email=?
]]></system-out>
  </testcase>
</testsuite>