<?xml version="1.0" encoding="UTF-8"?>
<testsuite xmlns:xsi="http://www.w3.org/2001/XMLSchema-instance" xsi:noNamespaceSchemaLocation="https://maven.apache.org/surefire/maven-surefire-plugin/xsd/surefire-test-report-3.0.xsd" version="3.0" name="com.fij.Phase2IntegrationTest" time="0.515" tests="15" errors="15" skipped="0" failures="0">
  <properties>
[...]
</properties>
  <testcase name="deleteLanguage_Success" classname="com.fij.Phase2IntegrationTest" time="0.052">
    <error message="could not execute statement [Referential integrity constraint violation: &quot;FK9SYUY0YP9A2C0FKR98PVXPB8M: PUBLIC.JOBS FOREIGN KEY(RECRUITER_ID) REFERENCES PUBLIC.USERS(ID) (CAST(31 AS BIGINT))&quot;; SQL statement:&#10;delete from users where id=? [23503-224]] [delete from users where id=?]; SQL [delete from users where id=?]; constraint [&quot;FK9SYUY0YP9A2C0FKR98PVXPB8M: PUBLIC.JOBS FOREIGN KEY(RECRUITER_ID) REFERENCES PUBLIC.USERS(ID) (CAST(31 AS BIGINT))&quot;; SQL statement:&#10;delete from users where id=? [23503-224]]" type="org.springframework.dao.DataIntegrityViolationException"><![CDATA[org.springframework.dao.DataIntegrityViolationException: 
could not execute statement [Referential integrity constraint violation: "FK9SYUY0YP9A2C0FKR98PVXPB8M: PUBLIC.JOBS FOREIGN KEY(RECRUITER_ID) REFERENCES PUBLIC.USERS(ID) (CAST(31 AS BIGINT))"; SQL statement:
delete from users where id=? [23503-224]] [delete from users where id=?]; SQL [delete from users where id=?]; constraint ["FK9SYUY0YP9A2C0FKR98PVXPB8M: PUBLIC.JOBS FOREIGN KEY(RECRUITER_ID) REFERENCES PUBLIC.USERS(ID) (CAST(31 AS BIGINT))"; SQL statement:
delete from users where id=? [23503-224]]
	at org.springframework.orm.jpa.vendor.HibernateJpaDialect.convertHibernateAccessException(HibernateJpaDialect.java:290)
	at org.springframework.orm.jpa.vendor.HibernateJpaDialect.translateExceptionIfPossible(HibernateJpaDialect.java:241)
	at org.springframework.orm.jpa.JpaTransactionManager.doCommit(JpaTransactionManager.java:565)
	at org.springframework.transaction.support.AbstractPlatformTransactionManager.processCommit(AbstractPlatformTransactionManager.java:794)
	at org.springframework.transaction.support.AbstractPlatformTransactionManager.commit(AbstractPlatformTransactionManager.java:757)
	at org.springframework.transaction.interceptor.TransactionAspectSupport.commitTransactionAfterReturning(TransactionAspectSupport.java:669)
	at org.springframework.transaction.interceptor.TransactionAspectSupport.invokeWithinTransaction(TransactionAspectSupport.java:419)
	at org.springframework.transaction.interceptor.TransactionInterceptor.invoke(TransactionInterceptor.java:119)
	at org.springframework.aop.framework.ReflectiveMethodInvocation.proceed(ReflectiveMethodInvocation.java:184)
	at org.springframework.dao.support.PersistenceExceptionTranslationInterceptor.invoke(PersistenceExceptionTranslationInterceptor.java:137)
	at org.springframework.aop.framework.ReflectiveMethodInvocation.proceed(ReflectiveMethodInvocation.java:184)
	at org.springframework.data.jpa.repository.support.CrudMethodMetadataPostProcessor$CrudMethodMetadataPopulatingMethodInterceptor.invoke(CrudMethodMetadataPostProcessor.java:164)
	at org.springframework.aop.framework.ReflectiveMethodInvocation.proceed(ReflectiveMethodInvocation.java:184)
	at org.springframework.aop.interceptor.ExposeInvocationInterceptor.invoke(ExposeInvocationInterceptor.java:97)
	at org.springframework.aop.framework.ReflectiveMethodInvocation.proceed(ReflectiveMethodInvocation.java:184)
	at org.springframework.aop.framework.JdkDynamicAopProxy.invoke(JdkDynamicAopProxy.java:220)
	at jdk.proxy2/jdk.proxy2.$Proxy157.deleteAll(Unknown Source)
	at com.fij.Phase2IntegrationTest.setUp(Phase2IntegrationTest.java:50)
	at java.base/java.lang.reflect.Method.invoke(Method.java:569)
	at java.base/java.util.ArrayList.forEach(ArrayList.java:1511)
	at java.base/java.util.ArrayList.forEach(ArrayList.java:1511)
Caused by: org.hibernate.exception.ConstraintViolationException: could not execute statement [Referential integrity constraint violation: "FK9SYUY0YP9A2C0FKR98PVXPB8M: PUBLIC.JOBS FOREIGN KEY(RECRUITER_ID) REFERENCES PUBLIC.USERS(ID) (CAST(31 AS BIGINT))"; SQL statement:
delete from users where id=? [23503-224]] [delete from users where id=?]
	at org.hibernate.exception.internal.SQLExceptionTypeDelegate.convert(SQLExceptionTypeDelegate.java:62)
	at org.hibernate.exception.internal.StandardSQLExceptionConverter.convert(StandardSQLExceptionConverter.java:58)
	at org.hibernate.engine.jdbc.spi.SqlExceptionHelper.convert(SqlExceptionHelper.java:108)
	at org.hibernate.engine.jdbc.internal.ResultSetReturnImpl.executeUpdate(ResultSetReturnImpl.java:197)
	at org.hibernate.engine.jdbc.mutation.internal.AbstractMutationExecutor.performNonBatchedMutation(AbstractMutationExecutor.java:107)
	at org.hibernate.engine.jdbc.mutation.internal.MutationExecutorSingleNonBatched.performNonBatchedOperations(MutationExecutorSingleNonBatched.java:40)
	at org.hibernate.engine.jdbc.mutation.internal.AbstractMutationExecutor.execute(AbstractMutationExecutor.java:52)
	at org.hibernate.persister.entity.mutation.AbstractDeleteCoordinator.doStaticDelete(AbstractDeleteCoordinator.java:279)
	at org.hibernate.persister.entity.mutation.AbstractDeleteCoordinator.coordinateDelete(AbstractDeleteCoordinator.java:87)
	at org.hibernate.persister.entity.AbstractEntityPersister.delete(AbstractEntityPersister.java:2979)
	at org.hibernate.action.internal.EntityDeleteAction.execute(EntityDeleteAction.java:131)
	at org.hibernate.engine.spi.ActionQueue.executeActions(ActionQueue.java:632)
	at org.hibernate.engine.spi.ActionQueue.executeActions(ActionQueue.java:499)
	at org.hibernate.event.internal.AbstractFlushingEventListener.performExecutions(AbstractFlushingEventListener.java:363)
	at org.hibernate.event.internal.DefaultFlushEventListener.onFlush(DefaultFlushEventListener.java:41)
	at org.hibernate.event.service.internal.EventListenerGroupImpl.fireEventOnEachListener(EventListenerGroupImpl.java:127)
	at org.hibernate.internal.SessionImpl.doFlush(SessionImpl.java:1423)
	at org.hibernate.internal.SessionImpl.managedFlush(SessionImpl.java:504)
	at org.hibernate.internal.SessionImpl.flushBeforeTransactionCompletion(SessionImpl.java:2339)
	at org.hibernate.internal.SessionImpl.beforeTransactionCompletion(SessionImpl.java:1996)
	at org.hibernate.engine.jdbc.internal.JdbcCoordinatorImpl.beforeTransactionCompletion(JdbcCoordinatorImpl.java:439)
	at org.hibernate.resource.transaction.backend.jdbc.internal.JdbcResourceLocalTransactionCoordinatorImpl.beforeCompletionCallback(JdbcResourceLocalTransactionCoordinatorImpl.java:169)
	at org.hibernate.resource.transaction.backend.jdbc.internal.JdbcResourceLocalTransactionCoordinatorImpl$TransactionDriverControlImpl.commit(JdbcResourceLocalTransactionCoordinatorImpl.java:267)
	at org.hibernate.engine.transaction.internal.TransactionImpl.commit(TransactionImpl.java:101)
	at org.springframework.orm.jpa.JpaTransactionManager.doCommit(JpaTransactionManager.java:561)
	... 18 more
Caused by: org.h2.jdbc.JdbcSQLIntegrityConstraintViolationException: Referential integrity constraint violation: "FK9SYUY0YP9A2C0FKR98PVXPB8M: PUBLIC.JOBS FOREIGN KEY(RECRUITER_ID) REFERENCES PUBLIC.USERS(ID) (CAST(31 AS BIGINT))"; SQL statement:
delete from users where id=? [23503-224]
	at org.h2.message.DbException.getJdbcSQLException(DbException.java:520)
	at org.h2.message.DbException.getJdbcSQLException(DbException.java:489)
	at org.h2.message.DbException.get(DbException.java:223)
	at org.h2.message.DbException.get(DbException.java:199)
	at org.h2.constraint.ConstraintReferential.checkRow(ConstraintReferential.java:365)
	at org.h2.constraint.ConstraintReferential.checkRowRefTable(ConstraintReferential.java:382)
	at org.h2.constraint.ConstraintReferential.checkRow(ConstraintReferential.java:256)
	at org.h2.table.Table.fireConstraints(Table.java:1200)
	at org.h2.table.Table.fireAfterRow(Table.java:1218)
	at org.h2.command.dml.Delete.update(Delete.java:92)
	at org.h2.command.dml.DataChangeStatement.update(DataChangeStatement.java:74)
	at org.h2.command.CommandContainer.update(CommandContainer.java:169)
	at org.h2.command.Command.executeUpdate(Command.java:256)
	at org.h2.jdbc.JdbcPreparedStatement.executeUpdateInternal(JdbcPreparedStatement.java:216)
	at org.h2.jdbc.JdbcPreparedStatement.executeUpdate(JdbcPreparedStatement.java:174)
	at com.zaxxer.hikari.pool.ProxyPreparedStatement.executeUpdate(ProxyPreparedStatement.java:61)
	at com.zaxxer.hikari.pool.HikariProxyPreparedStatement.executeUpdate(HikariProxyPreparedStatement.java)
	at org.hibernate.engine.jdbc.internal.ResultSetReturnImpl.executeUpdate(ResultSetReturnImpl.java:194)
	... 39 more
]]></error>
    <system-out><![CDATA[2026-02-22T20:37:34.741+01:00  INFO 72965 --- [           main] t.c.s.AnnotationConfigContextLoaderUtils : Could not detect default configuration classes for test class [com.fij.Phase2IntegrationTest]: Phase2IntegrationTest does not declare any static, non-private, non-final, nested classes annotated with @Configuration.
2026-02-22T20:37:34.744+01:00  INFO 72965 --- [           main] .b.t.c.SpringBootTestContextBootstrapper : Found @SpringBootConfiguration com.fij.FijApplication for test class com.fij.Phase2IntegrationTest
Hibernate: select e1_0.id,e1_0.company,e1_0.current_job,e1_0.description,e1_0.end_date,e1_0.start_date,e1_0.title,e1_0.user_id from experiences e1_0
Hibernate: select e1_0.id,e1_0.degree,e1_0.end_date,e1_0.field_of_study,e1_0.school,e1_0.start_date,e1_0.user_id from educations e1_0
Hibernate: select s1_0.id,s1_0.level,s1_0.name,s1_0.user_id from skills s1_0
Hibernate: select l1_0.id,l1_0.level,l1_0.name,l1_0.user_id from languages l1_0
Hibernate: select jp1_0.id,jp1_0.job_type,jp1_0.min_salary,jp1_0.mobility_zone,jp1_0.remote_preference,jp1_0.user_id,jp1_0.work_schedule from job_preferences jp1_0
Hibernate: select u1_0.id,u1_0.email,u1_0.first_name,u1_0.last_name,u1_0.location,u1_0.password,u1_0.phone from users u1_0
Hibernate: select r1_0.user_id,r1_0.roles from user_roles r1_0 where r1_0.user_id=?
Hibernate: select r1_0.user_id,r1_0.roles from user_roles r1_0 where r1_0.user_id=?
Hibernate: delete from user_roles where user_id=?
Hibernate: delete from user_roles where user_id=?
Hibernate: delete from users where id=?
2026-02-22T20:37:34.790+01:00  WARN 72965 --- [           main] o.h.engine.jdbc.spi.SqlExceptionHelper   : SQL Error: 23503, SQLState: 23503
2026-02-22T20:37:34.790+01:00 ERROR 72965 --- [           main] o.h.engine.jdbc.spi.SqlExceptionHelper   : Referential integrity constraint violation: "FK9SYUY0YP9A2C0FKR98PVXPB8M: PUBLIC.JOBS FOREIGN KEY(RECRUITER_ID) REFERENCES PUBLIC.USERS(ID) (CAST(31 AS BIGINT))"; SQL statement:
delete from users where id=? [23503-224]
]]></system-out>
  </testcase>
  <testcase name="getJobPreference_WhenNotExists_ReturnsNull" classname="com.fij.Phase2IntegrationTest" time="0.026">
    <error message="could not execute statement [Referential integrity constraint violation: &quot;FK9SYUY0YP9A2C0FKR98PVXPB8M: PUBLIC.JOBS FOREIGN KEY(RECRUITER_ID) REFERENCES PUBLIC.USERS(ID) (CAST(31 AS BIGINT))&quot;; SQL statement:&#10;delete from users where id=? [23503-224]] [delete from users where id=?]; SQL [delete from users where id=?]; constraint [&quot;FK9SYUY0YP9A2C0FKR98PVXPB8M: PUBLIC.JOBS FOREIGN KEY(RECRUITER_ID) REFERENCES PUBLIC.USERS(ID) (CAST(31 AS BIGINT))&quot;; SQL statement:&#10;delete from users where id=? [23503-224]]" type="org.springframework.dao.DataIntegrityViolationException"><![CDATA[org.springframework.dao.DataIntegrityViolationException: 
could not execute statement [Referential integrity constraint violation: "FK9SYUY0YP9A2C0FKR98PVXPB8M: PUBLIC.JOBS FOREIGN KEY(RECRUITER_ID) REFERENCES PUBLIC.USERS(ID) (CAST(31 AS BIGINT))"; SQL statement:
delete from users where id=? [23503-224]] [delete from users where id=?]; SQL [delete from users where id=?]; constraint ["FK9SYUY0YP9A2C0FKR98PVXPB8M: PUBLIC.JOBS FOREIGN KEY(RECRUITER_ID) REFERENCES PUBLIC.USERS(ID) (CAST(31 AS BIGINT))"; SQL statement:
delete from users where id=? [23503-224]]
	at org.springframework.orm.jpa.vendor.HibernateJpaDialect.convertHibernateAccessException(HibernateJpaDialect.java:290)
	at org.springframework.orm.jpa.vendor.HibernateJpaDialect.translateExceptionIfPossible(HibernateJpaDialect.java:241)
	at org.springframework.orm.jpa.JpaTransactionManager.doCommit(JpaTransactionManager.java:565)
	at org.springframework.transaction.support.AbstractPlatformTransactionManager.processCommit(AbstractPlatformTransactionManager.java:794)
	at org.springframework.transaction.support.AbstractPlatformTransactionManager.commit(AbstractPlatformTransactionManager.java:757)
	at org.springframework.transaction.interceptor.TransactionAspectSupport.commitTransactionAfterReturning(TransactionAspectSupport.java:669)
	at org.springframework.transaction.interceptor.TransactionAspectSupport.invokeWithinTransaction(TransactionAspectSupport.java:419)
	at org.springframework.transaction.interceptor.TransactionInterceptor.invoke(TransactionInterceptor.java:119)
	at org.springframework.aop.framework.ReflectiveMethodInvocation.proceed(ReflectiveMethodInvocation.java:184)
	at org.springframework.dao.support.PersistenceExceptionTranslationInterceptor.invoke(PersistenceExceptionTranslationInterceptor.java:137)
	at org.springframework.aop.framework.ReflectiveMethodInvocation.proceed(ReflectiveMethodInvocation.java:184)
	at org.springframework.data.jpa.repository.support.CrudMethodMetadataPostProcessor$CrudMethodMetadataPopulatingMethodInterceptor.invoke(CrudMethodMetadataPostProcessor.java:164)
	at org.springframework.aop.framework.ReflectiveMethodInvocation.proceed(ReflectiveMethodInvocation.java:184)
	at org.springframework.aop.interceptor.ExposeInvocationInterceptor.invoke(ExposeInvocationInterceptor.java:97)
	at org.springframework.aop.framework.ReflectiveMethodInvocation.proceed(ReflectiveMethodInvocation.java:184)
	at org.springframework.aop.framework.JdkDynamicAopProxy.invoke(JdkDynamicAopProxy.java:220)
	at jdk.proxy2/jdk.proxy2.$Proxy157.deleteAll(Unknown Source)
	at com.fij.Phase2IntegrationTest.setUp(Phase2IntegrationTest.java:50)
	at java.base/java.lang.reflect.Method.invoke(Method.java:569)
	at java.base/java.util.ArrayList.forEach(ArrayList.java:1511)
	at java.base/java.util.ArrayList.forEach(ArrayList.java:1511)
Caused by: org.hibernate.exception.ConstraintViolationException: could not execute statement [Referential integrity constraint violation: "FK9SYUY0YP9A2C0FKR98PVXPB8M: PUBLIC.JOBS FOREIGN KEY(RECRUITER_ID) REFERENCES PUBLIC.USERS(ID) (CAST(31 AS BIGINT))"; SQL statement:
delete from users where id=? [23503-224]] [delete from users where id=?]
	at org.hibernate.exception.internal.SQLExceptionTypeDelegate.convert(SQLExceptionTypeDelegate.java:62)
	at org.hibernate.exception.internal.StandardSQLExceptionConverter.convert(StandardSQLExceptionConverter.java:58)
	at org.hibernate.engine.jdbc.spi.SqlExceptionHelper.convert(SqlExceptionHelper.java:108)
	at org.hibernate.engine.jdbc.internal.ResultSetReturnImpl.executeUpdate(ResultSetReturnImpl.java:197)
	at org.hibernate.engine.jdbc.mutation.internal.AbstractMutationExecutor.performNonBatchedMutation(AbstractMutationExecutor.java:107)
	at org.hibernate.engine.jdbc.mutation.internal.MutationExecutorSingleNonBatched.performNonBatchedOperations(MutationExecutorSingleNonBatched.java:40)
	at org.hibernate.engine.jdbc.mutation.internal.AbstractMutationExecutor.execute(AbstractMutationExecutor.java:52)
	at org.hibernate.persister.entity.mutation.AbstractDeleteCoordinator.doStaticDelete(AbstractDeleteCoordinator.java:279)
	at org.hibernate.persister.entity.mutation.AbstractDeleteCoordinator.coordinateDelete(AbstractDeleteCoordinator.java:87)
	at org.hibernate.persister.entity.AbstractEntityPersister.delete(AbstractEntityPersister.java:2979)
	at org.hibernate.action.internal.EntityDeleteAction.execute(EntityDeleteAction.java:131)
	at org.hibernate.engine.spi.ActionQueue.executeActions(ActionQueue.java:632)
	at org.hibernate.engine.spi.ActionQueue.executeActions(ActionQueue.java:499)
	at org.hibernate.event.internal.AbstractFlushingEventListener.performExecutions(AbstractFlushingEventListener.java:363)
	at org.hibernate.event.internal.DefaultFlushEventListener.onFlush(DefaultFlushEventListener.java:41)
	at org.hibernate.event.service.internal.EventListenerGroupImpl.fireEventOnEachListener(EventListenerGroupImpl.java:127)
	at org.hibernate.internal.SessionImpl.doFlush(SessionImpl.java:1423)
	at org.hibernate.internal.SessionImpl.managedFlush(SessionImpl.java:504)
	at org.hibernate.internal.SessionImpl.flushBeforeTransactionCompletion(SessionImpl.java:2339)
	at org.hibernate.internal.SessionImpl.beforeTransactionCompletion(SessionImpl.java:1996)
	at org.hibernate.engine.jdbc.internal.JdbcCoordinatorImpl.beforeTransactionCompletion(JdbcCoordinatorImpl.java:439)
	at org.hibernate.resource.transaction.backend.jdbc.internal.JdbcResourceLocalTransactionCoordinatorImpl.beforeCompletionCallback(JdbcResourceLocalTransactionCoordinatorImpl.java:169)
	at org.hibernate.resource.transaction.backend.jdbc.internal.JdbcResourceLocalTransactionCoordinatorImpl$TransactionDriverControlImpl.commit(JdbcResourceLocalTransactionCoordinatorImpl.java:267)
	at org.hibernate.engine.transaction.internal.TransactionImpl.commit(TransactionImpl.java:101)
	at org.springframework.orm.jpa.JpaTransactionManager.doCommit(JpaTransactionManager.java:561)
	... 18 more
Caused by: org.h2.jdbc.JdbcSQLIntegrityConstraintViolationException: Referential integrity constraint violation: "FK9SYUY0YP9A2C0FKR98PVXPB8M: PUBLIC.JOBS FOREIGN KEY(RECRUITER_ID) REFERENCES PUBLIC.USERS(ID) (CAST(31 AS BIGINT))"; SQL statement:
delete from users where id=? [23503-224]
	at org.h2.message.DbException.getJdbcSQLException(DbException.java:520)
	at org.h2.message.DbException.getJdbcSQLException(DbException.java:489)
	at org.h2.message.DbException.get(DbException.java:223)
	at org.h2.message.DbException.get(DbException.java:199)
	at org.h2.constraint.ConstraintReferential.checkRow(ConstraintReferential.java:365)
	at org.h2.constraint.ConstraintReferential.checkRowRefTable(ConstraintReferential.java:382)
	at org.h2.constraint.ConstraintReferential.checkRow(ConstraintReferential.java:256)
	at org.h2.table.Table.fireConstraints(Table.java:1200)
	at org.h2.table.Table.fireAfterRow(Table.java:1218)
	at org.h2.command.dml.Delete.update(Delete.java:92)
	at org.h2.command.dml.DataChangeStatement.update(DataChangeStatement.java:74)
	at org.h2.command.CommandContainer.update(CommandContainer.java:169)
	at org.h2.command.Command.executeUpdate(Command.java:256)
	at org.h2.jdbc.JdbcPreparedStatement.executeUpdateInternal(JdbcPreparedStatement.java:216)
	at org.h2.jdbc.JdbcPreparedStatement.executeUpdate(JdbcPreparedStatement.java:174)
	at com.zaxxer.hikari.pool.ProxyPreparedStatement.executeUpdate(ProxyPreparedStatement.java:61)
	at com.zaxxer.hikari.pool.HikariProxyPreparedStatement.executeUpdate(HikariProxyPreparedStatement.java)
	at org.hibernate.engine.jdbc.internal.ResultSetReturnImpl.executeUpdate(ResultSetReturnImpl.java:194)
	... 39 more
]]></error>
    <system-out><![CDATA[Hibernate: select e1_0.id,e1_0.company,e1_0.current_job,e1_0.description,e1_0.end_date,e1_0.start_date,e1_0.title,e1_0.user_id from experiences e1_0
Hibernate: select e1_0.id,e1_0.degree,e1_0.end_date,e1_0.field_of_study,e1_0.school,e1_0.start_date,e1_0.user_id from educations e1_0
Hibernate: select s1_0.id,s1_0.level,s1_0.name,s1_0.user_id from skills s1_0
Hibernate: select l1_0.id,l1_0.level,l1_0.name,l1_0.user_id from languages l1_0
Hibernate: select jp1_0.id,jp1_0.job_type,jp1_0.min_salary,jp1_0.mobility_zone,jp1_0.remote_preference,jp1_0.user_id,jp1_0.work_schedule from job_preferences jp1_0
Hibernate: select u1_0.id,u1_0.email,u1_0.first_name,u1_0.last_name,u1_0.location,u1_0.password,u1_0.phone from users u1_0
Hibernate: select r1_0.user_id,r1_0.roles from user_roles r1_0 where r1_0.user_id=?
Hibernate: select r1_0.user_id,r1_0.roles from user_roles r1_0 where r1_0.user_id=?
Hibernate: delete from user_roles where user_id=?
Hibernate: delete from user_roles where user_id=?
Hibernate: delete from users where id=?
2026-02-22T20:37:34.828+01:00  WARN 72965 --- [           main] o.h.engine.jdbc.spi.SqlExceptionHelper   : SQL Error: 23503, SQLState: 23503
2026-02-22T20:37:34.828+01:00 ERROR 72965 --- [           main] o.h.engine.jdbc.spi.SqlExceptionHelper   : Referential integrity constraint violation: "FK9SYUY0YP9A2C0FKR98PVXPB8M: PUBLIC.JOBS FOREIGN KEY(RECRUITER_ID) REFERENCES PUBLIC.USERS(ID) (CAST(31 AS BIGINT))"; SQL statement:
delete from users where id=? [23503-224]
]]></system-out>
  </testcase>
  <testcase name="addEducation_Success_ReturnsEducation" classname="com.fij.Phase2IntegrationTest" time="0.032">
    <error message="could not execute statement [Referential integrity constraint violation: &quot;FK9SYUY0YP9A2C0FKR98PVXPB8M: PUBLIC.JOBS FOREIGN KEY(RECRUITER_ID) REFERENCES PUBLIC.USERS(ID) (CAST(31 AS BIGINT))&quot;; SQL statement:&#10;delete from users where id=? [23503-224]] [delete from users where id=?]; SQL [delete from users where id=?]; constraint [&quot;FK9SYUY0YP9A2C0FKR98PVXPB8M: PUBLIC.JOBS FOREIGN KEY(RECRUITER_ID) REFERENCES PUBLIC.USERS(ID) (CAST(31 AS BIGINT))&quot;; SQL statement:&#10;delete from users where id=? [23503-224]]" type="org.springframework.dao.DataIntegrityViolationException"><![CDATA[org.springframework.dao.DataIntegrityViolationException: 
could not execute statement [Referential integrity constraint violation: "FK9SYUY0YP9A2C0FKR98PVXPB8M: PUBLIC.JOBS FOREIGN KEY(RECRUITER_ID) REFERENCES PUBLIC.USERS(ID) (CAST(31 AS BIGINT))"; SQL statement:
delete from users where id=? [23503-224]] [delete from users where id=?]; SQL [delete from users where id=?]; constraint ["FK9SYUY0YP9A2C0FKR98PVXPB8M: PUBLIC.JOBS FOREIGN KEY(RECRUITER_ID) REFERENCES PUBLIC.USERS(ID) (CAST(31 AS BIGINT))"; SQL statement:
delete from users where id=? [23503-224]]
	at org.springframework.orm.jpa.vendor.HibernateJpaDialect.convertHibernateAccessException(HibernateJpaDialect.java:290)
	at org.springframework.orm.jpa.vendor.HibernateJpaDialect.translateExceptionIfPossible(HibernateJpaDialect.java:241)
	at org.springframework.orm.jpa.JpaTransactionManager.doCommit(JpaTransactionManager.java:565)
	at org.springframework.transaction.support.AbstractPlatformTransactionManager.processCommit(AbstractPlatformTransactionManager.java:794)
	at org.springframework.transaction.support.AbstractPlatformTransactionManager.commit(AbstractPlatformTransactionManager.java:757)
	at org.springframework.transaction.interceptor.TransactionAspectSupport.commitTransactionAfterReturning(TransactionAspectSupport.java:669)
	at org.springframework.transaction.interceptor.TransactionAspectSupport.invokeWithinTransaction(TransactionAspectSupport.java:419)
	at org.springframework.transaction.interceptor.TransactionInterceptor.invoke(TransactionInterceptor.java:119)
	at org.springframework.aop.framework.ReflectiveMethodInvocation.proceed(ReflectiveMethodInvocation.java:184)
	at org.springframework.dao.support.PersistenceExceptionTranslationInterceptor.invoke(PersistenceExceptionTranslationInterceptor.java:137)
	at org.springframework.aop.framework.ReflectiveMethodInvocation.proceed(ReflectiveMethodInvocation.java:184)
	at org.springframework.data.jpa.repository.support.CrudMethodMetadataPostProcessor$CrudMethodMetadataPopulatingMethodInterceptor.invoke(CrudMethodMetadataPostProcessor.java:164)
	at org.springframework.aop.framework.ReflectiveMethodInvocation.proceed(ReflectiveMethodInvocation.java:184)
	at org.springframework.aop.interceptor.ExposeInvocationInterceptor.invoke(ExposeInvocationInterceptor.java:97)
	at org.springframework.aop.framework.ReflectiveMethodInvocation.proceed(ReflectiveMethodInvocation.java:184)
	at org.springframework.aop.framework.JdkDynamicAopProxy.invoke(JdkDynamicAopProxy.java:220)
	at jdk.proxy2/jdk.proxy2.$Proxy157.deleteAll(Unknown Source)
	at com.fij.Phase2IntegrationTest.setUp(Phase2IntegrationTest.java:50)
	at java.base/java.lang.reflect.Method.invoke(Method.java:569)
	at java.base/java.util.ArrayList.forEach(ArrayList.java:1511)
	at java.base/java.util.ArrayList.forEach(ArrayList.java:1511)
Caused by: org.hibernate.exception.ConstraintViolationException: could not execute statement [Referential integrity constraint violation: "FK9SYUY0YP9A2C0FKR98PVXPB8M: PUBLIC.JOBS FOREIGN KEY(RECRUITER_ID) REFERENCES PUBLIC.USERS(ID) (CAST(31 AS BIGINT))"; SQL statement:
delete from users where id=? [23503-224]] [delete from users where id=?]
	at org.hibernate.exception.internal.SQLExceptionTypeDelegate.convert(SQLExceptionTypeDelegate.java:62)
	at org.hibernate.exception.internal.StandardSQLExceptionConverter.convert(StandardSQLExceptionConverter.java:58)
	at org.hibernate.engine.jdbc.spi.SqlExceptionHelper.convert(SqlExceptionHelper.java:108)
	at org.hibernate.engine.jdbc.internal.ResultSetReturnImpl.executeUpdate(ResultSetReturnImpl.java:197)
	at org.hibernate.engine.jdbc.mutation.internal.AbstractMutationExecutor.performNonBatchedMutation(AbstractMutationExecutor.java:107)
	at org.hibernate.engine.jdbc.mutation.internal.MutationExecutorSingleNonBatched.performNonBatchedOperations(MutationExecutorSingleNonBatched.java:40)
	at org.hibernate.engine.jdbc.mutation.internal.AbstractMutationExecutor.execute(AbstractMutationExecutor.java:52)
	at org.hibernate.persister.entity.mutation.AbstractDeleteCoordinator.doStaticDelete(AbstractDeleteCoordinator.java:279)
	at org.hibernate.persister.entity.mutation.AbstractDeleteCoordinator.coordinateDelete(AbstractDeleteCoordinator.java:87)
	at org.hibernate.persister.entity.AbstractEntityPersister.delete(AbstractEntityPersister.java:2979)
	at org.hibernate.action.internal.EntityDeleteAction.execute(EntityDeleteAction.java:131)
	at org.hibernate.engine.spi.ActionQueue.executeActions(ActionQueue.java:632)
	at org.hibernate.engine.spi.ActionQueue.executeActions(ActionQueue.java:499)
	at org.hibernate.event.internal.AbstractFlushingEventListener.performExecutions(AbstractFlushingEventListener.java:363)
	at org.hibernate.event.internal.DefaultFlushEventListener.onFlush(DefaultFlushEventListener.java:41)
	at org.hibernate.event.service.internal.EventListenerGroupImpl.fireEventOnEachListener(EventListenerGroupImpl.java:127)
	at org.hibernate.internal.SessionImpl.doFlush(SessionImpl.java:1423)
	at org.hibernate.internal.SessionImpl.managedFlush(SessionImpl.java:504)
	at org.hibernate.internal.SessionImpl.flushBeforeTransactionCompletion(SessionImpl.java:2339)
	at org.hibernate.internal.SessionImpl.beforeTransactionCompletion(SessionImpl.java:1996)
	at org.hibernate.engine.jdbc.internal.JdbcCoordinatorImpl.beforeTransactionCompletion(JdbcCoordinatorImpl.java:439)
	at org.hibernate.resource.transaction.backend.jdbc.internal.JdbcResourceLocalTransactionCoordinatorImpl.beforeCompletionCallback(JdbcResourceLocalTransactionCoordinatorImpl.java:169)
	at org.hibernate.resource.transaction.backend.jdbc.internal.JdbcResourceLocalTransactionCoordinatorImpl$TransactionDriverControlImpl.commit(JdbcResourceLocalTransactionCoordinatorImpl.java:267)
	at org.hibernate.engine.transaction.internal.TransactionImpl.commit(TransactionImpl.java:101)
	at org.springframework.orm.jpa.JpaTransactionManager.doCommit(JpaTransactionManager.java:561)
	... 18 more
Caused by: org.h2.jdbc.JdbcSQLIntegrityConstraintViolationException: Referential integrity constraint violation: "FK9SYUY0YP9A2C0FKR98PVXPB8M: PUBLIC.JOBS FOREIGN KEY(RECRUITER_ID) REFERENCES PUBLIC.USERS(ID) (CAST(31 AS BIGINT))"; SQL statement:
delete from users where id=? [23503-224]
	at org.h2.message.DbException.getJdbcSQLException(DbException.java:520)
	at org.h2.message.DbException.getJdbcSQLException(DbException.java:489)
	at org.h2.message.DbException.get(DbException.java:223)
	at org.h2.message.DbException.get(DbException.java:199)
	at org.h2.constraint.ConstraintReferential.checkRow(ConstraintReferential.java:365)
	at org.h2.constraint.ConstraintReferential.checkRowRefTable(ConstraintReferential.java:382)
	at org.h2.constraint.ConstraintReferential.checkRow(ConstraintReferential.java:256)
	at org.h2.table.Table.fireConstraints(Table.java:1200)
	at org.h2.table.Table.fireAfterRow(Table.java:1218)
	at org.h2.command.dml.Delete.update(Delete.java:92)
	at org.h2.command.dml.DataChangeStatement.update(DataChangeStatement.java:74)
	at org.h2.command.CommandContainer.update(CommandContainer.java:169)
	at org.h2.command.Command.executeUpdate(Command.java:256)
	at org.h2.jdbc.JdbcPreparedStatement.executeUpdateInternal(JdbcPreparedStatement.java:216)
	at org.h2.jdbc.JdbcPreparedStatement.executeUpdate(JdbcPreparedStatement.java:174)
	at com.zaxxer.hikari.pool.ProxyPreparedStatement.executeUpdate(ProxyPreparedStatement.java:61)
	at com.zaxxer.hikari.pool.HikariProxyPreparedStatement.executeUpdate(HikariProxyPreparedStatement.java)
	at org.hibernate.engine.jdbc.internal.ResultSetReturnImpl.executeUpdate(ResultSetReturnImpl.java:194)
	... 39 more
]]></error>
    <system-out><![CDATA[Hibernate: select e1_0.id,e1_0.company,e1_0.current_job,e1_0.description,e1_0.end_date,e1_0.start_date,e1_0.title,e1_0.user_id from experiences e1_0
Hibernate: select e1_0.id,e1_0.degree,e1_0.end_date,e1_0.field_of_study,e1_0.school,e1_0.start_date,e1_0.user_id from educations e1_0
Hibernate: select s1_0.id,s1_0.level,s1_0.name,s1_0.user_id from skills s1_0
Hibernate: select l1_0.id,l1_0.level,l1_0.name,l1_0.user_id from languages l1_0
Hibernate: select jp1_0.id,jp1_0.job_type,jp1_0.min_salary,jp1_0.mobility_zone,jp1_0.remote_preference,jp1_0.user_id,jp1_0.work_schedule from job_preferences jp1_0
Hibernate: select u1_0.id,u1_0.email,u1_0.first_name,u1_0.last_name,u1_0.location,u1_0.password,u1_0.phone from users u1_0
Hibernate: select r1_0.user_id,r1_0.roles from user_roles r1_0 where r1_0.user_id=?
Hibernate: select r1_0.user_id,r1_0.roles from user_roles r1_0 where r1_0.user_id=?
Hibernate: delete from user_roles where user_id=?
Hibernate: delete from user_roles where user_id=?
Hibernate: delete from users where id=?
2026-02-22T20:37:34.858+01:00  WARN 72965 --- [           main] o.h.engine.jdbc.spi.SqlExceptionHelper   : SQL Error: 23503, SQLState: 23503
2026-02-22T20:37:34.859+01:00 ERROR 72965 --- [           main] o.h.engine.jdbc.spi.SqlExceptionHelper   : Referential integrity constraint violation: "FK9SYUY0YP9A2C0FKR98PVXPB8M: PUBLIC.JOBS FOREIGN KEY(RECRUITER_ID) REFERENCES PUBLIC.USERS(ID) (CAST(31 AS BIGINT))"; SQL statement:
delete from users where id=? [23503-224]
]]></system-out>
  </testcase>
  <testcase name="deleteEducation_Success" classname="com.fij.Phase2IntegrationTest" time="0.031">
    <error message="could not execute statement [Referential integrity constraint violation: &quot;FK9SYUY0YP9A2C0FKR98PVXPB8M: PUBLIC.JOBS FOREIGN KEY(RECRUITER_ID) REFERENCES PUBLIC.USERS(ID) (CAST(31 AS BIGINT))&quot;; SQL statement:&#10;delete from users where id=? [23503-224]] [delete from users where id=?]; SQL [delete from users where id=?]; constraint [&quot;FK9SYUY0YP9A2C0FKR98PVXPB8M: PUBLIC.JOBS FOREIGN KEY(RECRUITER_ID) REFERENCES PUBLIC.USERS(ID) (CAST(31 AS BIGINT))&quot;; SQL statement:&#10;delete from users where id=? [23503-224]]" type="org.springframework.dao.DataIntegrityViolationException"><![CDATA[org.springframework.dao.DataIntegrityViolationException: 
could not execute statement [Referential integrity constraint violation: "FK9SYUY0YP9A2C0FKR98PVXPB8M: PUBLIC.JOBS FOREIGN KEY(RECRUITER_ID) REFERENCES PUBLIC.USERS(ID) (CAST(31 AS BIGINT))"; SQL statement:
delete from users where id=? [23503-224]] [delete from users where id=?]; SQL [delete from users where id=?]; constraint ["FK9SYUY0YP9A2C0FKR98PVXPB8M: PUBLIC.JOBS FOREIGN KEY(RECRUITER_ID) REFERENCES PUBLIC.USERS(ID) (CAST(31 AS BIGINT))"; SQL statement:
delete from users where id=? [23503-224]]
	at org.springframework.orm.jpa.vendor.HibernateJpaDialect.convertHibernateAccessException(HibernateJpaDialect.java:290)
	at org.springframework.orm.jpa.vendor.HibernateJpaDialect.translateExceptionIfPossible(HibernateJpaDialect.java:241)
	at org.springframework.orm.jpa.JpaTransactionManager.doCommit(JpaTransactionManager.java:565)
	at org.springframework.transaction.support.AbstractPlatformTransactionManager.processCommit(AbstractPlatformTransactionManager.java:794)
	at org.springframework.transaction.support.AbstractPlatformTransactionManager.commit(AbstractPlatformTransactionManager.java:757)
	at org.springframework.transaction.interceptor.TransactionAspectSupport.commitTransactionAfterReturning(TransactionAspectSupport.java:669)
	at org.springframework.transaction.interceptor.TransactionAspectSupport.invokeWithinTransaction(TransactionAspectSupport.java:419)
	at org.springframework.transaction.interceptor.TransactionInterceptor.invoke(TransactionInterceptor.java:119)
	at org.springframework.aop.framework.ReflectiveMethodInvocation.proceed(ReflectiveMethodInvocation.java:184)
	at org.springframework.dao.support.PersistenceExceptionTranslationInterceptor.invoke(PersistenceExceptionTranslationInterceptor.java:137)
	at org.springframework.aop.framework.ReflectiveMethodInvocation.proceed(ReflectiveMethodInvocation.java:184)
	at org.springframework.data.jpa.repository.support.CrudMethodMetadataPostProcessor$CrudMethodMetadataPopulatingMethodInterceptor.invoke(CrudMethodMetadataPostProcessor.java:164)
	at org.springframework.aop.framework.ReflectiveMethodInvocation.proceed(ReflectiveMethodInvocation.java:184)
	at org.springframework.aop.interceptor.ExposeInvocationInterceptor.invoke(ExposeInvocationInterceptor.java:97)
	at org.springframework.aop.framework.ReflectiveMethodInvocation.proceed(ReflectiveMethodInvocation.java:184)
	at org.springframework.aop.framework.JdkDynamicAopProxy.invoke(JdkDynamicAopProxy.java:220)
	at jdk.proxy2/jdk.proxy2.$Proxy157.deleteAll(Unknown Source)
	at com.fij.Phase2IntegrationTest.setUp(Phase2IntegrationTest.java:50)
	at java.base/java.lang.reflect.Method.invoke(Method.java:569)
	at java.base/java.util.ArrayList.forEach(ArrayList.java:1511)
	at java.base/java.util.ArrayList.forEach(ArrayList.java:1511)
Caused by: org.hibernate.exception.ConstraintViolationException: could not execute statement [Referential integrity constraint violation: "FK9SYUY0YP9A2C0FKR98PVXPB8M: PUBLIC.JOBS FOREIGN KEY(RECRUITER_ID) REFERENCES PUBLIC.USERS(ID) (CAST(31 AS BIGINT))"; SQL statement:
delete from users where id=? [23503-224]] [delete from users where id=?]
	at org.hibernate.exception.internal.SQLExceptionTypeDelegate.convert(SQLExceptionTypeDelegate.java:62)
	at org.hibernate.exception.internal.StandardSQLExceptionConverter.convert(StandardSQLExceptionConverter.java:58)
	at org.hibernate.engine.jdbc.spi.SqlExceptionHelper.convert(SqlExceptionHelper.java:108)
	at org.hibernate.engine.jdbc.internal.ResultSetReturnImpl.executeUpdate(ResultSetReturnImpl.java:197)
	at org.hibernate.engine.jdbc.mutation.internal.AbstractMutationExecutor.performNonBatchedMutation(AbstractMutationExecutor.java:107)
	at org.hibernate.engine.jdbc.mutation.internal.MutationExecutorSingleNonBatched.performNonBatchedOperations(MutationExecutorSingleNonBatched.java:40)
	at org.hibernate.engine.jdbc.mutation.internal.AbstractMutationExecutor.execute(AbstractMutationExecutor.java:52)
	at org.hibernate.persister.entity.mutation.AbstractDeleteCoordinator.doStaticDelete(AbstractDeleteCoordinator.java:279)
	at org.hibernate.persister.entity.mutation.AbstractDeleteCoordinator.coordinateDelete(AbstractDeleteCoordinator.java:87)
	at org.hibernate.persister.entity.AbstractEntityPersister.delete(AbstractEntityPersister.java:2979)
	at org.hibernate.action.internal.EntityDeleteAction.execute(EntityDeleteAction.java:131)
	at org.hibernate.engine.spi.ActionQueue.executeActions(ActionQueue.java:632)
	at org.hibernate.engine.spi.ActionQueue.executeActions(ActionQueue.java:499)
	at org.hibernate.event.internal.AbstractFlushingEventListener.performExecutions(AbstractFlushingEventListener.java:363)
	at org.hibernate.event.internal.DefaultFlushEventListener.onFlush(DefaultFlushEventListener.java:41)
	at org.hibernate.event.service.internal.EventListenerGroupImpl.fireEventOnEachListener(EventListenerGroupImpl.java:127)
	at org.hibernate.internal.SessionImpl.doFlush(SessionImpl.java:1423)
	at org.hibernate.internal.SessionImpl.managedFlush(SessionImpl.java:504)
	at org.hibernate.internal.SessionImpl.flushBeforeTransactionCompletion(SessionImpl.java:2339)
	at org.hibernate.internal.SessionImpl.beforeTransactionCompletion(SessionImpl.java:1996)
	at org.hibernate.engine.jdbc.internal.JdbcCoordinatorImpl.beforeTransactionCompletion(JdbcCoordinatorImpl.java:439)
	at org.hibernate.resource.transaction.backend.jdbc.internal.JdbcResourceLocalTransactionCoordinatorImpl.beforeCompletionCallback(JdbcResourceLocalTransactionCoordinatorImpl.java:169)
	at org.hibernate.resource.transaction.backend.jdbc.internal.JdbcResourceLocalTransactionCoordinatorImpl$TransactionDriverControlImpl.commit(JdbcResourceLocalTransactionCoordinatorImpl.java:267)
	at org.hibernate.engine.transaction.internal.TransactionImpl.commit(TransactionImpl.java:101)
	at org.springframework.orm.jpa.JpaTransactionManager.doCommit(JpaTransactionManager.java:561)
	... 18 more
Caused by: org.h2.jdbc.JdbcSQLIntegrityConstraintViolationException: Referential integrity constraint violation: "FK9SYUY0YP9A2C0FKR98PVXPB8M: PUBLIC.JOBS FOREIGN KEY(RECRUITER_ID) REFERENCES PUBLIC.USERS(ID) (CAST(31 AS BIGINT))"; SQL statement:
delete from users where id=? [23503-224]
	at org.h2.message.DbException.getJdbcSQLException(DbException.java:520)
	at org.h2.message.DbException.getJdbcSQLException(DbException.java:489)
	at org.h2.message.DbException.get(DbException.java:223)
	at org.h2.message.DbException.get(DbException.java:199)
	at org.h2.constraint.ConstraintReferential.checkRow(ConstraintReferential.java:365)
	at org.h2.constraint.ConstraintReferential.checkRowRefTable(ConstraintReferential.java:382)
	at org.h2.constraint.ConstraintReferential.checkRow(ConstraintReferential.java:256)
	at org.h2.table.Table.fireConstraints(Table.java:1200)
	at org.h2.table.Table.fireAfterRow(Table.java:1218)
	at org.h2.command.dml.Delete.update(Delete.java:92)
	at org.h2.command.dml.DataChangeStatement.update(DataChangeStatement.java:74)
	at org.h2.command.CommandContainer.update(CommandContainer.java:169)
	at org.h2.command.Command.executeUpdate(Command.java:256)
	at org.h2.jdbc.JdbcPreparedStatement.executeUpdateInternal(JdbcPreparedStatement.java:216)
	at org.h2.jdbc.JdbcPreparedStatement.executeUpdate(JdbcPreparedStatement.java:174)
	at com.zaxxer.hikari.pool.ProxyPreparedStatement.executeUpdate(ProxyPreparedStatement.java:61)
	at com.zaxxer.hikari.pool.HikariProxyPreparedStatement.executeUpdate(HikariProxyPreparedStatement.java)
	at org.hibernate.engine.jdbc.internal.ResultSetReturnImpl.executeUpdate(ResultSetReturnImpl.java:194)
	... 39 more
]]></error>
    <system-out><![CDATA[Hibernate: select e1_0.id,e1_0.company,e1_0.current_job,e1_0.description,e1_0.end_date,e1_0.start_date,e1_0.title,e1_0.user_id from experiences e1_0
Hibernate: select e1_0.id,e1_0.degree,e1_0.end_date,e1_0.field_of_study,e1_0.school,e1_0.start_date,e1_0.user_id from educations e1_0
Hibernate: select s1_0.id,s1_0.level,s1_0.name,s1_0.user_id from skills s1_0
Hibernate: select l1_0.id,l1_0.level,l1_0.name,l1_0.user_id from languages l1_0
Hibernate: select jp1_0.id,jp1_0.job_type,jp1_0.min_salary,jp1_0.mobility_zone,jp1_0.remote_preference,jp1_0.user_id,jp1_0.work_schedule from job_preferences jp1_0
Hibernate: select u1_0.id,u1_0.email,u1_0.first_name,u1_0.last_name,u1_0.location,u1_0.password,u1_0.phone from users u1_0
Hibernate: select r1_0.user_id,r1_0.roles from user_roles r1_0 where r1_0.user_id=?
Hibernate: select r1_0.user_id,r1_0.roles from user_roles r1_0 where r1_0.user_id=?
Hibernate: delete from user_roles where user_id=?
Hibernate: delete from user_roles where user_id=?
Hibernate: delete from users where id=?
2026-02-22T20:37:34.896+01:00  WARN 72965 --- [           main] o.h.engine.jdbc.spi.SqlExceptionHelper   : SQL Error: 23503, SQLState: 23503
2026-02-22T20:37:34.897+01:00 ERROR 72965 --- [           main] o.h.engine.jdbc.spi.SqlExceptionHelper   : Referential integrity constraint violation: "FK9SYUY0YP9A2C0FKR98PVXPB8M: PUBLIC.JOBS FOREIGN KEY(RECRUITER_ID) REFERENCES PUBLIC.USERS(ID) (CAST(31 AS BIGINT))"; SQL statement:
delete from users where id=? [23503-224]
]]></system-out>
  </testcase>
  <testcase name="addLanguage_Success_ReturnsLanguage" classname="com.fij.Phase2IntegrationTest" time="0.028">
    <error message="could not execute statement [Referential integrity constraint violation: &quot;FK9SYUY0YP9A2C0FKR98PVXPB8M: PUBLIC.JOBS FOREIGN KEY(RECRUITER_ID) REFERENCES PUBLIC.USERS(ID) (CAST(31 AS BIGINT))&quot;; SQL statement:&#10;delete from users where id=? [23503-224]] [delete from users where id=?]; SQL [delete from users where id=?]; constraint [&quot;FK9SYUY0YP9A2C0FKR98PVXPB8M: PUBLIC.JOBS FOREIGN KEY(RECRUITER_ID) REFERENCES PUBLIC.USERS(ID) (CAST(31 AS BIGINT))&quot;; SQL statement:&#10;delete from users where id=? [23503-224]]" type="org.springframework.dao.DataIntegrityViolationException"><![CDATA[org.springframework.dao.DataIntegrityViolationException: 
could not execute statement [Referential integrity constraint violation: "FK9SYUY0YP9A2C0FKR98PVXPB8M: PUBLIC.JOBS FOREIGN KEY(RECRUITER_ID) REFERENCES PUBLIC.USERS(ID) (CAST(31 AS BIGINT))"; SQL statement:
delete from users where id=? [23503-224]] [delete from users where id=?]; SQL [delete from users where id=?]; constraint ["FK9SYUY0YP9A2C0FKR98PVXPB8M: PUBLIC.JOBS FOREIGN KEY(RECRUITER_ID) REFERENCES PUBLIC.USERS(ID) (CAST(31 AS BIGINT))"; SQL statement:
delete from users where id=? [23503-224]]
	at org.springframework.orm.jpa.vendor.HibernateJpaDialect.convertHibernateAccessException(HibernateJpaDialect.java:290)
	at org.springframework.orm.jpa.vendor.HibernateJpaDialect.translateExceptionIfPossible(HibernateJpaDialect.java:241)
	at org.springframework.orm.jpa.JpaTransactionManager.doCommit(JpaTransactionManager.java:565)
	at org.springframework.transaction.support.AbstractPlatformTransactionManager.processCommit(AbstractPlatformTransactionManager.java:794)
	at org.springframework.transaction.support.AbstractPlatformTransactionManager.commit(AbstractPlatformTransactionManager.java:757)
	at org.springframework.transaction.interceptor.TransactionAspectSupport.commitTransactionAfterReturning(TransactionAspectSupport.java:669)
	at org.springframework.transaction.interceptor.TransactionAspectSupport.invokeWithinTransaction(TransactionAspectSupport.java:419)
	at org.springframework.transaction.interceptor.TransactionInterceptor.invoke(TransactionInterceptor.java:119)
	at org.springframework.aop.framework.ReflectiveMethodInvocation.proceed(ReflectiveMethodInvocation.java:184)
	at org.springframework.dao.support.PersistenceExceptionTranslationInterceptor.invoke(PersistenceExceptionTranslationInterceptor.java:137)
	at org.springframework.aop.framework.ReflectiveMethodInvocation.proceed(ReflectiveMethodInvocation.java:184)
	at org.springframework.data.jpa.repository.support.CrudMethodMetadataPostProcessor$CrudMethodMetadataPopulatingMethodInterceptor.invoke(CrudMethodMetadataPostProcessor.java:164)
	at org.springframework.aop.framework.ReflectiveMethodInvocation.proceed(ReflectiveMethodInvocation.java:184)
	at org.springframework.aop.interceptor.ExposeInvocationInterceptor.invoke(ExposeInvocationInterceptor.java:97)
	at org.springframework.aop.framework.ReflectiveMethodInvocation.proceed(ReflectiveMethodInvocation.java:184)
	at org.springframework.aop.framework.JdkDynamicAopProxy.invoke(JdkDynamicAopProxy.java:220)
	at jdk.proxy2/jdk.proxy2.$Proxy157.deleteAll(Unknown Source)
	at com.fij.Phase2IntegrationTest.setUp(Phase2IntegrationTest.java:50)
	at java.base/java.lang.reflect.Method.invoke(Method.java:569)
	at java.base/java.util.ArrayList.forEach(ArrayList.java:1511)
	at java.base/java.util.ArrayList.forEach(ArrayList.java:1511)
Caused by: org.hibernate.exception.ConstraintViolationException: could not execute statement [Referential integrity constraint violation: "FK9SYUY0YP9A2C0FKR98PVXPB8M: PUBLIC.JOBS FOREIGN KEY(RECRUITER_ID) REFERENCES PUBLIC.USERS(ID) (CAST(31 AS BIGINT))"; SQL statement:
delete from users where id=? [23503-224]] [delete from users where id=?]
	at org.hibernate.exception.internal.SQLExceptionTypeDelegate.convert(SQLExceptionTypeDelegate.java:62)
	at org.hibernate.exception.internal.StandardSQLExceptionConverter.convert(StandardSQLExceptionConverter.java:58)
	at org.hibernate.engine.jdbc.spi.SqlExceptionHelper.convert(SqlExceptionHelper.java:108)
	at org.hibernate.engine.jdbc.internal.ResultSetReturnImpl.executeUpdate(ResultSetReturnImpl.java:197)
	at org.hibernate.engine.jdbc.mutation.internal.AbstractMutationExecutor.performNonBatchedMutation(AbstractMutationExecutor.java:107)
	at org.hibernate.engine.jdbc.mutation.internal.MutationExecutorSingleNonBatched.performNonBatchedOperations(MutationExecutorSingleNonBatched.java:40)
	at org.hibernate.engine.jdbc.mutation.internal.AbstractMutationExecutor.execute(AbstractMutationExecutor.java:52)
	at org.hibernate.persister.entity.mutation.AbstractDeleteCoordinator.doStaticDelete(AbstractDeleteCoordinator.java:279)
	at org.hibernate.persister.entity.mutation.AbstractDeleteCoordinator.coordinateDelete(AbstractDeleteCoordinator.java:87)
	at org.hibernate.persister.entity.AbstractEntityPersister.delete(AbstractEntityPersister.java:2979)
	at org.hibernate.action.internal.EntityDeleteAction.execute(EntityDeleteAction.java:131)
	at org.hibernate.engine.spi.ActionQueue.executeActions(ActionQueue.java:632)
	at org.hibernate.engine.spi.ActionQueue.executeActions(ActionQueue.java:499)
	at org.hibernate.event.internal.AbstractFlushingEventListener.performExecutions(AbstractFlushingEventListener.java:363)
	at org.hibernate.event.internal.DefaultFlushEventListener.onFlush(DefaultFlushEventListener.java:41)
	at org.hibernate.event.service.internal.EventListenerGroupImpl.fireEventOnEachListener(EventListenerGroupImpl.java:127)
	at org.hibernate.internal.SessionImpl.doFlush(SessionImpl.java:1423)
	at org.hibernate.internal.SessionImpl.managedFlush(SessionImpl.java:504)
	at org.hibernate.internal.SessionImpl.flushBeforeTransactionCompletion(SessionImpl.java:2339)
	at org.hibernate.internal.SessionImpl.beforeTransactionCompletion(SessionImpl.java:1996)
	at org.hibernate.engine.jdbc.internal.JdbcCoordinatorImpl.beforeTransactionCompletion(JdbcCoordinatorImpl.java:439)
	at org.hibernate.resource.transaction.backend.jdbc.internal.JdbcResourceLocalTransactionCoordinatorImpl.beforeCompletionCallback(JdbcResourceLocalTransactionCoordinatorImpl.java:169)
	at org.hibernate.resource.transaction.backend.jdbc.internal.JdbcResourceLocalTransactionCoordinatorImpl$TransactionDriverControlImpl.commit(JdbcResourceLocalTransactionCoordinatorImpl.java:267)
	at org.hibernate.engine.transaction.internal.TransactionImpl.commit(TransactionImpl.java:101)
	at org.springframework.orm.jpa.JpaTransactionManager.doCommit(JpaTransactionManager.java:561)
	... 18 more
Caused by: org.h2.jdbc.JdbcSQLIntegrityConstraintViolationException: Referential integrity constraint violation: "FK9SYUY0YP9A2C0FKR98PVXPB8M: PUBLIC.JOBS FOREIGN KEY(RECRUITER_ID) REFERENCES PUBLIC.USERS(ID) (CAST(31 AS BIGINT))"; SQL statement:
delete from users where id=? [23503-224]
	at org.h2.message.DbException.getJdbcSQLException(DbException.java:520)
	at org.h2.message.DbException.getJdbcSQLException(DbException.java:489)
	at org.h2.message.DbException.get(DbException.java:223)
	at org.h2.message.DbException.get(DbException.java:199)
	at org.h2.constraint.ConstraintReferential.checkRow(ConstraintReferential.java:365)
	at org.h2.constraint.ConstraintReferential.checkRowRefTable(ConstraintReferential.java:382)
	at org.h2.constraint.ConstraintReferential.checkRow(ConstraintReferential.java:256)
	at org.h2.table.Table.fireConstraints(Table.java:1200)
	at org.h2.table.Table.fireAfterRow(Table.java:1218)
	at org.h2.command.dml.Delete.update(Delete.java:92)
	at org.h2.command.dml.DataChangeStatement.update(DataChangeStatement.java:74)
	at org.h2.command.CommandContainer.update(CommandContainer.java:169)
	at org.h2.command.Command.executeUpdate(Command.java:256)
	at org.h2.jdbc.JdbcPreparedStatement.executeUpdateInternal(JdbcPreparedStatement.java:216)
	at org.h2.jdbc.JdbcPreparedStatement.executeUpdate(JdbcPreparedStatement.java:174)
	at com.zaxxer.hikari.pool.ProxyPreparedStatement.executeUpdate(ProxyPreparedStatement.java:61)
	at com.zaxxer.hikari.pool.HikariProxyPreparedStatement.executeUpdate(HikariProxyPreparedStatement.java)
	at org.hibernate.engine.jdbc.internal.ResultSetReturnImpl.executeUpdate(ResultSetReturnImpl.java:194)
	... 39 more
]]></error>
    <system-out><![CDATA[Hibernate: select e1_0.id,e1_0.company,e1_0.current_job,e1_0.description,e1_0.end_date,e1_0.start_date,e1_0.title,e1_0.user_id from experiences e1_0
Hibernate: select e1_0.id,e1_0.degree,e1_0.end_date,e1_0.field_of_study,e1_0.school,e1_0.start_date,e1_0.user_id from educations e1_0
Hibernate: select s1_0.id,s1_0.level,s1_0.name,s1_0.user_id from skills s1_0
Hibernate: select l1_0.id,l1_0.level,l1_0.name,l1_0.user_id from languages l1_0
Hibernate: select jp1_0.id,jp1_0.job_type,jp1_0.min_salary,jp1_0.mobility_zone,jp1_0.remote_preference,jp1_0.user_id,jp1_0.work_schedule from job_preferences jp1_0
Hibernate: select u1_0.id,u1_0.email,u1_0.first_name,u1_0.last_name,u1_0.location,u1_0.password,u1_0.phone from users u1_0
Hibernate: select r1_0.user_id,r1_0.roles from user_roles r1_0 where r1_0.user_id=?
Hibernate: select r1_0.user_id,r1_0.roles from user_roles r1_0 where r1_0.user_id=?
Hibernate: delete from user_roles where user_id=?
Hibernate: delete from user_roles where user_id=?
Hibernate: delete from users where id=?
2026-02-22T20:37:34.928+01:00  WARN 72965 --- [           main] o.h.engine.jdbc.spi.SqlExceptionHelper   : SQL Error: 23503, SQLState: 23503
2026-02-22T20:37:34.929+01:00 ERROR 72965 --- [           main] o.h.engine.jdbc.spi.SqlExceptionHelper   : Referential integrity constraint violation: "FK9SYUY0YP9A2C0FKR98PVXPB8M: PUBLIC.JOBS FOREIGN KEY(RECRUITER_ID) REFERENCES PUBLIC.USERS(ID) (CAST(31 AS BIGINT))"; SQL statement:
delete from users where id=? [23503-224]
]]></system-out>
  </testcase>
  <testcase name="getSkills_ReturnsList" classname="com.fij.Phase2IntegrationTest" time="0.029">
    <error message="could not execute statement [Referential integrity constraint violation: &quot;FK9SYUY0YP9A2C0FKR98PVXPB8M: PUBLIC.JOBS FOREIGN KEY(RECRUITER_ID) REFERENCES PUBLIC.USERS(ID) (CAST(31 AS BIGINT))&quot;; SQL statement:&#10;delete from users where id=? [23503-224]] [delete from users where id=?]; SQL [delete from users where id=?]; constraint [&quot;FK9SYUY0YP9A2C0FKR98PVXPB8M: PUBLIC.JOBS FOREIGN KEY(RECRUITER_ID) REFERENCES PUBLIC.USERS(ID) (CAST(31 AS BIGINT))&quot;; SQL statement:&#10;delete from users where id=? [23503-224]]" type="org.springframework.dao.DataIntegrityViolationException"><![CDATA[org.springframework.dao.DataIntegrityViolationException: 
could not execute statement [Referential integrity constraint violation: "FK9SYUY0YP9A2C0FKR98PVXPB8M: PUBLIC.JOBS FOREIGN KEY(RECRUITER_ID) REFERENCES PUBLIC.USERS(ID) (CAST(31 AS BIGINT))"; SQL statement:
delete from users where id=? [23503-224]] [delete from users where id=?]; SQL [delete from users where id=?]; constraint ["FK9SYUY0YP9A2C0FKR98PVXPB8M: PUBLIC.JOBS FOREIGN KEY(RECRUITER_ID) REFERENCES PUBLIC.USERS(ID) (CAST(31 AS BIGINT))"; SQL statement:
delete from users where id=? [23503-224]]
	at org.springframework.orm.jpa.vendor.HibernateJpaDialect.convertHibernateAccessException(HibernateJpaDialect.java:290)
	at org.springframework.orm.jpa.vendor.HibernateJpaDialect.translateExceptionIfPossible(HibernateJpaDialect.java:241)
	at org.springframework.orm.jpa.JpaTransactionManager.doCommit(JpaTransactionManager.java:565)
	at org.springframework.transaction.support.AbstractPlatformTransactionManager.processCommit(AbstractPlatformTransactionManager.java:794)
	at org.springframework.transaction.support.AbstractPlatformTransactionManager.commit(AbstractPlatformTransactionManager.java:757)
	at org.springframework.transaction.interceptor.TransactionAspectSupport.commitTransactionAfterReturning(TransactionAspectSupport.java:669)
	at org.springframework.transaction.interceptor.TransactionAspectSupport.invokeWithinTransaction(TransactionAspectSupport.java:419)
	at org.springframework.transaction.interceptor.TransactionInterceptor.invoke(TransactionInterceptor.java:119)
	at org.springframework.aop.framework.ReflectiveMethodInvocation.proceed(ReflectiveMethodInvocation.java:184)
	at org.springframework.dao.support.PersistenceExceptionTranslationInterceptor.invoke(PersistenceExceptionTranslationInterceptor.java:137)
	at org.springframework.aop.framework.ReflectiveMethodInvocation.proceed(ReflectiveMethodInvocation.java:184)
	at org.springframework.data.jpa.repository.support.CrudMethodMetadataPostProcessor$CrudMethodMetadataPopulatingMethodInterceptor.invoke(CrudMethodMetadataPostProcessor.java:164)
	at org.springframework.aop.framework.ReflectiveMethodInvocation.proceed(ReflectiveMethodInvocation.java:184)
	at org.springframework.aop.interceptor.ExposeInvocationInterceptor.invoke(ExposeInvocationInterceptor.java:97)
	at org.springframework.aop.framework.ReflectiveMethodInvocation.proceed(ReflectiveMethodInvocation.java:184)
	at org.springframework.aop.framework.JdkDynamicAopProxy.invoke(JdkDynamicAopProxy.java:220)
	at jdk.proxy2/jdk.proxy2.$Proxy157.deleteAll(Unknown Source)
	at com.fij.Phase2IntegrationTest.setUp(Phase2IntegrationTest.java:50)
	at java.base/java.lang.reflect.Method.invoke(Method.java:569)
	at java.base/java.util.ArrayList.forEach(ArrayList.java:1511)
	at java.base/java.util.ArrayList.forEach(ArrayList.java:1511)
Caused by: org.hibernate.exception.ConstraintViolationException: could not execute statement [Referential integrity constraint violation: "FK9SYUY0YP9A2C0FKR98PVXPB8M: PUBLIC.JOBS FOREIGN KEY(RECRUITER_ID) REFERENCES PUBLIC.USERS(ID) (CAST(31 AS BIGINT))"; SQL statement:
delete from users where id=? [23503-224]] [delete from users where id=?]
	at org.hibernate.exception.internal.SQLExceptionTypeDelegate.convert(SQLExceptionTypeDelegate.java:62)
	at org.hibernate.exception.internal.StandardSQLExceptionConverter.convert(StandardSQLExceptionConverter.java:58)
	at org.hibernate.engine.jdbc.spi.SqlExceptionHelper.convert(SqlExceptionHelper.java:108)
	at org.hibernate.engine.jdbc.internal.ResultSetReturnImpl.executeUpdate(ResultSetReturnImpl.java:197)
	at org.hibernate.engine.jdbc.mutation.internal.AbstractMutationExecutor.performNonBatchedMutation(AbstractMutationExecutor.java:107)
	at org.hibernate.engine.jdbc.mutation.internal.MutationExecutorSingleNonBatched.performNonBatchedOperations(MutationExecutorSingleNonBatched.java:40)
	at org.hibernate.engine.jdbc.mutation.internal.AbstractMutationExecutor.execute(AbstractMutationExecutor.java:52)
	at org.hibernate.persister.entity.mutation.AbstractDeleteCoordinator.doStaticDelete(AbstractDeleteCoordinator.java:279)
	at org.hibernate.persister.entity.mutation.AbstractDeleteCoordinator.coordinateDelete(AbstractDeleteCoordinator.java:87)
	at org.hibernate.persister.entity.AbstractEntityPersister.delete(AbstractEntityPersister.java:2979)
	at org.hibernate.action.internal.EntityDeleteAction.execute(EntityDeleteAction.java:131)
	at org.hibernate.engine.spi.ActionQueue.executeActions(ActionQueue.java:632)
	at org.hibernate.engine.spi.ActionQueue.executeActions(ActionQueue.java:499)
	at org.hibernate.event.internal.AbstractFlushingEventListener.performExecutions(AbstractFlushingEventListener.java:363)
	at org.hibernate.event.internal.DefaultFlushEventListener.onFlush(DefaultFlushEventListener.java:41)
	at org.hibernate.event.service.internal.EventListenerGroupImpl.fireEventOnEachListener(EventListenerGroupImpl.java:127)
	at org.hibernate.internal.SessionImpl.doFlush(SessionImpl.java:1423)
	at org.hibernate.internal.SessionImpl.managedFlush(SessionImpl.java:504)
	at org.hibernate.internal.SessionImpl.flushBeforeTransactionCompletion(SessionImpl.java:2339)
	at org.hibernate.internal.SessionImpl.beforeTransactionCompletion(SessionImpl.java:1996)
	at org.hibernate.engine.jdbc.internal.JdbcCoordinatorImpl.beforeTransactionCompletion(JdbcCoordinatorImpl.java:439)
	at org.hibernate.resource.transaction.backend.jdbc.internal.JdbcResourceLocalTransactionCoordinatorImpl.beforeCompletionCallback(JdbcResourceLocalTransactionCoordinatorImpl.java:169)
	at org.hibernate.resource.transaction.backend.jdbc.internal.JdbcResourceLocalTransactionCoordinatorImpl$TransactionDriverControlImpl.commit(JdbcResourceLocalTransactionCoordinatorImpl.java:267)
	at org.hibernate.engine.transaction.internal.TransactionImpl.commit(TransactionImpl.java:101)
	at org.springframework.orm.jpa.JpaTransactionManager.doCommit(JpaTransactionManager.java:561)
	... 18 more
Caused by: org.h2.jdbc.JdbcSQLIntegrityConstraintViolationException: Referential integrity constraint violation: "FK9SYUY0YP9A2C0FKR98PVXPB8M: PUBLIC.JOBS FOREIGN KEY(RECRUITER_ID) REFERENCES PUBLIC.USERS(ID) (CAST(31 AS BIGINT))"; SQL statement:
delete from users where id=? [23503-224]
	at org.h2.message.DbException.getJdbcSQLException(DbException.java:520)
	at org.h2.message.DbException.getJdbcSQLException(DbException.java:489)
	at org.h2.message.DbException.get(DbException.java:223)
	at org.h2.message.DbException.get(DbException.java:199)
	at org.h2.constraint.ConstraintReferential.checkRow(ConstraintReferential.java:365)
	at org.h2.constraint.ConstraintReferential.checkRowRefTable(ConstraintReferential.java:382)
	at org.h2.constraint.ConstraintReferential.checkRow(ConstraintReferential.java:256)
	at org.h2.table.Table.fireConstraints(Table.java:1200)
	at org.h2.table.Table.fireAfterRow(Table.java:1218)
	at org.h2.command.dml.Delete.update(Delete.java:92)
	at org.h2.command.dml.DataChangeStatement.update(DataChangeStatement.java:74)
	at org.h2.command.CommandContainer.update(CommandContainer.java:169)
	at org.h2.command.Command.executeUpdate(Command.java:256)
	at org.h2.jdbc.JdbcPreparedStatement.executeUpdateInternal(JdbcPreparedStatement.java:216)
	at org.h2.jdbc.JdbcPreparedStatement.executeUpdate(JdbcPreparedStatement.java:174)
	at com.zaxxer.hikari.pool.ProxyPreparedStatement.executeUpdate(ProxyPreparedStatement.java:61)
	at com.zaxxer.hikari.pool.HikariProxyPreparedStatement.executeUpdate(HikariProxyPreparedStatement.java)
	at org.hibernate.engine.jdbc.internal.ResultSetReturnImpl.executeUpdate(ResultSetReturnImpl.java:194)
	... 39 more
]]></error>
    <system-out><![CDATA[Hibernate: select e1_0.id,e1_0.company,e1_0.current_job,e1_0.description,e1_0.end_date,e1_0.start_date,e1_0.title,e1_0.user_id from experiences e1_0
Hibernate: select e1_0.id,e1_0.degree,e1_0.end_date,e1_0.field_of_study,e1_0.school,e1_0.start_date,e1_0.user_id from educations e1_0
Hibernate: select s1_0.id,s1_0.level,s1_0.name,s1_0.user_id from skills s1_0
Hibernate: select l1_0.id,l1_0.level,l1_0.name,l1_0.user_id from languages l1_0
Hibernate: select jp1_0.id,jp1_0.job_type,jp1_0.min_salary,jp1_0.mobility_zone,jp1_0.remote_preference,jp1_0.user_id,jp1_0.work_schedule from job_preferences jp1_0
Hibernate: select u1_0.id,u1_0.email,u1_0.first_name,u1_0.last_name,u1_0.location,u1_0.password,u1_0.phone from users u1_0
Hibernate: select r1_0.user_id,r1_0.roles from user_roles r1_0 where r1_0.user_id=?
Hibernate: select r1_0.user_id,r1_0.roles from user_roles r1_0 where r1_0.user_id=?
Hibernate: delete from user_roles where user_id=?
Hibernate: delete from user_roles where user_id=?
Hibernate: delete from users where id=?
2026-02-22T20:37:34.959+01:00  WARN 72965 --- [           main] o.h.engine.jdbc.spi.SqlExceptionHelper   : SQL Error: 23503, SQLState: 23503
2026-02-22T20:37:34.959+01:00 ERROR 72965 --- [           main] o.h.engine.jdbc.spi.SqlExceptionHelper   : Referential integrity constraint violation: "FK9SYUY0YP9A2C0FKR98PVXPB8M: PUBLIC.JOBS FOREIGN KEY(RECRUITER_ID) REFERENCES PUBLIC.USERS(ID) (CAST(31 AS BIGINT))"; SQL statement:
delete from users where id=? [23503-224]
]]></system-out>
  </testcase>
  <testcase name="getExperiences_ReturnsList" classname="com.fij.Phase2IntegrationTest" time="0.029">
    <error message="could not execute statement [Referential integrity constraint violation: &quot;FK9SYUY0YP9A2C0FKR98PVXPB8M: PUBLIC.JOBS FOREIGN KEY(RECRUITER_ID) REFERENCES PUBLIC.USERS(ID) (CAST(31 AS BIGINT))&quot;; SQL statement:&#10;delete from users where id=? [23503-224]] [delete from users where id=?]; SQL [delete from users where id=?]; constraint [&quot;FK9SYUY0YP9A2C0FKR98PVXPB8M: PUBLIC.JOBS FOREIGN KEY(RECRUITER_ID) REFERENCES PUBLIC.USERS(ID) (CAST(31 AS BIGINT))&quot;; SQL statement:&#10;delete from users where id=? [23503-224]]" type="org.springframework.dao.DataIntegrityViolationException"><![CDATA[org.springframework.dao.DataIntegrityViolationException: 
could not execute statement [Referential integrity constraint violation: "FK9SYUY0YP9A2C0FKR98PVXPB8M: PUBLIC.JOBS FOREIGN KEY(RECRUITER_ID) REFERENCES PUBLIC.USERS(ID) (CAST(31 AS BIGINT))"; SQL statement:
delete from users where id=? [23503-224]] [delete from users where id=?]; SQL [delete from users where id=?]; constraint ["FK9SYUY0YP9A2C0FKR98PVXPB8M: PUBLIC.JOBS FOREIGN KEY(RECRUITER_ID) REFERENCES PUBLIC.USERS(ID) (CAST(31 AS BIGINT))"; SQL statement:
delete from users where id=? [23503-224]]
	at org.springframework.orm.jpa.vendor.HibernateJpaDialect.convertHibernateAccessException(HibernateJpaDialect.java:290)
	at org.springframework.orm.jpa.vendor.HibernateJpaDialect.translateExceptionIfPossible(HibernateJpaDialect.java:241)
	at org.springframework.orm.jpa.JpaTransactionManager.doCommit(JpaTransactionManager.java:565)
	at org.springframework.transaction.support.AbstractPlatformTransactionManager.processCommit(AbstractPlatformTransactionManager.java:794)
	at org.springframework.transaction.support.AbstractPlatformTransactionManager.commit(AbstractPlatformTransactionManager.java:757)
	at org.springframework.transaction.interceptor.TransactionAspectSupport.commitTransactionAfterReturning(TransactionAspectSupport.java:669)
	at org.springframework.transaction.interceptor.TransactionAspectSupport.invokeWithinTransaction(TransactionAspectSupport.java:419)
	at org.springframework.transaction.interceptor.TransactionInterceptor.invoke(TransactionInterceptor.java:119)
	at org.springframework.aop.framework.ReflectiveMethodInvocation.proceed(ReflectiveMethodInvocation.java:184)
	at org.springframework.dao.support.PersistenceExceptionTranslationInterceptor.invoke(PersistenceExceptionTranslationInterceptor.java:137)
	at org.springframework.aop.framework.ReflectiveMethodInvocation.proceed(ReflectiveMethodInvocation.java:184)
	at org.springframework.data.jpa.repository.support.CrudMethodMetadataPostProcessor$CrudMethodMetadataPopulatingMethodInterceptor.invoke(CrudMethodMetadataPostProcessor.java:164)
	at org.springframework.aop.framework.ReflectiveMethodInvocation.proceed(ReflectiveMethodInvocation.java:184)
	at org.springframework.aop.interceptor.ExposeInvocationInterceptor.invoke(ExposeInvocationInterceptor.java:97)
	at org.springframework.aop.framework.ReflectiveMethodInvocation.proceed(ReflectiveMethodInvocation.java:184)
	at org.springframework.aop.framework.JdkDynamicAopProxy.invoke(JdkDynamicAopProxy.java:220)
	at jdk.proxy2/jdk.proxy2.$Proxy157.deleteAll(Unknown Source)
	at com.fij.Phase2IntegrationTest.setUp(Phase2IntegrationTest.java:50)
	at java.base/java.lang.reflect.Method.invoke(Method.java:569)
	at java.base/java.util.ArrayList.forEach(ArrayList.java:1511)
	at java.base/java.util.ArrayList.forEach(ArrayList.java:1511)
Caused by: org.hibernate.exception.ConstraintViolationException: could not execute statement [Referential integrity constraint violation: "FK9SYUY0YP9A2C0FKR98PVXPB8M: PUBLIC.JOBS FOREIGN KEY(RECRUITER_ID) REFERENCES PUBLIC.USERS(ID) (CAST(31 AS BIGINT))"; SQL statement:
delete from users where id=? [23503-224]] [delete from users where id=?]
	at org.hibernate.exception.internal.SQLExceptionTypeDelegate.convert(SQLExceptionTypeDelegate.java:62)
	at org.hibernate.exception.internal.StandardSQLExceptionConverter.convert(StandardSQLExceptionConverter.java:58)
	at org.hibernate.engine.jdbc.spi.SqlExceptionHelper.convert(SqlExceptionHelper.java:108)
	at org.hibernate.engine.jdbc.internal.ResultSetReturnImpl.executeUpdate(ResultSetReturnImpl.java:197)
	at org.hibernate.engine.jdbc.mutation.internal.AbstractMutationExecutor.performNonBatchedMutation(AbstractMutationExecutor.java:107)
	at org.hibernate.engine.jdbc.mutation.internal.MutationExecutorSingleNonBatched.performNonBatchedOperations(MutationExecutorSingleNonBatched.java:40)
	at org.hibernate.engine.jdbc.mutation.internal.AbstractMutationExecutor.execute(AbstractMutationExecutor.java:52)
	at org.hibernate.persister.entity.mutation.AbstractDeleteCoordinator.doStaticDelete(AbstractDeleteCoordinator.java:279)
	at org.hibernate.persister.entity.mutation.AbstractDeleteCoordinator.coordinateDelete(AbstractDeleteCoordinator.java:87)
	at org.hibernate.persister.entity.AbstractEntityPersister.delete(AbstractEntityPersister.java:2979)
	at org.hibernate.action.internal.EntityDeleteAction.execute(EntityDeleteAction.java:131)
	at org.hibernate.engine.spi.ActionQueue.executeActions(ActionQueue.java:632)
	at org.hibernate.engine.spi.ActionQueue.executeActions(ActionQueue.java:499)
	at org.hibernate.event.internal.AbstractFlushingEventListener.performExecutions(AbstractFlushingEventListener.java:363)
	at org.hibernate.event.internal.DefaultFlushEventListener.onFlush(DefaultFlushEventListener.java:41)
	at org.hibernate.event.service.internal.EventListenerGroupImpl.fireEventOnEachListener(EventListenerGroupImpl.java:127)
	at org.hibernate.internal.SessionImpl.doFlush(SessionImpl.java:1423)
	at org.hibernate.internal.SessionImpl.managedFlush(SessionImpl.java:504)
	at org.hibernate.internal.SessionImpl.flushBeforeTransactionCompletion(SessionImpl.java:2339)
	at org.hibernate.internal.SessionImpl.beforeTransactionCompletion(SessionImpl.java:1996)
	at org.hibernate.engine.jdbc.internal.JdbcCoordinatorImpl.beforeTransactionCompletion(JdbcCoordinatorImpl.java:439)
	at org.hibernate.resource.transaction.backend.jdbc.internal.JdbcResourceLocalTransactionCoordinatorImpl.beforeCompletionCallback(JdbcResourceLocalTransactionCoordinatorImpl.java:169)
	at org.hibernate.resource.transaction.backend.jdbc.internal.JdbcResourceLocalTransactionCoordinatorImpl$TransactionDriverControlImpl.commit(JdbcResourceLocalTransactionCoordinatorImpl.java:267)
	at org.hibernate.engine.transaction.internal.TransactionImpl.commit(TransactionImpl.java:101)
	at org.springframework.orm.jpa.JpaTransactionManager.doCommit(JpaTransactionManager.java:561)
	... 18 more
Caused by: org.h2.jdbc.JdbcSQLIntegrityConstraintViolationException: Referential integrity constraint violation: "FK9SYUY0YP9A2C0FKR98PVXPB8M: PUBLIC.JOBS FOREIGN KEY(RECRUITER_ID) REFERENCES PUBLIC.USERS(ID) (CAST(31 AS BIGINT))"; SQL statement:
delete from users where id=? [23503-224]
	at org.h2.message.DbException.getJdbcSQLException(DbException.java:520)
	at org.h2.message.DbException.getJdbcSQLException(DbException.java:489)
	at org.h2.message.DbException.get(DbException.java:223)
	at org.h2.message.DbException.get(DbException.java:199)
	at org.h2.constraint.ConstraintReferential.checkRow(ConstraintReferential.java:365)
	at org.h2.constraint.ConstraintReferential.checkRowRefTable(ConstraintReferential.java:382)
	at org.h2.constraint.ConstraintReferential.checkRow(ConstraintReferential.java:256)
	at org.h2.table.Table.fireConstraints(Table.java:1200)
	at org.h2.table.Table.fireAfterRow(Table.java:1218)
	at org.h2.command.dml.Delete.update(Delete.java:92)
	at org.h2.command.dml.DataChangeStatement.update(DataChangeStatement.java:74)
	at org.h2.command.CommandContainer.update(CommandContainer.java:169)
	at org.h2.command.Command.executeUpdate(Command.java:256)
	at org.h2.jdbc.JdbcPreparedStatement.executeUpdateInternal(JdbcPreparedStatement.java:216)
	at org.h2.jdbc.JdbcPreparedStatement.executeUpdate(JdbcPreparedStatement.java:174)
	at com.zaxxer.hikari.pool.ProxyPreparedStatement.executeUpdate(ProxyPreparedStatement.java:61)
	at com.zaxxer.hikari.pool.HikariProxyPreparedStatement.executeUpdate(HikariProxyPreparedStatement.java)
	at org.hibernate.engine.jdbc.internal.ResultSetReturnImpl.executeUpdate(ResultSetReturnImpl.java:194)
	... 39 more
]]></error>
    <system-out><![CDATA[Hibernate: select e1_0.id,e1_0.company,e1_0.current_job,e1_0.description,e1_0.end_date,e1_0.start_date,e1_0.title,e1_0.user_id from experiences e1_0
Hibernate: select e1_0.id,e1_0.degree,e1_0.end_date,e1_0.field_of_study,e1_0.school,e1_0.start_date,e1_0.user_id from educations e1_0
Hibernate: select s1_0.id,s1_0.level,s1_0.name,s1_0.user_id from skills s1_0
Hibernate: select l1_0.id,l1_0.level,l1_0.name,l1_0.user_id from languages l1_0
Hibernate: select jp1_0.id,jp1_0.job_type,jp1_0.min_salary,jp1_0.mobility_zone,jp1_0.remote_preference,jp1_0.user_id,jp1_0.work_schedule from job_preferences jp1_0
Hibernate: select u1_0.id,u1_0.email,u1_0.first_name,u1_0.last_name,u1_0.location,u1_0.password,u1_0.phone from users u1_0
Hibernate: select r1_0.user_id,r1_0.roles from user_roles r1_0 where r1_0.user_id=?
Hibernate: select r1_0.user_id,r1_0.roles from user_roles r1_0 where r1_0.user_id=?
Hibernate: delete from user_roles where user_id=?
Hibernate: delete from user_roles where user_id=?
Hibernate: delete from users where id=?
2026-02-22T20:37:34.992+01:00  WARN 72965 --- [           main] o.h.engine.jdbc.spi.SqlExceptionHelper   : SQL Error: 23503, SQLState: 23503
2026-02-22T20:37:34.992+01:00 ERROR 72965 --- [           main] o.h.engine.jdbc.spi.SqlExceptionHelper   : Referential integrity constraint violation: "FK9SYUY0YP9A2C0FKR98PVXPB8M: PUBLIC.JOBS FOREIGN KEY(RECRUITER_ID) REFERENCES PUBLIC.USERS(ID) (CAST(31 AS BIGINT))"; SQL statement:
delete from users where id=? [23503-224]
]]></system-out>
  </testcase>
  <testcase name="saveJobPreference_Success_ReturnsPreference" classname="com.fij.Phase2IntegrationTest" time="0.036">
    <error message="could not execute statement [Referential integrity constraint violation: &quot;FK9SYUY0YP9A2C0FKR98PVXPB8M: PUBLIC.JOBS FOREIGN KEY(RECRUITER_ID) REFERENCES PUBLIC.USERS(ID) (CAST(31 AS BIGINT))&quot;; SQL statement:&#10;delete from users where id=? [23503-224]] [delete from users where id=?]; SQL [delete from users where id=?]; constraint [&quot;FK9SYUY0YP9A2C0FKR98PVXPB8M: PUBLIC.JOBS FOREIGN KEY(RECRUITER_ID) REFERENCES PUBLIC.USERS(ID) (CAST(31 AS BIGINT))&quot;; SQL statement:&#10;delete from users where id=? [23503-224]]" type="org.springframework.dao.DataIntegrityViolationException"><![CDATA[org.springframework.dao.DataIntegrityViolationException: 
could not execute statement [Referential integrity constraint violation: "FK9SYUY0YP9A2C0FKR98PVXPB8M: PUBLIC.JOBS FOREIGN KEY(RECRUITER_ID) REFERENCES PUBLIC.USERS(ID) (CAST(31 AS BIGINT))"; SQL statement:
delete from users where id=? [23503-224]] [delete from users where id=?]; SQL [delete from users where id=?]; constraint ["FK9SYUY0YP9A2C0FKR98PVXPB8M: PUBLIC.JOBS FOREIGN KEY(RECRUITER_ID) REFERENCES PUBLIC.USERS(ID) (CAST(31 AS BIGINT))"; SQL statement:
delete from users where id=? [23503-224]]
	at org.springframework.orm.jpa.vendor.HibernateJpaDialect.convertHibernateAccessException(HibernateJpaDialect.java:290)
	at org.springframework.orm.jpa.vendor.HibernateJpaDialect.translateExceptionIfPossible(HibernateJpaDialect.java:241)
	at org.springframework.orm.jpa.JpaTransactionManager.doCommit(JpaTransactionManager.java:565)
	at org.springframework.transaction.support.AbstractPlatformTransactionManager.processCommit(AbstractPlatformTransactionManager.java:794)
	at org.springframework.transaction.support.AbstractPlatformTransactionManager.commit(AbstractPlatformTransactionManager.java:757)
	at org.springframework.transaction.interceptor.TransactionAspectSupport.commitTransactionAfterReturning(TransactionAspectSupport.java:669)
	at org.springframework.transaction.interceptor.TransactionAspectSupport.invokeWithinTransaction(TransactionAspectSupport.java:419)
	at org.springframework.transaction.interceptor.TransactionInterceptor.invoke(TransactionInterceptor.java:119)
	at org.springframework.aop.framework.ReflectiveMethodInvocation.proceed(ReflectiveMethodInvocation.java:184)
	at org.springframework.dao.support.PersistenceExceptionTranslationInterceptor.invoke(PersistenceExceptionTranslationInterceptor.java:137)
	at org.springframework.aop.framework.ReflectiveMethodInvocation.proceed(ReflectiveMethodInvocation.java:184)
	at org.springframework.data.jpa.repository.support.CrudMethodMetadataPostProcessor$CrudMethodMetadataPopulatingMethodInterceptor.invoke(CrudMethodMetadataPostProcessor.java:164)
	at org.springframework.aop.framework.ReflectiveMethodInvocation.proceed(ReflectiveMethodInvocation.java:184)
	at org.springframework.aop.interceptor.ExposeInvocationInterceptor.invoke(ExposeInvocationInterceptor.java:97)
	at org.springframework.aop.framework.ReflectiveMethodInvocation.proceed(ReflectiveMethodInvocation.java:184)
	at org.springframework.aop.framework.JdkDynamicAopProxy.invoke(JdkDynamicAopProxy.java:220)
	at jdk.proxy2/jdk.proxy2.$Proxy157.deleteAll(Unknown Source)
	at com.fij.Phase2IntegrationTest.setUp(Phase2IntegrationTest.java:50)
	at java.base/java.lang.reflect.Method.invoke(Method.java:569)
	at java.base/java.util.ArrayList.forEach(ArrayList.java:1511)
	at java.base/java.util.ArrayList.forEach(ArrayList.java:1511)
Caused by: org.hibernate.exception.ConstraintViolationException: could not execute statement [Referential integrity constraint violation: "FK9SYUY0YP9A2C0FKR98PVXPB8M: PUBLIC.JOBS FOREIGN KEY(RECRUITER_ID) REFERENCES PUBLIC.USERS(ID) (CAST(31 AS BIGINT))"; SQL statement:
delete from users where id=? [23503-224]] [delete from users where id=?]
	at org.hibernate.exception.internal.SQLExceptionTypeDelegate.convert(SQLExceptionTypeDelegate.java:62)
	at org.hibernate.exception.internal.StandardSQLExceptionConverter.convert(StandardSQLExceptionConverter.java:58)
	at org.hibernate.engine.jdbc.spi.SqlExceptionHelper.convert(SqlExceptionHelper.java:108)
	at org.hibernate.engine.jdbc.internal.ResultSetReturnImpl.executeUpdate(ResultSetReturnImpl.java:197)
	at org.hibernate.engine.jdbc.mutation.internal.AbstractMutationExecutor.performNonBatchedMutation(AbstractMutationExecutor.java:107)
	at org.hibernate.engine.jdbc.mutation.internal.MutationExecutorSingleNonBatched.performNonBatchedOperations(MutationExecutorSingleNonBatched.java:40)
	at org.hibernate.engine.jdbc.mutation.internal.AbstractMutationExecutor.execute(AbstractMutationExecutor.java:52)
	at org.hibernate.persister.entity.mutation.AbstractDeleteCoordinator.doStaticDelete(AbstractDeleteCoordinator.java:279)
	at org.hibernate.persister.entity.mutation.AbstractDeleteCoordinator.coordinateDelete(AbstractDeleteCoordinator.java:87)
	at org.hibernate.persister.entity.AbstractEntityPersister.delete(AbstractEntityPersister.java:2979)
	at org.hibernate.action.internal.EntityDeleteAction.execute(EntityDeleteAction.java:131)
	at org.hibernate.engine.spi.ActionQueue.executeActions(ActionQueue.java:632)
	at org.hibernate.engine.spi.ActionQueue.executeActions(ActionQueue.java:499)
	at org.hibernate.event.internal.AbstractFlushingEventListener.performExecutions(AbstractFlushingEventListener.java:363)
	at org.hibernate.event.internal.DefaultFlushEventListener.onFlush(DefaultFlushEventListener.java:41)
	at org.hibernate.event.service.internal.EventListenerGroupImpl.fireEventOnEachListener(EventListenerGroupImpl.java:127)
	at org.hibernate.internal.SessionImpl.doFlush(SessionImpl.java:1423)
	at org.hibernate.internal.SessionImpl.managedFlush(SessionImpl.java:504)
	at org.hibernate.internal.SessionImpl.flushBeforeTransactionCompletion(SessionImpl.java:2339)
	at org.hibernate.internal.SessionImpl.beforeTransactionCompletion(SessionImpl.java:1996)
	at org.hibernate.engine.jdbc.internal.JdbcCoordinatorImpl.beforeTransactionCompletion(JdbcCoordinatorImpl.java:439)
	at org.hibernate.resource.transaction.backend.jdbc.internal.JdbcResourceLocalTransactionCoordinatorImpl.beforeCompletionCallback(JdbcResourceLocalTransactionCoordinatorImpl.java:169)
	at org.hibernate.resource.transaction.backend.jdbc.internal.JdbcResourceLocalTransactionCoordinatorImpl$TransactionDriverControlImpl.commit(JdbcResourceLocalTransactionCoordinatorImpl.java:267)
	at org.hibernate.engine.transaction.internal.TransactionImpl.commit(TransactionImpl.java:101)
	at org.springframework.orm.jpa.JpaTransactionManager.doCommit(JpaTransactionManager.java:561)
	... 18 more
Caused by: org.h2.jdbc.JdbcSQLIntegrityConstraintViolationException: Referential integrity constraint violation: "FK9SYUY0YP9A2C0FKR98PVXPB8M: PUBLIC.JOBS FOREIGN KEY(RECRUITER_ID) REFERENCES PUBLIC.USERS(ID) (CAST(31 AS BIGINT))"; SQL statement:
delete from users where id=? [23503-224]
	at org.h2.message.DbException.getJdbcSQLException(DbException.java:520)
	at org.h2.message.DbException.getJdbcSQLException(DbException.java:489)
	at org.h2.message.DbException.get(DbException.java:223)
	at org.h2.message.DbException.get(DbException.java:199)
	at org.h2.constraint.ConstraintReferential.checkRow(ConstraintReferential.java:365)
	at org.h2.constraint.ConstraintReferential.checkRowRefTable(ConstraintReferential.java:382)
	at org.h2.constraint.ConstraintReferential.checkRow(ConstraintReferential.java:256)
	at org.h2.table.Table.fireConstraints(Table.java:1200)
	at org.h2.table.Table.fireAfterRow(Table.java:1218)
	at org.h2.command.dml.Delete.update(Delete.java:92)
	at org.h2.command.dml.DataChangeStatement.update(DataChangeStatement.java:74)
	at org.h2.command.CommandContainer.update(CommandContainer.java:169)
	at org.h2.command.Command.executeUpdate(Command.java:256)
	at org.h2.jdbc.JdbcPreparedStatement.executeUpdateInternal(JdbcPreparedStatement.java:216)
	at org.h2.jdbc.JdbcPreparedStatement.executeUpdate(JdbcPreparedStatement.java:174)
	at com.zaxxer.hikari.pool.ProxyPreparedStatement.executeUpdate(ProxyPreparedStatement.java:61)
	at com.zaxxer.hikari.pool.HikariProxyPreparedStatement.executeUpdate(HikariProxyPreparedStatement.java)
	at org.hibernate.engine.jdbc.internal.ResultSetReturnImpl.executeUpdate(ResultSetReturnImpl.java:194)
	... 39 more
]]></error>
    <system-out><![CDATA[Hibernate: select e1_0.id,e1_0.company,e1_0.current_job,e1_0.description,e1_0.end_date,e1_0.start_date,e1_0.title,e1_0.user_id from experiences e1_0
Hibernate: select e1_0.id,e1_0.degree,e1_0.end_date,e1_0.field_of_study,e1_0.school,e1_0.start_date,e1_0.user_id from educations e1_0
Hibernate: select s1_0.id,s1_0.level,s1_0.name,s1_0.user_id from skills s1_0
Hibernate: select l1_0.id,l1_0.level,l1_0.name,l1_0.user_id from languages l1_0
Hibernate: select jp1_0.id,jp1_0.job_type,jp1_0.min_salary,jp1_0.mobility_zone,jp1_0.remote_preference,jp1_0.user_id,jp1_0.work_schedule from job_preferences jp1_0
Hibernate: select u1_0.id,u1_0.email,u1_0.first_name,u1_0.last_name,u1_0.location,u1_0.password,u1_0.phone from users u1_0
Hibernate: select r1_0.user_id,r1_0.roles from user_roles r1_0 where r1_0.user_id=?
Hibernate: select r1_0.user_id,r1_0.roles from user_roles r1_0 where r1_0.user_id=?
Hibernate: delete from user_roles where user_id=?
Hibernate: delete from user_roles where user_id=?
Hibernate: delete from users where id=?
2026-02-22T20:37:35.036+01:00  WARN 72965 --- [           main] o.h.engine.jdbc.spi.SqlExceptionHelper   : SQL Error: 23503, SQLState: 23503
[...]
delete from users where id=? [23503-224]
]]></system-out>
  </testcase>
  <testcase name="getEducations_ReturnsList" classname="com.fij.Phase2IntegrationTest" time="0.024">
    <error message="could not execute statement [Referential integrity constraint violation: &quot;FK9SYUY0YP9A2C0FKR98PVXPB8M: PUBLIC.JOBS FOREIGN KEY(RECRUITER_ID) REFERENCES PUBLIC.USERS(ID) (CAST(31 AS BIGINT))&quot;; SQL statement:&#10;delete from users where id=? [23503-224]] [delete from users where id=?]; SQL [delete from users where id=?]; constraint [&quot;FK9SYUY0YP9A2C0FKR98PVXPB8M: PUBLIC.JOBS FOREIGN KEY(RECRUITER_ID) REFERENCES PUBLIC.USERS(ID) (CAST(31 AS BIGINT))&quot;; SQL statement:&#10;delete from users where id=? [23503-224]]" type="org.springframework.dao.DataIntegrityViolationException"><![CDATA[org.springframework.dao.DataIntegrityViolationException: 
could not execute statement [Referential integrity constraint violation: "FK9SYUY0YP9A2C0FKR98PVXPB8M: PUBLIC.JOBS FOREIGN KEY(RECRUITER_ID) REFERENCES PUBLIC.USERS(ID) (CAST(31 AS BIGINT))"; SQL statement:
delete from users where id=? [23503-224]] [delete from users where id=?]; SQL [delete from users where id=?]; constraint ["FK9SYUY0YP9A2C0FKR98PVXPB8M: PUBLIC.JOBS FOREIGN KEY(RECRUITER_ID) REFERENCES PUBLIC.USERS(ID) (CAST(31 AS BIGINT))"; SQL statement:
delete from users where id=? [23503-224]]
	at org.springframework.orm.jpa.vendor.HibernateJpaDialect.convertHibernateAccessException(HibernateJpaDialect.java:290)
	at org.springframework.orm.jpa.vendor.HibernateJpaDialect.translateExceptionIfPossible(HibernateJpaDialect.java:241)
	at org.springframework.orm.jpa.JpaTransactionManager.doCommit(JpaTransactionManager.java:565)
	at org.springframework.transaction.support.AbstractPlatformTransactionManager.processCommit(AbstractPlatformTransactionManager.java:794)
	at org.springframework.transaction.support.AbstractPlatformTransactionManager.commit(AbstractPlatformTransactionManager.java:757)
	at org.springframework.transaction.interceptor.TransactionAspectSupport.commitTransactionAfterReturning(TransactionAspectSupport.java:669)
	at org.springframework.transaction.interceptor.TransactionAspectSupport.invokeWithinTransaction(TransactionAspectSupport.java:419)
	at org.springframework.transaction.interceptor.TransactionInterceptor.invoke(TransactionInterceptor.java:119)
	at org.springframework.aop.framework.ReflectiveMethodInvocation.proceed(ReflectiveMethodInvocation.java:184)
	at org.springframework.dao.support.PersistenceExceptionTranslationInterceptor.invoke(PersistenceExceptionTranslationInterceptor.java:137)
	at org.springframework.aop.framework.ReflectiveMethodInvocation.proceed(ReflectiveMethodInvocation.java:184)
	at org.springframework.data.jpa.repository.support.CrudMethodMetadataPostProcessor$CrudMethodMetadataPopulatingMethodInterceptor.invoke(CrudMethodMetadataPostProcessor.java:164)
	at org.springframework.aop.framework.ReflectiveMethodInvocation.proceed(ReflectiveMethodInvocation.java:184)
	at org.springframework.aop.interceptor.ExposeInvocationInterceptor.invoke(ExposeInvocationInterceptor.java:97)
	at org.springframework.aop.framework.ReflectiveMethodInvocation.proceed(ReflectiveMethodInvocation.java:184)
	at org.springframework.aop.framework.JdkDynamicAopProxy.invoke(JdkDynamicAopProxy.java:220)
	at jdk.proxy2/jdk.proxy2.$Proxy157.deleteAll(Unknown Source)
	at com.fij.Phase2IntegrationTest.setUp(Phase2IntegrationTest.java:50)
	at java.base/java.lang.reflect.Method.invoke(Method.java:569)
	at java.base/java.util.ArrayList.forEach(ArrayList.java:1511)
	at java.base/java.util.ArrayList.forEach(ArrayList.java:1511)
Caused by: org.hibernate.exception.ConstraintViolationException: could not execute statement [Referential integrity constraint violation: "FK9SYUY0YP9A2C0FKR98PVXPB8M: PUBLIC.JOBS FOREIGN KEY(RECRUITER_ID) REFERENCES PUBLIC.USERS(ID) (CAST(31 AS BIGINT))"; SQL statement:
delete from users where id=? [23503-224]] [delete from users where id=?]
	at org.hibernate.exception.internal.SQLExceptionTypeDelegate.convert(SQLExceptionTypeDelegate.java:62)
	at org.hibernate.exception.internal.StandardSQLExceptionConverter.convert(StandardSQLExceptionConverter.java:58)
	at org.hibernate.engine.jdbc.spi.SqlExceptionHelper.convert(SqlExceptionHelper.java:108)
	at org.hibernate.engine.jdbc.internal.ResultSetReturnImpl.executeUpdate(ResultSetReturnImpl.java:197)
	at org.hibernate.engine.jdbc.mutation.internal.AbstractMutationExecutor.performNonBatchedMutation(AbstractMutationExecutor.java:107)
	at org.hibernate.engine.jdbc.mutation.internal.MutationExecutorSingleNonBatched.performNonBatchedOperations(MutationExecutorSingleNonBatched.java:40)
	at org.hibernate.engine.jdbc.mutation.internal.AbstractMutationExecutor.execute(AbstractMutationExecutor.java:52)
	at org.hibernate.persister.entity.mutation.AbstractDeleteCoordinator.doStaticDelete(AbstractDeleteCoordinator.java:279)
	at org.hibernate.persister.entity.mutation.AbstractDeleteCoordinator.coordinateDelete(AbstractDeleteCoordinator.java:87)
	at org.hibernate.persister.entity.AbstractEntityPersister.delete(AbstractEntityPersister.java:2979)
	at org.hibernate.action.internal.EntityDeleteAction.execute(EntityDeleteAction.java:131)
	at org.hibernate.engine.spi.ActionQueue.executeActions(ActionQueue.java:632)
	at org.hibernate.engine.spi.ActionQueue.executeActions(ActionQueue.java:499)
	at org.hibernate.event.internal.AbstractFlushingEventListener.performExecutions(AbstractFlushingEventListener.java:363)
	at org.hibernate.event.internal.DefaultFlushEventListener.onFlush(DefaultFlushEventListener.java:41)
	at org.hibernate.event.service.internal.EventListenerGroupImpl.fireEventOnEachListener(EventListenerGroupImpl.java:127)
	at org.hibernate.internal.SessionImpl.doFlush(SessionImpl.java:1423)
	at org.hibernate.internal.SessionImpl.managedFlush(SessionImpl.java:504)
	at org.hibernate.internal.SessionImpl.flushBeforeTransactionCompletion(SessionImpl.java:2339)
	at org.hibernate.internal.SessionImpl.beforeTransactionCompletion(SessionImpl.java:1996)
	at org.hibernate.engine.jdbc.internal.JdbcCoordinatorImpl.beforeTransactionCompletion(JdbcCoordinatorImpl.java:439)
	at org.hibernate.resource.transaction.backend.jdbc.internal.JdbcResourceLocalTransactionCoordinatorImpl.beforeCompletionCallback(JdbcResourceLocalTransactionCoordinatorImpl.java:169)
	at org.hibernate.resource.transaction.backend.jdbc.internal.JdbcResourceLocalTransactionCoordinatorImpl$TransactionDriverControlImpl.commit(JdbcResourceLocalTransactionCoordinatorImpl.java:267)
	at org.hibernate.engine.transaction.internal.TransactionImpl.commit(TransactionImpl.java:101)
	at org.springframework.orm.jpa.JpaTransactionManager.doCommit(JpaTransactionManager.java:561)
	... 18 more
Caused by: org.h2.jdbc.JdbcSQLIntegrityConstraintViolationException: Referential integrity constraint violation: "FK9SYUY0YP9A2C0FKR98PVXPB8M: PUBLIC.JOBS FOREIGN KEY(RECRUITER_ID) REFERENCES PUBLIC.USERS(ID) (CAST(31 AS BIGINT))"; SQL statement:
delete from users where id=? [23503-224]
	at org.h2.message.DbException.getJdbcSQLException(DbException.java:520)
	at org.h2.message.DbException.getJdbcSQLException(DbException.java:489)
	at org.h2.message.DbException.get(DbException.java:223)
	at org.h2.message.DbException.get(DbException.java:199)
	at org.h2.constraint.ConstraintReferential.checkRow(ConstraintReferential.java:365)
	at org.h2.constraint.ConstraintReferential.checkRowRefTable(ConstraintReferential.java:382)
	at org.h2.constraint.ConstraintReferential.checkRow(ConstraintReferential.java:256)
	at org.h2.table.Table.fireConstraints(Table.java:1200)
	at org.h2.table.Table.fireAfterRow(Table.java:1218)
	at org.h2.command.dml.Delete.update(Delete.java:92)
	at org.h2.command.dml.DataChangeStatement.update(DataChangeStatement.java:74)
	at org.h2.command.CommandContainer.update(CommandContainer.java:169)
	at org.h2.command.Command.executeUpdate(Command.java:256)
	at org.h2.jdbc.JdbcPreparedStatement.executeUpdateInternal(JdbcPreparedStatement.java:216)
	at org.h2.jdbc.JdbcPreparedStatement.executeUpdate(JdbcPreparedStatement.java:174)
	at com.zaxxer.hikari.pool.ProxyPreparedStatement.executeUpdate(ProxyPreparedStatement.java:61)
	at com.zaxxer.hikari.pool.HikariProxyPreparedStatement.executeUpdate(HikariProxyPreparedStatement.java)
	at org.hibernate.engine.jdbc.internal.ResultSetReturnImpl.executeUpdate(ResultSetReturnImpl.java:194)
	... 39 more
]]></error>
    <system-out><![CDATA[Hibernate: select e1_0.id,e1_0.company,e1_0.current_job,e1_0.description,e1_0.end_date,e1_0.start_date,e1_0.title,e1_0.user_id from experiences e1_0
Hibernate: select e1_0.id,e1_0.degree,e1_0.end_date,e1_0.field_of_study,e1_0.school,e1_0.start_date,e1_0.user_id from educations e1_0
Hibernate: select s1_0.id,s1_0.level,s1_0.name,s1_0.user_id from skills s1_0
Hibernate: select l1_0.id,l1_0.level,l1_0.name,l1_0.user_id from languages l1_0
Hibernate: select jp1_0.id,jp1_0.job_type,jp1_0.min_salary,jp1_0.mobility_zone,jp1_0.remote_preference,jp1_0.user_id,jp1_0.work_schedule from job_preferences jp1_0
Hibernate: select u1_0.id,u1_0.email,u1_0.first_name,u1_0.last_name,u1_0.location,u1_0.password,u1_0.phone from users u1_0
Hibernate: select r1_0.user_id,r1_0.roles from user_roles r1_0 where r1_0.user_id=?
Hibernate: select r1_0.user_id,r1_0.roles from user_roles r1_0 where r1_0.user_id=?
Hibernate: delete from user_roles where user_id=?
Hibernate: delete from user_roles where user_id=?
Hibernate: delete from users where id=?
2026-02-22T20:37:35.219+01:00  WARN 72965 --- [           main] o.h.engine.jdbc.spi.SqlExceptionHelper   : SQL Error: 23503, SQLState: 23503
2026-02-22T20:37:35.219+01:00 ERROR 72965 --- [           main] o.h.engine.jdbc.spi.SqlExceptionHelper   : Referential integrity constraint violation: "FK9SYUY0YP9A2C0FKR98PVXPB8M: PUBLIC.JOBS FOREIGN KEY(RECRUITER_ID) REFERENCES PUBLIC.USERS(ID) (CAST(31 AS BIGINT))"; SQL statement:
delete from users where id=? [23503-224]
]]></system-out>
  </testcase>
  <testcase name="deleteSkill_Success" classname="com.fij.Phase2IntegrationTest" time="0.027">
    <error message="could not execute statement [Referential integrity constraint violation: &quot;FK9SYUY0YP9A2C0FKR98PVXPB8M: PUBLIC.JOBS FOREIGN KEY(RECRUITER_ID) REFERENCES PUBLIC.USERS(ID) (CAST(31 AS BIGINT))&quot;; SQL statement:&#10;delete from users where id=? [23503-224]] [delete from users where id=?]; SQL [delete from users where id=?]; constraint [&quot;FK9SYUY0YP9A2C0FKR98PVXPB8M: PUBLIC.JOBS FOREIGN KEY(RECRUITER_ID) REFERENCES PUBLIC.USERS(ID) (CAST(31 AS BIGINT))&quot;; SQL statement:&#10;delete from users where id=? [23503-224]]" type="org.springframework.dao.DataIntegrityViolationException"><![CDATA[org.springframework.dao.DataIntegrityViolationException: 
could not execute statement [Referential integrity constraint violation: "FK9SYUY0YP9A2C0FKR98PVXPB8M: PUBLIC.JOBS FOREIGN KEY(RECRUITER_ID) REFERENCES PUBLIC.USERS(ID) (CAST(31 AS BIGINT))"; SQL statement:
delete from users where id=? [23503-224]] [delete from users where id=?]; SQL [delete from users where id=?]; constraint ["FK9SYUY0YP9A2C0FKR98PVXPB8M: PUBLIC.JOBS FOREIGN KEY(RECRUITER_ID) REFERENCES PUBLIC.USERS(ID) (CAST(31 AS BIGINT))"; SQL statement:
delete from users where id=? [23503-224]]
	at org.springframework.orm.jpa.vendor.HibernateJpaDialect.convertHibernateAccessException(HibernateJpaDialect.java:290)
	at org.springframework.orm.jpa.vendor.HibernateJpaDialect.translateExceptionIfPossible(HibernateJpaDialect.java:241)
	at org.springframework.orm.jpa.JpaTransactionManager.doCommit(JpaTransactionManager.java:565)
	at org.springframework.transaction.support.AbstractPlatformTransactionManager.processCommit(AbstractPlatformTransactionManager.java:794)
	at org.springframework.transaction.support.AbstractPlatformTransactionManager.commit(AbstractPlatformTransactionManager.java:757)
	at org.springframework.transaction.interceptor.TransactionAspectSupport.commitTransactionAfterReturning(TransactionAspectSupport.java:669)
	at org.springframework.transaction.interceptor.TransactionAspectSupport.invokeWithinTransaction(TransactionAspectSupport.java:419)
	at org.springframework.transaction.interceptor.TransactionInterceptor.invoke(TransactionInterceptor.java:119)
	at org.springframework.aop.framework.ReflectiveMethodInvocation.proceed(ReflectiveMethodInvocation.java:184)
	at org.springframework.dao.support.PersistenceExceptionTranslationInterceptor.invoke(PersistenceExceptionTranslationInterceptor.java:137)
	at org.springframework.aop.framework.ReflectiveMethodInvocation.proceed(ReflectiveMethodInvocation.java:184)
	at org.springframework.data.jpa.repository.support.CrudMethodMetadataPostProcessor$CrudMethodMetadataPopulatingMethodInterceptor.invoke(CrudMethodMetadataPostProcessor.java:164)
	at org.springframework.aop.framework.ReflectiveMethodInvocation.proceed(ReflectiveMethodInvocation.java:184)
	at org.springframework.aop.interceptor.ExposeInvocationInterceptor.invoke(ExposeInvocationInterceptor.java:97)
	at org.springframework.aop.framework.ReflectiveMethodInvocation.proceed(ReflectiveMethodInvocation.java:184)
	at org.springframework.aop.framework.JdkDynamicAopProxy.invoke(JdkDynamicAopProxy.java:220)
	at jdk.proxy2/jdk.proxy2.$Proxy157.deleteAll(Unknown Source)
	at com.fij.Phase2IntegrationTest.setUp(Phase2IntegrationTest.java:50)
	at java.base/java.lang.reflect.Method.invoke(Method.java:569)
	at java.base/java.util.ArrayList.forEach(ArrayList.java:1511)
	at java.base/java.util.ArrayList.forEach(ArrayList.java:1511)
Caused by: org.hibernate.exception.ConstraintViolationException: could not execute statement [Referential integrity constraint violation: "FK9SYUY0YP9A2C0FKR98PVXPB8M: PUBLIC.JOBS FOREIGN KEY(RECRUITER_ID) REFERENCES PUBLIC.USERS(ID) (CAST(31 AS BIGINT))"; SQL statement:
delete from users where id=? [23503-224]] [delete from users where id=?]
	at org.hibernate.exception.internal.SQLExceptionTypeDelegate.convert(SQLExceptionTypeDelegate.java:62)
	at org.hibernate.exception.internal.StandardSQLExceptionConverter.convert(StandardSQLExceptionConverter.java:58)
	at org.hibernate.engine.jdbc.spi.SqlExceptionHelper.convert(SqlExceptionHelper.java:108)
	at org.hibernate.engine.jdbc.internal.ResultSetReturnImpl.executeUpdate(ResultSetReturnImpl.java:197)
	at org.hibernate.engine.jdbc.mutation.internal.AbstractMutationExecutor.performNonBatchedMutation(AbstractMutationExecutor.java:107)
	at org.hibernate.engine.jdbc.mutation.internal.MutationExecutorSingleNonBatched.performNonBatchedOperations(MutationExecutorSingleNonBatched.java:40)
	at org.hibernate.engine.jdbc.mutation.internal.AbstractMutationExecutor.execute(AbstractMutationExecutor.java:52)
	at org.hibernate.persister.entity.mutation.AbstractDeleteCoordinator.doStaticDelete(AbstractDeleteCoordinator.java:279)
	at org.hibernate.persister.entity.mutation.AbstractDeleteCoordinator.coordinateDelete(AbstractDeleteCoordinator.java:87)
	at org.hibernate.persister.entity.AbstractEntityPersister.delete(AbstractEntityPersister.java:2979)
	at org.hibernate.action.internal.EntityDeleteAction.execute(EntityDeleteAction.java:131)
	at org.hibernate.engine.spi.ActionQueue.executeActions(ActionQueue.java:632)
	at org.hibernate.engine.spi.ActionQueue.executeActions(ActionQueue.java:499)
	at org.hibernate.event.internal.AbstractFlushingEventListener.performExecutions(AbstractFlushingEventListener.java:363)
	at org.hibernate.event.internal.DefaultFlushEventListener.onFlush(DefaultFlushEventListener.java:41)
	at org.hibernate.event.service.internal.EventListenerGroupImpl.fireEventOnEachListener(EventListenerGroupImpl.java:127)
	at org.hibernate.internal.SessionImpl.doFlush(SessionImpl.java:1423)
	at org.hibernate.internal.SessionImpl.managedFlush(SessionImpl.java:504)
	at org.hibernate.internal.SessionImpl.flushBeforeTransactionCompletion(SessionImpl.java:2339)
	at org.hibernate.internal.SessionImpl.beforeTransactionCompletion(SessionImpl.java:1996)
	at org.hibernate.engine.jdbc.internal.JdbcCoordinatorImpl.beforeTransactionCompletion(JdbcCoordinatorImpl.java:439)
	at org.hibernate.resource.transaction.backend.jdbc.internal.JdbcResourceLocalTransactionCoordinatorImpl.beforeCompletionCallback(JdbcResourceLocalTransactionCoordinatorImpl.java:169)
	at org.hibernate.resource.transaction.backend.jdbc.internal.JdbcResourceLocalTransactionCoordinatorImpl$TransactionDriverControlImpl.commit(JdbcResourceLocalTransactionCoordinatorImpl.java:267)
	at org.hibernate.engine.transaction.internal.TransactionImpl.commit(TransactionImpl.java:101)
	at org.springframework.orm.jpa.JpaTransactionManager.doCommit(JpaTransactionManager.java:561)
	... 18 more
Caused by: org.h2.jdbc.JdbcSQLIntegrityConstraintViolationException: Referential integrity constraint violation: "FK9SYUY0YP9A2C0FKR98PVXPB8M: PUBLIC.JOBS FOREIGN KEY(RECRUITER_ID) REFERENCES PUBLIC.USERS(ID) (CAST(31 AS BIGINT))"; SQL statement:
delete from users where id=? [23503-224]
	at org.h2.message.DbException.getJdbcSQLException(DbException.java:520)
	at org.h2.message.DbException.getJdbcSQLException(DbException.java:489)
	at org.h2.message.DbException.get(DbException.java:223)
	at org.h2.message.DbException.get(DbException.java:199)
	at org.h2.constraint.ConstraintReferential.checkRow(ConstraintReferential.java:365)
	at org.h2.constraint.ConstraintReferential.checkRowRefTable(ConstraintReferential.java:382)
	at org.h2.constraint.ConstraintReferential.checkRow(ConstraintReferential.java:256)
	at org.h2.table.Table.fireConstraints(Table.java:1200)
	at org.h2.table.Table.fireAfterRow(Table.java:1218)
	at org.h2.command.dml.Delete.update(Delete.java:92)
	at org.h2.command.dml.DataChangeStatement.update(DataChangeStatement.java:74)
	at org.h2.command.CommandContainer.update(CommandContainer.java:169)
	at org.h2.command.Command.executeUpdate(Command.java:256)
	at org.h2.jdbc.JdbcPreparedStatement.executeUpdateInternal(JdbcPreparedStatement.java:216)
	at org.h2.jdbc.JdbcPreparedStatement.executeUpdate(JdbcPreparedStatement.java:174)
	at com.zaxxer.hikari.pool.ProxyPreparedStatement.executeUpdate(ProxyPreparedStatement.java:61)
	at com.zaxxer.hikari.pool.HikariProxyPreparedStatement.executeUpdate(HikariProxyPreparedStatement.java)
	at org.hibernate.engine.jdbc.internal.ResultSetReturnImpl.executeUpdate(ResultSetReturnImpl.java:194)
	... 39 more
]]></error>
    <system-out><![CDATA[Hibernate: select e1_0.id,e1_0.company,e1_0.current_job,e1_0.description,e1_0.end_date,e1_0.start_date,e1_0.title,e1_0.user_id from experiences e1_0
Hibernate: select e1_0.id,e1_0.degree,e1_0.end_date,e1_0.field_of_study,e1_0.school,e1_0.start_date,e1_0.user_id from educations e1_0
Hibernate: select s1_0.id,s1_0.level,s1_0.name,s1_0.user_id from skills s1_0
Hibernate: select l1_0.id,l1_0.level,l1_0.name,l1_0.user_id from languages l1_0
Hibernate: select jp1_0.id,jp1_0.job_type,jp1_0.min_salary,jp1_0.mobility_zone,jp1_0.remote_preference,jp1_0.user_id,jp1_0.work_schedule from job_preferences jp1_0
Hibernate: select u1_0.id,u1_0.email,u1_0.first_name,u1_0.last_name,u1_0.location,u1_0.password,u1_0.phone from users u1_0
Hibernate: select r1_0.user_id,r1_0.roles from user_roles r1_0 where r1_0.user_id=?
Hibernate: select r1_0.user_id,r1_0.roles from user_roles r1_0 where r1_0.user_id=?
Hibernate: delete from user_roles where user_id=?
Hibernate: delete from user_roles where user_id=?
Hibernate: delete from users where id=?
2026-02-22T20:37:35.248+01:00  WARN 72965 --- [           main] o.h.engine.jdbc.spi.SqlExceptionHelper   : SQL Error: 23503, SQLState: 23503
2026-02-22T20:37:35.249+01:00 ERROR 72965 --- [           main] o.h.engine.jdbc.spi.SqlExceptionHelper   : Referential integrity constraint violation: "FK9SYUY0YP9A2C0FKR98PVXPB8M: PUBLIC.JOBS FOREIGN KEY(RECRUITER_ID) REFERENCES PUBLIC.USERS(ID) (CAST(31 AS BIGINT))"; SQL statement:
delete from users where id=? [23503-224]
]]></system-out>
  </testcase>
</testsuite>