<?xml version="1.0" encoding="UTF-8"?>
<testsuite xmlns:xsi="http://www.w3.org/2001/XMLSchema-instance" xsi:noNamespaceSchemaLocation="https://maven.apache.org/surefire/maven-surefire-plugin/xsd/surefire-test-report-3.0.xsd" version="3.0" name="com.fij.Phase4IntegrationTest" time="4.053" tests="8" errors="0" skipped="0" failures="5">
  <properties>
[...]
</properties>
  <testcase name="getMessages_ReturnsList" classname="com.fij.Phase4IntegrationTest" time="0.704">
    <failure message="Status expected:&lt;200&gt; but was:&lt;400&gt;" type="java.lang.AssertionError"><![CDATA[java.lang.AssertionError: Status expected:<200> but was:<400>
	at org.springframework.test.util.AssertionErrors.fail(AssertionErrors.java:59)
	at org.springframework.test.util.AssertionErrors.assertEquals(AssertionErrors.java:122)
	at org.springframework.test.web.servlet.result.StatusResultMatchers.lambda$matcher$9(StatusResultMatchers.java:637)
	at org.springframework.test.web.servlet.MockMvc$1.andExpect(MockMvc.java:214)
	at com.fij.Phase4IntegrationTest.getMessages_ReturnsList(Phase4IntegrationTest.java:137)
	at java.base/java.lang.reflect.Method.invoke(Method.java:569)
	at java.base/java.util.ArrayList.forEach(ArrayList.java:1511)
	at java.base/java.util.ArrayList.forEach(ArrayList.java:1511)
]]></failure>
    <system-out><![CDATA[2026-02-22T20:37:30.674+01:00  INFO 72965 --- [           main] t.c.s.AnnotationConfigContextLoaderUtils : Could not detect default configuration classes for test class [com.fij.Phase4IntegrationTest]: Phase4IntegrationTest does not declare any static, non-private, non-final, nested classes annotated with @Configuration.
2026-02-22T20:37:30.678+01:00  INFO 72965 --- [           main] .b.t.c.SpringBootTestContextBootstrapper : Found @SpringBootConfiguration com.fij.FijApplication for test class com.fij.Phase4IntegrationTest
Hibernate: select m1_0.id,m1_0.attachment_name,m1_0.attachment_url,m1_0.chat_id,m1_0.content,m1_0.read,m1_0.sender_id,m1_0.sent_at from messages m1_0
Hibernate: select c1_0.id,c1_0.candidate_id,c1_0.created_at,c1_0.job_id,c1_0.last_message_at,c1_0.recruiter_id from chats c1_0
Hibernate: select r1_0.id,r1_0.created_at,r1_0.description,r1_0.reason,r1_0.reported_user_id,r1_0.reporter_id,r1_0.status from reports r1_0
Hibernate: select j1_0.id,j1_0.active,j1_0.company,j1_0.created_at,j1_0.description,j1_0.duration,j1_0.expires_at,j1_0.job_type,j1_0.location,j1_0.recruiter_id,j1_0.remote_policy,j1_0.salary_max,j1_0.salary_min,j1_0.title,j1_0.work_schedule from jobs j1_0
Hibernate: select u1_0.id,u1_0.email,u1_0.first_name,u1_0.last_name,u1_0.location,u1_0.password,u1_0.phone from users u1_0
Hibernate: select u1_0.id,u1_0.email,u1_0.first_name,u1_0.last_name,u1_0.location,u1_0.password,u1_0.phone from users u1_0 where u1_0.email=?
Hibernate: insert into users (email,first_name,last_name,location,password,phone,id) values (?,?,?,?,?,?,default)
Hibernate: insert into user_roles (user_id,roles) values (?,?)
Hibernate: select u1_0.id,u1_0.email,u1_0.first_name,u1_0.last_name,u1_0.location,u1_0.password,u1_0.phone from users u1_0 where u1_0.email=?
Hibernate: select r1_0.user_id,r1_0.roles from user_roles r1_0 where r1_0.user_id=?
Hibernate: select u1_0.id,u1_0.email,u1_0.first_name,u1_0.last_name,u1_0.location,u1_0.password,u1_0.phone from users u1_0 where u1_0.email=?
Hibernate: select u1_0.id,u1_0.email,u1_0.first_name,u1_0.last_name,u1_0.location,u1_0.password,u1_0.phone from users u1_0 where u1_0.email=?
Hibernate: select r1_0.user_id,r1_0.roles from user_roles r1_0 where r1_0.user_id=?
Hibernate: select u1_0.id,u1_0.email,u1_0.first_name,u1_0.last_name,u1_0.location,u1_0.password,u1_0.phone from users u1_0 where u1_0.email=?
Hibernate: select r1_0.user_id,r1_0.roles from user_roles r1_0 where r1_0.user_id=?
Hibernate: insert into jobs (active,company,created_at,description,duration,expires_at,job_type,location,recruiter_id,remote_policy,salary_max,salary_min,title,work_schedule,id) values (?,?,?,?,?,?,?,?,?,?,?,?,?,?,default)
Hibernate: select u1_0.id,u1_0.email,u1_0.first_name,u1_0.last_name,u1_0.location,u1_0.password,u1_0.phone from users u1_0 where u1_0.email=?
Hibernate: insert into users (email,first_name,last_name,location,password,phone,id) values (?,?,?,?,?,?,default)
Hibernate: insert into user_roles (user_id,roles) values (?,?)
Hibernate: select u1_0.id,u1_0.email,u1_0.first_name,u1_0.last_name,u1_0.location,u1_0.password,u1_0.phone from users u1_0 where u1_0.email=?
Hibernate: select r1_0.user_id,r1_0.roles from user_roles r1_0 where r1_0.user_id=?
Hibernate: select u1_0.id,u1_0.email,u1_0.first_name,u1_0.last_name,u1_0.location,u1_0.password,u1_0.phone from users u1_0 where u1_0.email=?
Hibernate: select u1_0.id,u1_0.email,u1_0.first_name,u1_0.last_name,u1_0.location,u1_0.password,u1_0.phone from users u1_0 where u1_0.email=?
Hibernate: select r1_0.user_id,r1_0.roles from user_roles r1_0 where r1_0.user_id=?
Hibernate: select u1_0.id,u1_0.email,u1_0.first_name,u1_0.last_name,u1_0.location,u1_0.password,u1_0.phone from users u1_0 where u1_0.email=?
Hibernate: select r1_0.user_id,r1_0.roles from user_roles r1_0 where r1_0.user_id=?
Hibernate: select j1_0.id,j1_0.active,j1_0.company,j1_0.created_at,j1_0.description,j1_0.duration,j1_0.expires_at,j1_0.job_type,j1_0.location,j1_0.recruiter_id,j1_0.remote_policy,j1_0.salary_max,j1_0.salary_min,j1_0.title,j1_0.work_schedule from jobs j1_0 where j1_0.id=?

MockHttpServletRequest:
      HTTP Method = POST
      Request URI = /api/auth/register
       Parameters = {}
          Headers = [Content-Type:"application/json;charset=UTF-8", Content-Length:"120"]
             Body = {"email":"recruiter4@test.com","password":"password123","firstName":"John","lastName":"Doe","roles":["ROLE_RECRUITER"]}

    Session Attrs = {}

Handler:
             Type = com.fij.controllers.AuthController
           Method = com.fij.controllers.AuthController#register(RegisterRequest)

Async:
    Async started = false
     Async result = null

Resolved Exception:
             Type = null

ModelAndView:
        View name = null
             View = null
            Model = null

FlashMap:
       Attributes = null

MockHttpServletResponse:
           Status = 200
    Error message = null
          Headers = [Vary:"Origin", "Access-Control-Request-Method", "Access-Control-Request-Headers", Content-Type:"application/json", X-Content-Type-Options:"nosniff", X-XSS-Protection:"0", Cache-Control:"no-cache, no-store, max-age=0, must-revalidate", Pragma:"no-cache", Expires:"0", X-Frame-Options:"DENY"]
     Content type = application/json
             Body = {"id":18,"email":"recruiter4@test.com","firstName":"John","lastName":"Doe","phone":null,"location":null,"roles":["ROLE_RECRUITER"],"token":"eyJhbGciOiJIUzI1NiJ9.eyJzdWIiOiJyZWNydWl0ZXI0QHRlc3QuY29tIiwiaWF0IjoxNzcxNzg5MDUwLCJleHAiOjE3NzE4NzU0NTB9.JJNcT0dC-W2tvBiZk5F0bOE4NMjgEU_mUVnfgUT__eM"}
    Forwarded URL = null
   Redirected URL = null
          Cookies = []

MockHttpServletRequest:
      HTTP Method = POST
      Request URI = /api/auth/login
       Parameters = {}
          Headers = [Content-Type:"application/json;charset=UTF-8", Content-Length:"57"]
             Body = {"email":"recruiter4@test.com","password":"password123"}

    Session Attrs = {}

Handler:
             Type = com.fij.controllers.AuthController
           Method = com.fij.controllers.AuthController#login(LoginRequest)

Async:
    Async started = false
     Async result = null

Resolved Exception:
             Type = null

ModelAndView:
        View name = null
             View = null
            Model = null

FlashMap:
       Attributes = null

MockHttpServletResponse:
           Status = 200
    Error message = null
          Headers = [Vary:"Origin", "Access-Control-Request-Method", "Access-Control-Request-Headers", Content-Type:"application/json", X-Content-Type-Options:"nosniff", X-XSS-Protection:"0", Cache-Control:"no-cache, no-store, max-age=0, must-revalidate", Pragma:"no-cache", Expires:"0", X-Frame-Options:"DENY"]
     Content type = application/json
             Body = {"id":18,"email":"recruiter4@test.com","firstName":"John","lastName":"Doe","phone":null,"location":null,"roles":["ROLE_RECRUITER"],"token":"eyJhbGciOiJIUzI1NiJ9.eyJzdWIiOiJyZWNydWl0ZXI0QHRlc3QuY29tIiwiaWF0IjoxNzcxNzg5MDUxLCJleHAiOjE3NzE4NzU0NTF9.Xd_sj7Cp1TrIcOd4WAz8T5MOf4jDx6ef6rRMkEMC8ZM"}
    Forwarded URL = null
   Redirected URL = null
          Cookies = []

MockHttpServletRequest:
      HTTP Method = POST
      Request URI = /api/recruiter/jobs
       Parameters = {}
          Headers = [Content-Type:"application/json;charset=UTF-8", Authorization:"Bearer eyJhbGciOiJIUzI1NiJ9.eyJzdWIiOiJyZWNydWl0ZXI0QHRlc3QuY29tIiwiaWF0IjoxNzcxNzg5MDUxLCJleHAiOjE3NzE4NzU0NTF9.Xd_sj7Cp1TrIcOd4WAz8T5MOf4jDx6ef6rRMkEMC8ZM", Content-Length:"106"]
             Body = {"title":"Developer","description":"Backend dev","company":"TechCorp","location":"Paris","jobType":"CDI"}

    Session Attrs = {}

Handler:
             Type = com.fij.controllers.RecruiterController
           Method = com.fij.controllers.RecruiterController#createJob(JobRequest)

Async:
    Async started = false
     Async result = null

Resolved Exception:
             Type = null

ModelAndView:
        View name = null
             View = null
            Model = null

FlashMap:
       Attributes = null

MockHttpServletResponse:
           Status = 200
    Error message = null
          Headers = [Vary:"Origin", "Access-Control-Request-Method", "Access-Control-Request-Headers", Content-Type:"application/json", X-Content-Type-Options:"nosniff", X-XSS-Protection:"0", Cache-Control:"no-cache, no-store, max-age=0, must-revalidate", Pragma:"no-cache", Expires:"0", X-Frame-Options:"DENY"]
     Content type = application/json
             Body = {"id":7,"title":"Developer","description":"Backend dev","company":"TechCorp","location":"Paris","salaryMin":null,"salaryMax":null,"jobType":"CDI","workSchedule":null,"remotePolicy":null,"duration":null,"active":true,"createdAt":"2026-02-22T20:37:31.132614596","expiresAt":null}
    Forwarded URL = null
   Redirected URL = null
          Cookies = []

MockHttpServletRequest:
      HTTP Method = POST
      Request URI = /api/auth/register
       Parameters = {}
          Headers = [Content-Type:"application/json;charset=UTF-8", Content-Length:"120"]
             Body = {"email":"candidate4@test.com","password":"password123","firstName":"John","lastName":"Doe","roles":["ROLE_CANDIDATE"]}

    Session Attrs = {}

Handler:
             Type = com.fij.controllers.AuthController
           Method = com.fij.controllers.AuthController#register(RegisterRequest)

Async:
    Async started = false
     Async result = null

Resolved Exception:
             Type = null

ModelAndView:
        View name = null
             View = null
            Model = null

FlashMap:
       Attributes = null

MockHttpServletResponse:
           Status = 200
    Error message = null
          Headers = [Vary:"Origin", "Access-Control-Request-Method", "Access-Control-Request-Headers", Content-Type:"application/json", X-Content-Type-Options:"nosniff", X-XSS-Protection:"0", Cache-Control:"no-cache, no-store, max-age=0, must-revalidate", Pragma:"no-cache", Expires:"0", X-Frame-Options:"DENY"]
     Content type = application/json
             Body = {"id":19,"email":"candidate4@test.com","firstName":"John","lastName":"Doe","phone":null,"location":null,"roles":["ROLE_CANDIDATE"],"token":"eyJhbGciOiJIUzI1NiJ9.eyJzdWIiOiJjYW5kaWRhdGU0QHRlc3QuY29tIiwiaWF0IjoxNzcxNzg5MDUxLCJleHAiOjE3NzE4NzU0NTF9.dnaoM-4TuKknUSooX3fnb1KA4Z7TiFqVn3n8jBGQm_M"}
    Forwarded URL = null
   Redirected URL = null
          Cookies = []

MockHttpServletRequest:
      HTTP Method = POST
      Request URI = /api/auth/login
       Parameters = {}
          Headers = [Content-Type:"application/json;charset=UTF-8", Content-Length:"57"]
             Body = {"email":"candidate4@test.com","password":"password123"}

    Session Attrs = {}

Handler:
             Type = com.fij.controllers.AuthController
           Method = com.fij.controllers.AuthController#login(LoginRequest)

Async:
    Async started = false
     Async result = null

Resolved Exception:
             Type = null

ModelAndView:
        View name = null
             View = null
            Model = null

FlashMap:
       Attributes = null

MockHttpServletResponse:
           Status = 200
    Error message = null
          Headers = [Vary:"Origin", "Access-Control-Request-Method", "Access-Control-Request-Headers", Content-Type:"application/json", X-Content-Type-Options:"nosniff", X-XSS-Protection:"0", Cache-Control:"no-cache, no-store, max-age=0, must-revalidate", Pragma:"no-cache", Expires:"0", X-Frame-Options:"DENY"]
     Content type = application/json
             Body = {"id":19,"email":"candidate4@test.com","firstName":"John","lastName":"Doe","phone":null,"location":null,"roles":["ROLE_CANDIDATE"],"token":"eyJhbGciOiJIUzI1NiJ9.eyJzdWIiOiJjYW5kaWRhdGU0QHRlc3QuY29tIiwiaWF0IjoxNzcxNzg5MDUxLCJleHAiOjE3NzE4NzU0NTF9.dnaoM-4TuKknUSooX3fnb1KA4Z7TiFqVn3n8jBGQm_M"}
    Forwarded URL = null
   Redirected URL = null
          Cookies = []

MockHttpServletRequest:
      HTTP Method = POST
      Request URI = /api/chats/job/1
       Parameters = {}
          Headers = [Authorization:"Bearer eyJhbGciOiJIUzI1NiJ9.eyJzdWIiOiJjYW5kaWRhdGU0QHRlc3QuY29tIiwiaWF0IjoxNzcxNzg5MDUxLCJleHAiOjE3NzE4NzU0NTF9.dnaoM-4TuKknUSooX3fnb1KA4Z7TiFqVn3n8jBGQm_M"]
             Body = null
    Session Attrs = {}

Handler:
             Type = com.fij.controllers.ChatController
           Method = com.fij.controllers.ChatController#getOrCreateChat(Long)

Async:
    Async started = false
     Async result = null

Resolved Exception:
             Type = java.lang.RuntimeException

ModelAndView:
        View name = null
             View = null
            Model = null

FlashMap:
       Attributes = null

MockHttpServletResponse:
           Status = 400
    Error message = null
          Headers = [Vary:"Origin", "Access-Control-Request-Method", "Access-Control-Request-Headers", Content-Type:"application/json", X-Content-Type-Options:"nosniff", X-XSS-Protection:"0", Cache-Control:"no-cache, no-store, max-age=0, must-revalidate", Pragma:"no-cache", Expires:"0", X-Frame-Options:"DENY"]
     Content type = application/json
             Body = {"type":"RuntimeException","error":"Job not found"}
    Forwarded URL = null
   Redirected URL = null
          Cookies = []
]]></system-out>
  </testcase>
  <testcase name="getMyReports_ReturnsList" classname="com.fij.Phase4IntegrationTest" time="0.571">
    <system-out><![CDATA[Hibernate: select m1_0.id,m1_0.attachment_name,m1_0.attachment_url,m1_0.chat_id,m1_0.content,m1_0.read,m1_0.sender_id,m1_0.sent_at from messages m1_0
Hibernate: select c1_0.id,c1_0.candidate_id,c1_0.created_at,c1_0.job_id,c1_0.last_message_at,c1_0.recruiter_id from chats c1_0
Hibernate: select r1_0.id,r1_0.created_at,r1_0.description,r1_0.reason,r1_0.reported_user_id,r1_0.reporter_id,r1_0.status from reports r1_0
Hibernate: select j1_0.id,j1_0.active,j1_0.company,j1_0.created_at,j1_0.description,j1_0.duration,j1_0.expires_at,j1_0.job_type,j1_0.location,j1_0.recruiter_id,j1_0.remote_policy,j1_0.salary_max,j1_0.salary_min,j1_0.title,j1_0.work_schedule from jobs j1_0
Hibernate: delete from jobs where id=?
Hibernate: select u1_0.id,u1_0.email,u1_0.first_name,u1_0.last_name,u1_0.location,u1_0.password,u1_0.phone from users u1_0
Hibernate: select r1_0.user_id,r1_0.roles from user_roles r1_0 where r1_0.user_id=?
Hibernate: select r1_0.user_id,r1_0.roles from user_roles r1_0 where r1_0.user_id=?
Hibernate: delete from user_roles where user_id=?
Hibernate: delete from user_roles where user_id=?
Hibernate: delete from users where id=?
Hibernate: delete from users where id=?
Hibernate: select u1_0.id,u1_0.email,u1_0.first_name,u1_0.last_name,u1_0.location,u1_0.password,u1_0.phone from users u1_0 where u1_0.email=?
Hibernate: insert into users (email,first_name,last_name,location,password,phone,id) values (?,?,?,?,?,?,default)
Hibernate: insert into user_roles (user_id,roles) values (?,?)
Hibernate: select u1_0.id,u1_0.email,u1_0.first_name,u1_0.last_name,u1_0.location,u1_0.password,u1_0.phone from users u1_0 where u1_0.email=?
Hibernate: select r1_0.user_id,r1_0.roles from user_roles r1_0 where r1_0.user_id=?
Hibernate: select u1_0.id,u1_0.email,u1_0.first_name,u1_0.last_name,u1_0.location,u1_0.password,u1_0.phone from users u1_0 where u1_0.email=?
Hibernate: select u1_0.id,u1_0.email,u1_0.first_name,u1_0.last_name,u1_0.location,u1_0.password,u1_0.phone from users u1_0 where u1_0.email=?
Hibernate: insert into users (email,first_name,last_name,location,password,phone,id) values (?,?,?,?,?,?,default)
Hibernate: insert into user_roles (user_id,roles) values (?,?)
Hibernate: select u1_0.id,u1_0.email,u1_0.first_name,u1_0.last_name,u1_0.location,u1_0.password,u1_0.phone from users u1_0 where u1_0.email=?
Hibernate: select r1_0.user_id,r1_0.roles from user_roles r1_0 where r1_0.user_id=?
Hibernate: select u1_0.id,u1_0.email,u1_0.first_name,u1_0.last_name,u1_0.location,u1_0.password,u1_0.phone from users u1_0 where u1_0.email=?
Hibernate: select u1_0.id,u1_0.email,u1_0.first_name,u1_0.last_name,u1_0.location,u1_0.password,u1_0.phone from users u1_0 where u1_0.email=?
Hibernate: select r1_0.user_id,r1_0.roles from user_roles r1_0 where r1_0.user_id=?
Hibernate: select u1_0.id,u1_0.email,u1_0.first_name,u1_0.last_name,u1_0.location,u1_0.password,u1_0.phone from users u1_0 where u1_0.email=?
Hibernate: select r1_0.user_id,r1_0.roles from user_roles r1_0 where r1_0.user_id=?
Hibernate: select u1_0.id,u1_0.email,u1_0.first_name,u1_0.last_name,u1_0.location,u1_0.password,u1_0.phone from users u1_0 where u1_0.email=?
Hibernate: select r1_0.user_id,r1_0.roles from user_roles r1_0 where r1_0.user_id=?
Hibernate: select u1_0.id,u1_0.email,u1_0.first_name,u1_0.last_name,u1_0.location,u1_0.password,u1_0.phone,r1_0.user_id,r1_0.roles from users u1_0 left join user_roles r1_0 on u1_0.id=r1_0.user_id where u1_0.id=?
Hibernate: insert into reports (created_at,description,reason,reported_user_id,reporter_id,status,id) values (?,?,?,?,?,?,default)
Hibernate: select u1_0.id,u1_0.email,u1_0.first_name,u1_0.last_name,u1_0.location,u1_0.password,u1_0.phone from users u1_0 where u1_0.email=?
Hibernate: select r1_0.user_id,r1_0.roles from user_roles r1_0 where r1_0.user_id=?
Hibernate: select u1_0.id,u1_0.email,u1_0.first_name,u1_0.last_name,u1_0.location,u1_0.password,u1_0.phone from users u1_0 where u1_0.email=?
Hibernate: select r1_0.user_id,r1_0.roles from user_roles r1_0 where r1_0.user_id=?
Hibernate: select r1_0.id,r1_0.created_at,r1_0.description,r1_0.reason,r1_0.reported_user_id,r1_0.reporter_id,r1_0.status from reports r1_0 left join users r2_0 on r2_0.id=r1_0.reporter_id where r2_0.id=?
]]></system-out>
  </testcase>
  <testcase name="createChat_AsCandidate_Success" classname="com.fij.Phase4IntegrationTest" time="0.523">
    <failure message="Status expected:&lt;200&gt; but was:&lt;400&gt;" type="java.lang.AssertionError"><![CDATA[java.lang.AssertionError: Status expected:<200> but was:<400>
	at org.springframework.test.util.AssertionErrors.fail(AssertionErrors.java:59)
	at org.springframework.test.util.AssertionErrors.assertEquals(AssertionErrors.java:122)
	at org.springframework.test.web.servlet.result.StatusResultMatchers.lambda$matcher$9(StatusResultMatchers.java:637)
	at org.springframework.test.web.servlet.MockMvc$1.andExpect(MockMvc.java:214)
	at com.fij.Phase4IntegrationTest.createChat_AsCandidate_Success(Phase4IntegrationTest.java:64)
	at java.base/java.lang.reflect.Method.invoke(Method.java:569)
	at java.base/java.util.ArrayList.forEach(ArrayList.java:1511)
	at java.base/java.util.ArrayList.forEach(ArrayList.java:1511)
]]></failure>
    <system-out><![CDATA[Hibernate: select m1_0.id,m1_0.attachment_name,m1_0.attachment_url,m1_0.chat_id,m1_0.content,m1_0.read,m1_0.sender_id,m1_0.sent_at from messages m1_0
Hibernate: select c1_0.id,c1_0.candidate_id,c1_0.created_at,c1_0.job_id,c1_0.last_message_at,c1_0.recruiter_id from chats c1_0
Hibernate: select r1_0.id,r1_0.created_at,r1_0.description,r1_0.reason,r1_0.reported_user_id,r1_0.reporter_id,r1_0.status from reports r1_0
Hibernate: delete from reports where id=?
Hibernate: select j1_0.id,j1_0.active,j1_0.company,j1_0.created_at,j1_0.description,j1_0.duration,j1_0.expires_at,j1_0.job_type,j1_0.location,j1_0.recruiter_id,j1_0.remote_policy,j1_0.salary_max,j1_0.salary_min,j1_0.title,j1_0.work_schedule from jobs j1_0
Hibernate: select u1_0.id,u1_0.email,u1_0.first_name,u1_0.last_name,u1_0.location,u1_0.password,u1_0.phone from users u1_0
Hibernate: select r1_0.user_id,r1_0.roles from user_roles r1_0 where r1_0.user_id=?
Hibernate: select r1_0.user_id,r1_0.roles from user_roles r1_0 where r1_0.user_id=?
Hibernate: delete from user_roles where user_id=?
Hibernate: delete from user_roles where user_id=?
Hibernate: delete from users where id=?
Hibernate: delete from users where id=?
Hibernate: select u1_0.id,u1_0.email,u1_0.first_name,u1_0.last_name,u1_0.location,u1_0.password,u1_0.phone from users u1_0 where u1_0.email=?
Hibernate: insert into users (email,first_name,last_name,location,password,phone,id) values (?,?,?,?,?,?,default)
Hibernate: insert into user_roles (user_id,roles) values (?,?)
Hibernate: select u1_0.id,u1_0.email,u1_0.first_name,u1_0.last_name,u1_0.location,u1_0.password,u1_0.phone from users u1_0 where u1_0.email=?
Hibernate: select r1_0.user_id,r1_0.roles from user_roles r1_0 where r1_0.user_id=?
Hibernate: select u1_0.id,u1_0.email,u1_0.first_name,u1_0.last_name,u1_0.location,u1_0.password,u1_0.phone from users u1_0 where u1_0.email=?
Hibernate: select u1_0.id,u1_0.email,u1_0.first_name,u1_0.last_name,u1_0.location,u1_0.password,u1_0.phone from users u1_0 where u1_0.email=?
Hibernate: select r1_0.user_id,r1_0.roles from user_roles r1_0 where r1_0.user_id=?
Hibernate: select u1_0.id,u1_0.email,u1_0.first_name,u1_0.last_name,u1_0.location,u1_0.password,u1_0.phone from users u1_0 where u1_0.email=?
Hibernate: select r1_0.user_id,r1_0.roles from user_roles r1_0 where r1_0.user_id=?
Hibernate: insert into jobs (active,company,created_at,description,duration,expires_at,job_type,location,recruiter_id,remote_policy,salary_max,salary_min,title,work_schedule,id) values (?,?,?,?,?,?,?,?,?,?,?,?,?,?,default)
Hibernate: select u1_0.id,u1_0.email,u1_0.first_name,u1_0.last_name,u1_0.location,u1_0.password,u1_0.phone from users u1_0 where u1_0.email=?
Hibernate: insert into users (email,first_name,last_name,location,password,phone,id) values (?,?,?,?,?,?,default)
Hibernate: insert into user_roles (user_id,roles) values (?,?)
Hibernate: select u1_0.id,u1_0.email,u1_0.first_name,u1_0.last_name,u1_0.location,u1_0.password,u1_0.phone from users u1_0 where u1_0.email=?
Hibernate: select r1_0.user_id,r1_0.roles from user_roles r1_0 where r1_0.user_id=?
Hibernate: select u1_0.id,u1_0.email,u1_0.first_name,u1_0.last_name,u1_0.location,u1_0.password,u1_0.phone from users u1_0 where u1_0.email=?
Hibernate: select u1_0.id,u1_0.email,u1_0.first_name,u1_0.last_name,u1_0.location,u1_0.password,u1_0.phone from users u1_0 where u1_0.email=?
Hibernate: select r1_0.user_id,r1_0.roles from user_roles r1_0 where r1_0.user_id=?
Hibernate: select u1_0.id,u1_0.email,u1_0.first_name,u1_0.last_name,u1_0.location,u1_0.password,u1_0.phone from users u1_0 where u1_0.email=?
Hibernate: select r1_0.user_id,r1_0.roles from user_roles r1_0 where r1_0.user_id=?
Hibernate: select j1_0.id,j1_0.active,j1_0.company,j1_0.created_at,j1_0.description,j1_0.duration,j1_0.expires_at,j1_0.job_type,j1_0.location,j1_0.recruiter_id,j1_0.remote_policy,j1_0.salary_max,j1_0.salary_min,j1_0.title,j1_0.work_schedule from jobs j1_0 where j1_0.id=?

MockHttpServletRequest:
      HTTP Method = POST
      Request URI = /api/auth/register
       Parameters = {}
          Headers = [Content-Type:"application/json;charset=UTF-8", Content-Length:"120"]
             Body = {"email":"recruiter1@test.com","password":"password123","firstName":"John","lastName":"Doe","roles":["ROLE_RECRUITER"]}

    Session Attrs = {}

Handler:
             Type = com.fij.controllers.AuthController
           Method = com.fij.controllers.AuthController#register(RegisterRequest)

Async:
    Async started = false
     Async result = null

Resolved Exception:
             Type = null

ModelAndView:
        View name = null
             View = null
            Model = null

FlashMap:
       Attributes = null

MockHttpServletResponse:
           Status = 200
    Error message = null
          Headers = [Vary:"Origin", "Access-Control-Request-Method", "Access-Control-Request-Headers", Content-Type:"application/json", X-Content-Type-Options:"nosniff", X-XSS-Protection:"0", Cache-Control:"no-cache, no-store, max-age=0, must-revalidate", Pragma:"no-cache", Expires:"0", X-Frame-Options:"DENY"]
     Content type = application/json
             Body = {"id":22,"email":"recruiter1@test.com","firstName":"John","lastName":"Doe","phone":null,"location":null,"roles":["ROLE_RECRUITER"],"token":"eyJhbGciOiJIUzI1NiJ9.eyJzdWIiOiJyZWNydWl0ZXIxQHRlc3QuY29tIiwiaWF0IjoxNzcxNzg5MDUyLCJleHAiOjE3NzE4NzU0NTJ9.0IdqRjuSdlbaPCD1KbmW6Z-NQOQC74H9OjoMRPPHIMA"}
    Forwarded URL = null
   Redirected URL = null
          Cookies = []

MockHttpServletRequest:
      HTTP Method = POST
      Request URI = /api/auth/login
       Parameters = {}
          Headers = [Content-Type:"application/json;charset=UTF-8", Content-Length:"57"]
             Body = {"email":"recruiter1@test.com","password":"password123"}

    Session Attrs = {}

Handler:
             Type = com.fij.controllers.AuthController
           Method = com.fij.controllers.AuthController#login(LoginRequest)

Async:
    Async started = false
     Async result = null

Resolved Exception:
             Type = null

ModelAndView:
        View name = null
             View = null
            Model = null

FlashMap:
       Attributes = null

MockHttpServletResponse:
           Status = 200
    Error message = null
          Headers = [Vary:"Origin", "Access-Control-Request-Method", "Access-Control-Request-Headers", Content-Type:"application/json", X-Content-Type-Options:"nosniff", X-XSS-Protection:"0", Cache-Control:"no-cache, no-store, max-age=0, must-revalidate", Pragma:"no-cache", Expires:"0", X-Frame-Options:"DENY"]
     Content type = application/json
             Body = {"id":22,"email":"recruiter1@test.com","firstName":"John","lastName":"Doe","phone":null,"location":null,"roles":["ROLE_RECRUITER"],"token":"eyJhbGciOiJIUzI1NiJ9.eyJzdWIiOiJyZWNydWl0ZXIxQHRlc3QuY29tIiwiaWF0IjoxNzcxNzg5MDUyLCJleHAiOjE3NzE4NzU0NTJ9.0IdqRjuSdlbaPCD1KbmW6Z-NQOQC74H9OjoMRPPHIMA"}
    Forwarded URL = null
   Redirected URL = null
          Cookies = []

MockHttpServletRequest:
      HTTP Method = POST
      Request URI = /api/recruiter/jobs
       Parameters = {}
          Headers = [Content-Type:"application/json;charset=UTF-8", Authorization:"Bearer eyJhbGciOiJIUzI1NiJ9.eyJzdWIiOiJyZWNydWl0ZXIxQHRlc3QuY29tIiwiaWF0IjoxNzcxNzg5MDUyLCJleHAiOjE3NzE4NzU0NTJ9.0IdqRjuSdlbaPCD1KbmW6Z-NQOQC74H9OjoMRPPHIMA", Content-Length:"106"]
             Body = {"title":"Developer","description":"Backend dev","company":"TechCorp","location":"Paris","jobType":"CDI"}

    Session Attrs = {}

Handler:
             Type = com.fij.controllers.RecruiterController
           Method = com.fij.controllers.RecruiterController#createJob(JobRequest)

Async:
    Async started = false
     Async result = null

Resolved Exception:
             Type = null

ModelAndView:
        View name = null
             View = null
            Model = null

FlashMap:
       Attributes = null

MockHttpServletResponse:
           Status = 200
    Error message = null
          Headers = [Vary:"Origin", "Access-Control-Request-Method", "Access-Control-Request-Headers", Content-Type:"application/json", X-Content-Type-Options:"nosniff", X-XSS-Protection:"0", Cache-Control:"no-cache, no-store, max-age=0, must-revalidate", Pragma:"no-cache", Expires:"0", X-Frame-Options:"DENY"]
     Content type = application/json
             Body = {"id":8,"title":"Developer","description":"Backend dev","company":"TechCorp","location":"Paris","salaryMin":null,"salaryMax":null,"jobType":"CDI","workSchedule":null,"remotePolicy":null,"duration":null,"active":true,"createdAt":"2026-02-22T20:37:32.252399705","expiresAt":null}
    Forwarded URL = null
   Redirected URL = null
          Cookies = []

MockHttpServletRequest:
      HTTP Method = POST
      Request URI = /api/auth/register
       Parameters = {}
          Headers = [Content-Type:"application/json;charset=UTF-8", Content-Length:"120"]
             Body = {"email":"candidate1@test.com","password":"password123","firstName":"John","lastName":"Doe","roles":["ROLE_CANDIDATE"]}

    Session Attrs = {}

Handler:
             Type = com.fij.controllers.AuthController
           Method = com.fij.controllers.AuthController#register(RegisterRequest)

Async:
    Async started = false
     Async result = null

Resolved Exception:
             Type = null

ModelAndView:
        View name = null
             View = null
            Model = null

FlashMap:
       Attributes = null

MockHttpServletResponse:
           Status = 200
    Error message = null
          Headers = [Vary:"Origin", "Access-Control-Request-Method", "Access-Control-Request-Headers", Content-Type:"application/json", X-Content-Type-Options:"nosniff", X-XSS-Protection:"0", Cache-Control:"no-cache, no-store, max-age=0, must-revalidate", Pragma:"no-cache", Expires:"0", X-Frame-Options:"DENY"]
     Content type = application/json
             Body = {"id":23,"email":"candidate1@test.com","firstName":"John","lastName":"Doe","phone":null,"location":null,"roles":["ROLE_CANDIDATE"],"token":"eyJhbGciOiJIUzI1NiJ9.eyJzdWIiOiJjYW5kaWRhdGUxQHRlc3QuY29tIiwiaWF0IjoxNzcxNzg5MDUyLCJleHAiOjE3NzE4NzU0NTJ9.-eBU8Gi5smUTnugMnDu9ysKxvYOaZI6kgt02L-LAIHE"}
    Forwarded URL = null
   Redirected URL = null
          Cookies = []

MockHttpServletRequest:
      HTTP Method = POST
      Request URI = /api/auth/login
       Parameters = {}
          Headers = [Content-Type:"application/json;charset=UTF-8", Content-Length:"57"]
             Body = {"email":"candidate1@test.com","password":"password123"}

    Session Attrs = {}

Handler:
             Type = com.fij.controllers.AuthController
           Method = com.fij.controllers.AuthController#login(LoginRequest)

Async:
    Async started = false
     Async result = null

Resolved Exception:
             Type = null

ModelAndView:
        View name = null
             View = null
            Model = null

FlashMap:
       Attributes = null

MockHttpServletResponse:
           Status = 200
    Error message = null
          Headers = [Vary:"Origin", "Access-Control-Request-Method", "Access-Control-Request-Headers", Content-Type:"application/json", X-Content-Type-Options:"nosniff", X-XSS-Protection:"0", Cache-Control:"no-cache, no-store, max-age=0, must-revalidate", Pragma:"no-cache", Expires:"0", X-Frame-Options:"DENY"]
     Content type = application/json
             Body = {"id":23,"email":"candidate1@test.com","firstName":"John","lastName":"Doe","phone":null,"location":null,"roles":["ROLE_CANDIDATE"],"token":"eyJhbGciOiJIUzI1NiJ9.eyJzdWIiOiJjYW5kaWRhdGUxQHRlc3QuY29tIiwiaWF0IjoxNzcxNzg5MDUyLCJleHAiOjE3NzE4NzU0NTJ9.-eBU8Gi5smUTnugMnDu9ysKxvYOaZI6kgt02L-LAIHE"}
    Forwarded URL = null
   Redirected URL = null
          Cookies = []

MockHttpServletRequest:
      HTTP Method = POST
      Request URI = /api/chats/job/1
       Parameters = {}
          Headers = [Authorization:"Bearer eyJhbGciOiJIUzI1NiJ9.eyJzdWIiOiJjYW5kaWRhdGUxQHRlc3QuY29tIiwiaWF0IjoxNzcxNzg5MDUyLCJleHAiOjE3NzE4NzU0NTJ9.-eBU8Gi5smUTnugMnDu9ysKxvYOaZI6kgt02L-LAIHE"]
             Body = null
    Session Attrs = {}

Handler:
             Type = com.fij.controllers.ChatController
           Method = com.fij.controllers.ChatController#getOrCreateChat(Long)

Async:
    Async started = false
     Async result = null

Resolved Exception:
             Type = java.lang.RuntimeException

ModelAndView:
        View name = null
             View = null
            Model = null

FlashMap:
       Attributes = null

MockHttpServletResponse:
           Status = 400
    Error message = null
          Headers = [Vary:"Origin", "Access-Control-Request-Method", "Access-Control-Request-Headers", Content-Type:"application/json", X-Content-Type-Options:"nosniff", X-XSS-Protection:"0", Cache-Control:"no-cache, no-store, max-age=0, must-revalidate", Pragma:"no-cache", Expires:"0", X-Frame-Options:"DENY"]
     Content type = application/json
             Body = {"type":"RuntimeException","error":"Job not found"}
    Forwarded URL = null
   Redirected URL = null
          Cookies = []
]]></system-out>
  </testcase>
  <testcase name="getMyChats_ReturnsList" classname="com.fij.Phase4IntegrationTest" time="0.473">
    <failure message="Status expected:&lt;200&gt; but was:&lt;400&gt;" type="java.lang.AssertionError"><![CDATA[java.lang.AssertionError: Status expected:<200> but was:<400>
	at org.springframework.test.util.AssertionErrors.fail(AssertionErrors.java:59)
	at org.springframework.test.util.AssertionErrors.assertEquals(AssertionErrors.java:122)
	at org.springframework.test.web.servlet.result.StatusResultMatchers.lambda$matcher$9(StatusResultMatchers.java:637)
	at org.springframework.test.web.servlet.MockMvc$1.andExpect(MockMvc.java:214)
	at com.fij.Phase4IntegrationTest.getMyChats_ReturnsList(Phase4IntegrationTest.java:85)
	at java.base/java.lang.reflect.Method.invoke(Method.java:569)
	at java.base/java.util.ArrayList.forEach(ArrayList.java:1511)
	at java.base/java.util.ArrayList.forEach(ArrayList.java:1511)
]]></failure>
    <system-out><![CDATA[Hibernate: select m1_0.id,m1_0.attachment_name,m1_0.attachment_url,m1_0.chat_id,m1_0.content,m1_0.read,m1_0.sender_id,m1_0.sent_at from messages m1_0
Hibernate: select c1_0.id,c1_0.candidate_id,c1_0.created_at,c1_0.job_id,c1_0.last_message_at,c1_0.recruiter_id from chats c1_0
Hibernate: select r1_0.id,r1_0.created_at,r1_0.description,r1_0.reason,r1_0.reported_user_id,r1_0.reporter_id,r1_0.status from reports r1_0
Hibernate: select j1_0.id,j1_0.active,j1_0.company,j1_0.created_at,j1_0.description,j1_0.duration,j1_0.expires_at,j1_0.job_type,j1_0.location,j1_0.recruiter_id,j1_0.remote_policy,j1_0.salary_max,j1_0.salary_min,j1_0.title,j1_0.work_schedule from jobs j1_0
Hibernate: delete from jobs where id=?
Hibernate: select u1_0.id,u1_0.email,u1_0.first_name,u1_0.last_name,u1_0.location,u1_0.password,u1_0.phone from users u1_0
Hibernate: select r1_0.user_id,r1_0.roles from user_roles r1_0 where r1_0.user_id=?
Hibernate: select r1_0.user_id,r1_0.roles from user_roles r1_0 where r1_0.user_id=?
Hibernate: delete from user_roles where user_id=?
Hibernate: delete from user_roles where user_id=?
Hibernate: delete from users where id=?
Hibernate: delete from users where id=?
Hibernate: select u1_0.id,u1_0.email,u1_0.first_name,u1_0.last_name,u1_0.location,u1_0.password,u1_0.phone from users u1_0 where u1_0.email=?
Hibernate: insert into users (email,first_name,last_name,location,password,phone,id) values (?,?,?,?,?,?,default)
Hibernate: insert into user_roles (user_id,roles) values (?,?)
Hibernate: select u1_0.id,u1_0.email,u1_0.first_name,u1_0.last_name,u1_0.location,u1_0.password,u1_0.phone from users u1_0 where u1_0.email=?
Hibernate: select r1_0.user_id,r1_0.roles from user_roles r1_0 where r1_0.user_id=?
Hibernate: select u1_0.id,u1_0.email,u1_0.first_name,u1_0.last_name,u1_0.location,u1_0.password,u1_0.phone from users u1_0 where u1_0.email=?
Hibernate: select u1_0.id,u1_0.email,u1_0.first_name,u1_0.last_name,u1_0.location,u1_0.password,u1_0.phone from users u1_0 where u1_0.email=?
Hibernate: select r1_0.user_id,r1_0.roles from user_roles r1_0 where r1_0.user_id=?
Hibernate: select u1_0.id,u1_0.email,u1_0.first_name,u1_0.last_name,u1_0.location,u1_0.password,u1_0.phone from users u1_0 where u1_0.email=?
Hibernate: select r1_0.user_id,r1_0.roles from user_roles r1_0 where r1_0.user_id=?
Hibernate: insert into jobs (active,company,created_at,description,duration,expires_at,job_type,location,recruiter_id,remote_policy,salary_max,salary_min,title,work_schedule,id) values (?,?,?,?,?,?,?,?,?,?,?,?,?,?,default)
Hibernate: select u1_0.id,u1_0.email,u1_0.first_name,u1_0.last_name,u1_0.location,u1_0.password,u1_0.phone from users u1_0 where u1_0.email=?
Hibernate: insert into users (email,first_name,last_name,location,password,phone,id) values (?,?,?,?,?,?,default)
Hibernate: insert into user_roles (user_id,roles) values (?,?)
Hibernate: select u1_0.id,u1_0.email,u1_0.first_name,u1_0.last_name,u1_0.location,u1_0.password,u1_0.phone from users u1_0 where u1_0.email=?
Hibernate: select r1_0.user_id,r1_0.roles from user_roles r1_0 where r1_0.user_id=?
Hibernate: select u1_0.id,u1_0.email,u1_0.first_name,u1_0.last_name,u1_0.location,u1_0.password,u1_0.phone from users u1_0 where u1_0.email=?
Hibernate: select u1_0.id,u1_0.email,u1_0.first_name,u1_0.last_name,u1_0.location,u1_0.password,u1_0.phone from users u1_0 where u1_0.email=?
Hibernate: select r1_0.user_id,r1_0.roles from user_roles r1_0 where r1_0.user_id=?
Hibernate: select u1_0.id,u1_0.email,u1_0.first_name,u1_0.last_name,u1_0.location,u1_0.password,u1_0.phone from users u1_0 where u1_0.email=?
Hibernate: select r1_0.user_id,r1_0.roles from user_roles r1_0 where r1_0.user_id=?
Hibernate: select j1_0.id,j1_0.active,j1_0.company,j1_0.created_at,j1_0.description,j1_0.duration,j1_0.expires_at,j1_0.job_type,j1_0.location,j1_0.recruiter_id,j1_0.remote_policy,j1_0.salary_max,j1_0.salary_min,j1_0.title,j1_0.work_schedule from jobs j1_0 where j1_0.id=?

MockHttpServletRequest:
      HTTP Method = POST
      Request URI = /api/auth/register
       Parameters = {}
          Headers = [Content-Type:"application/json;charset=UTF-8", Content-Length:"120"]
             Body = {"email":"recruiter2@test.com","password":"password123","firstName":"John","lastName":"Doe","roles":["ROLE_RECRUITER"]}

    Session Attrs = {}

Handler:
             Type = com.fij.controllers.AuthController
           Method = com.fij.controllers.AuthController#register(RegisterRequest)

Async:
    Async started = false
     Async result = null

Resolved Exception:
             Type = null

ModelAndView:
        View name = null
             View = null
            Model = null

FlashMap:
       Attributes = null

MockHttpServletResponse:
           Status = 200
    Error message = null
          Headers = [Vary:"Origin", "Access-Control-Request-Method", "Access-Control-Request-Headers", Content-Type:"application/json", X-Content-Type-Options:"nosniff", X-XSS-Protection:"0", Cache-Control:"no-cache, no-store, max-age=0, must-revalidate", Pragma:"no-cache", Expires:"0", X-Frame-Options:"DENY"]
     Content type = application/json
             Body = {"id":24,"email":"recruiter2@test.com","firstName":"John","lastName":"Doe","phone":null,"location":null,"roles":["ROLE_RECRUITER"],"token":"eyJhbGciOiJIUzI1NiJ9.eyJzdWIiOiJyZWNydWl0ZXIyQHRlc3QuY29tIiwiaWF0IjoxNzcxNzg5MDUyLCJleHAiOjE3NzE4NzU0NTJ9.df5y4DauWTdFmNjvurw5Ay33nGQwcAiwZvEsnttFKmk"}
    Forwarded URL = null
   Redirected URL = null
          Cookies = []

MockHttpServletRequest:
      HTTP Method = POST
      Request URI = /api/auth/login
       Parameters = {}
          Headers = [Content-Type:"application/json;charset=UTF-8", Content-Length:"57"]
             Body = {"email":"recruiter2@test.com","password":"password123"}

    Session Attrs = {}

Handler:
             Type = com.fij.controllers.AuthController
           Method = com.fij.controllers.AuthController#login(LoginRequest)

Async:
    Async started = false
     Async result = null

Resolved Exception:
             Type = null

ModelAndView:
        View name = null
             View = null
            Model = null

FlashMap:
       Attributes = null

MockHttpServletResponse:
           Status = 200
    Error message = null
          Headers = [Vary:"Origin", "Access-Control-Request-Method", "Access-Control-Request-Headers", Content-Type:"application/json", X-Content-Type-Options:"nosniff", X-XSS-Protection:"0", Cache-Control:"no-cache, no-store, max-age=0, must-revalidate", Pragma:"no-cache", Expires:"0", X-Frame-Options:"DENY"]
     Content type = application/json
             Body = {"id":24,"email":"recruiter2@test.com","firstName":"John","lastName":"Doe","phone":null,"location":null,"roles":["ROLE_RECRUITER"],"token":"eyJhbGciOiJIUzI1NiJ9.eyJzdWIiOiJyZWNydWl0ZXIyQHRlc3QuY29tIiwiaWF0IjoxNzcxNzg5MDUyLCJleHAiOjE3NzE4NzU0NTJ9.df5y4DauWTdFmNjvurw5Ay33nGQwcAiwZvEsnttFKmk"}
    Forwarded URL = null
   Redirected URL = null
          Cookies = []

MockHttpServletRequest:
      HTTP Method = POST
      Request URI = /api/recruiter/jobs
       Parameters = {}
          Headers = [Content-Type:"application/json;charset=UTF-8", Authorization:"Bearer eyJhbGciOiJIUzI1NiJ9.eyJzdWIiOiJyZWNydWl0ZXIyQHRlc3QuY29tIiwiaWF0IjoxNzcxNzg5MDUyLCJleHAiOjE3NzE4NzU0NTJ9.df5y4DauWTdFmNjvurw5Ay33nGQwcAiwZvEsnttFKmk", Content-Length:"106"]
             Body = {"title":"Developer","description":"Backend dev","company":"TechCorp","location":"Paris","jobType":"CDI"}

    Session Attrs = {}

Handler:
             Type = com.fij.controllers.RecruiterController
           Method = com.fij.controllers.RecruiterController#createJob(JobRequest)

Async:
    Async started = false
     Async result = null

Resolved Exception:
             Type = null

ModelAndView:
        View name = null
             View = null
            Model = null

FlashMap:
       Attributes = null

MockHttpServletResponse:
           Status = 200
    Error message = null
          Headers = [Vary:"Origin", "Access-Control-Request-Method", "Access-Control-Request-Headers", Content-Type:"application/json", X-Content-Type-Options:"nosniff", X-XSS-Protection:"0", Cache-Control:"no-cache, no-store, max-age=0, must-revalidate", Pragma:"no-cache", Expires:"0", X-Frame-Options:"DENY"]
     Content type = application/json
             Body = {"id":9,"title":"Developer","description":"Backend dev","company":"TechCorp","location":"Paris","salaryMin":null,"salaryMax":null,"jobType":"CDI","workSchedule":null,"remotePolicy":null,"duration":null,"active":true,"createdAt":"2026-02-22T20:37:32.727629098","expiresAt":null}
    Forwarded URL = null
   Redirected URL = null
          Cookies = []

MockHttpServletRequest:
      HTTP Method = POST
      Request URI = /api/auth/register
       Parameters = {}
          Headers = [Content-Type:"application/json;charset=UTF-8", Content-Length:"120"]
             Body = {"email":"candidate2@test.com","password":"password123","firstName":"John","lastName":"Doe","roles":["ROLE_CANDIDATE"]}

    Session Attrs = {}

Handler:
             Type = com.fij.controllers.AuthController
           Method = com.fij.controllers.AuthController#register(RegisterRequest)

Async:
    Async started = false
     Async result = null

Resolved Exception:
             Type = null

ModelAndView:
        View name = null
             View = null
            Model = null

FlashMap:
       Attributes = null

MockHttpServletResponse:
           Status = 200
    Error message = null
          Headers = [Vary:"Origin", "Access-Control-Request-Method", "Access-Control-Request-Headers", Content-Type:"application/json", X-Content-Type-Options:"nosniff", X-XSS-Protection:"0", Cache-Control:"no-cache, no-store, max-age=0, must-revalidate", Pragma:"no-cache", Expires:"0", X-Frame-Options:"DENY"]
     Content type = application/json
             Body = {"id":25,"email":"candidate2@test.com","firstName":"John","lastName":"Doe","phone":null,"location":null,"roles":["ROLE_CANDIDATE"],"token":"eyJhbGciOiJIUzI1NiJ9.eyJzdWIiOiJjYW5kaWRhdGUyQHRlc3QuY29tIiwiaWF0IjoxNzcxNzg5MDUyLCJleHAiOjE3NzE4NzU0NTJ9.v-Bp9RUlpegmhh9Y2I2-Fnz-BmHfXxPEnD6edw9f1p0"}
    Forwarded URL = null
   Redirected URL = null
          Cookies = []

MockHttpServletRequest:
      HTTP Method = POST
      Request URI = /api/auth/login
       Parameters = {}
          Headers = [Content-Type:"application/json;charset=UTF-8", Content-Length:"57"]
             Body = {"email":"candidate2@test.com","password":"password123"}

    Session Attrs = {}

Handler:
             Type = com.fij.controllers.AuthController
           Method = com.fij.controllers.AuthController#login(LoginRequest)

Async:
    Async started = false
     Async result = null

Resolved Exception:
             Type = null

ModelAndView:
        View name = null
             View = null
            Model = null

FlashMap:
       Attributes = null

MockHttpServletResponse:
           Status = 200
    Error message = null
          Headers = [Vary:"Origin", "Access-Control-Request-Method", "Access-Control-Request-Headers", Content-Type:"application/json", X-Content-Type-Options:"nosniff", X-XSS-Protection:"0", Cache-Control:"no-cache, no-store, max-age=0, must-revalidate", Pragma:"no-cache", Expires:"0", X-Frame-Options:"DENY"]
     Content type = application/json
             Body = {"id":25,"email":"candidate2@test.com","firstName":"John","lastName":"Doe","phone":null,"location":null,"roles":["ROLE_CANDIDATE"],"token":"eyJhbGciOiJIUzI1NiJ9.eyJzdWIiOiJjYW5kaWRhdGUyQHRlc3QuY29tIiwiaWF0IjoxNzcxNzg5MDUyLCJleHAiOjE3NzE4NzU0NTJ9.v-Bp9RUlpegmhh9Y2I2-Fnz-BmHfXxPEnD6edw9f1p0"}
    Forwarded URL = null
   Redirected URL = null
          Cookies = []

MockHttpServletRequest:
      HTTP Method = POST
      Request URI = /api/chats/job/1
       Parameters = {}
          Headers = [Authorization:"Bearer eyJhbGciOiJIUzI1NiJ9.eyJzdWIiOiJjYW5kaWRhdGUyQHRlc3QuY29tIiwiaWF0IjoxNzcxNzg5MDUyLCJleHAiOjE3NzE4NzU0NTJ9.v-Bp9RUlpegmhh9Y2I2-Fnz-BmHfXxPEnD6edw9f1p0"]
             Body = null
    Session Attrs = {}

Handler:
             Type = com.fij.controllers.ChatController
           Method = com.fij.controllers.ChatController#getOrCreateChat(Long)

Async:
    Async started = false
     Async result = null

Resolved Exception:
             Type = java.lang.RuntimeException

ModelAndView:
        View name = null
             View = null
            Model = null

FlashMap:
       Attributes = null

MockHttpServletResponse:
           Status = 400
    Error message = null
          Headers = [Vary:"Origin", "Access-Control-Request-Method", "Access-Control-Request-Headers", Content-Type:"application/json", X-Content-Type-Options:"nosniff", X-XSS-Protection:"0", Cache-Control:"no-cache, no-store, max-age=0, must-revalidate", Pragma:"no-cache", Expires:"0", X-Frame-Options:"DENY"]
     Content type = application/json
             Body = {"type":"RuntimeException","error":"Job not found"}
    Forwarded URL = null
   Redirected URL = null
          Cookies = []
]]></system-out>
  </testcase>
  <testcase name="reportUser_Success" classname="com.fij.Phase4IntegrationTest" time="0.47">
    <system-out><![CDATA[Hibernate: select m1_0.id,m1_0.attachment_name,m1_0.attachment_url,m1_0.chat_id,m1_0.content,m1_0.read,m1_0.sender_id,m1_0.sent_at from messages m1_0
Hibernate: select c1_0.id,c1_0.candidate_id,c1_0.created_at,c1_0.job_id,c1_0.last_message_at,c1_0.recruiter_id from chats c1_0
Hibernate: select r1_0.id,r1_0.created_at,r1_0.description,r1_0.reason,r1_0.reported_user_id,r1_0.reporter_id,r1_0.status from reports r1_0
Hibernate: select j1_0.id,j1_0.active,j1_0.company,j1_0.created_at,j1_0.description,j1_0.duration,j1_0.expires_at,j1_0.job_type,j1_0.location,j1_0.recruiter_id,j1_0.remote_policy,j1_0.salary_max,j1_0.salary_min,j1_0.title,j1_0.work_schedule from jobs j1_0
Hibernate: delete from jobs where id=?
Hibernate: select u1_0.id,u1_0.email,u1_0.first_name,u1_0.last_name,u1_0.location,u1_0.password,u1_0.phone from users u1_0
Hibernate: select r1_0.user_id,r1_0.roles from user_roles r1_0 where r1_0.user_id=?
Hibernate: select r1_0.user_id,r1_0.roles from user_roles r1_0 where r1_0.user_id=?
Hibernate: delete from user_roles where user_id=?
Hibernate: delete from user_roles where user_id=?
Hibernate: delete from users where id=?
Hibernate: delete from users where id=?
Hibernate: select u1_0.id,u1_0.email,u1_0.first_name,u1_0.last_name,u1_0.location,u1_0.password,u1_0.phone from users u1_0 where u1_0.email=?
Hibernate: insert into users (email,first_name,last_name,location,password,phone,id) values (?,?,?,?,?,?,default)
Hibernate: insert into user_roles (user_id,roles) values (?,?)
Hibernate: select u1_0.id,u1_0.email,u1_0.first_name,u1_0.last_name,u1_0.location,u1_0.password,u1_0.phone from users u1_0 where u1_0.email=?
Hibernate: select r1_0.user_id,r1_0.roles from user_roles r1_0 where r1_0.user_id=?
Hibernate: select u1_0.id,u1_0.email,u1_0.first_name,u1_0.last_name,u1_0.location,u1_0.password,u1_0.phone from users u1_0 where u1_0.email=?
Hibernate: select u1_0.id,u1_0.email,u1_0.first_name,u1_0.last_name,u1_0.location,u1_0.password,u1_0.phone from users u1_0 where u1_0.email=?
Hibernate: insert into users (email,first_name,last_name,location,password,phone,id) values (?,?,?,?,?,?,default)
Hibernate: insert into user_roles (user_id,roles) values (?,?)
Hibernate: select u1_0.id,u1_0.email,u1_0.first_name,u1_0.last_name,u1_0.location,u1_0.password,u1_0.phone from users u1_0 where u1_0.email=?
Hibernate: select r1_0.user_id,r1_0.roles from user_roles r1_0 where r1_0.user_id=?
Hibernate: select u1_0.id,u1_0.email,u1_0.first_name,u1_0.last_name,u1_0.location,u1_0.password,u1_0.phone from users u1_0 where u1_0.email=?
Hibernate: select u1_0.id,u1_0.email,u1_0.first_name,u1_0.last_name,u1_0.location,u1_0.password,u1_0.phone from users u1_0 where u1_0.email=?
Hibernate: select r1_0.user_id,r1_0.roles from user_roles r1_0 where r1_0.user_id=?
Hibernate: select u1_0.id,u1_0.email,u1_0.first_name,u1_0.last_name,u1_0.location,u1_0.password,u1_0.phone from users u1_0 where u1_0.email=?
Hibernate: select r1_0.user_id,r1_0.roles from user_roles r1_0 where r1_0.user_id=?
Hibernate: select u1_0.id,u1_0.email,u1_0.first_name,u1_0.last_name,u1_0.location,u1_0.password,u1_0.phone from users u1_0 where u1_0.email=?
Hibernate: select r1_0.user_id,r1_0.roles from user_roles r1_0 where r1_0.user_id=?
Hibernate: select u1_0.id,u1_0.email,u1_0.first_name,u1_0.last_name,u1_0.location,u1_0.password,u1_0.phone,r1_0.user_id,r1_0.roles from users u1_0 left join user_roles r1_0 on u1_0.id=r1_0.user_id where u1_0.id=?
Hibernate: insert into reports (created_at,description,reason,reported_user_id,reporter_id,status,id) values (?,?,?,?,?,?,default)
]]></system-out>
  </testcase>
  <testcase name="reportUser_SelfReport_Returns400" classname="com.fij.Phase4IntegrationTest" time="0.287">
    <system-out><![CDATA[Hibernate: select m1_0.id,m1_0.attachment_name,m1_0.attachment_url,m1_0.chat_id,m1_0.content,m1_0.read,m1_0.sender_id,m1_0.sent_at from messages m1_0
Hibernate: select c1_0.id,c1_0.candidate_id,c1_0.created_at,c1_0.job_id,c1_0.last_message_at,c1_0.recruiter_id from chats c1_0
Hibernate: select r1_0.id,r1_0.created_at,r1_0.description,r1_0.reason,r1_0.reported_user_id,r1_0.reporter_id,r1_0.status from reports r1_0
Hibernate: delete from reports where id=?
Hibernate: select j1_0.id,j1_0.active,j1_0.company,j1_0.created_at,j1_0.description,j1_0.duration,j1_0.expires_at,j1_0.job_type,j1_0.location,j1_0.recruiter_id,j1_0.remote_policy,j1_0.salary_max,j1_0.salary_min,j1_0.title,j1_0.work_schedule from jobs j1_0
Hibernate: select u1_0.id,u1_0.email,u1_0.first_name,u1_0.last_name,u1_0.location,u1_0.password,u1_0.phone from users u1_0
Hibernate: select r1_0.user_id,r1_0.roles from user_roles r1_0 where r1_0.user_id=?
Hibernate: select r1_0.user_id,r1_0.roles from user_roles r1_0 where r1_0.user_id=?
Hibernate: delete from user_roles where user_id=?
Hibernate: delete from user_roles where user_id=?
Hibernate: delete from users where id=?
Hibernate: delete from users where id=?
Hibernate: select u1_0.id,u1_0.email,u1_0.first_name,u1_0.last_name,u1_0.location,u1_0.password,u1_0.phone from users u1_0 where u1_0.email=?
Hibernate: insert into users (email,first_name,last_name,location,password,phone,id) values (?,?,?,?,?,?,default)
Hibernate: insert into user_roles (user_id,roles) values (?,?)
Hibernate: select u1_0.id,u1_0.email,u1_0.first_name,u1_0.last_name,u1_0.location,u1_0.password,u1_0.phone from users u1_0 where u1_0.email=?
Hibernate: select r1_0.user_id,r1_0.roles from user_roles r1_0 where r1_0.user_id=?
Hibernate: select u1_0.id,u1_0.email,u1_0.first_name,u1_0.last_name,u1_0.location,u1_0.password,u1_0.phone from users u1_0 where u1_0.email=?
Hibernate: select u1_0.id,u1_0.email,u1_0.first_name,u1_0.last_name,u1_0.location,u1_0.password,u1_0.phone from users u1_0 where u1_0.email=?
Hibernate: select r1_0.user_id,r1_0.roles from user_roles r1_0 where r1_0.user_id=?
Hibernate: select u1_0.id,u1_0.email,u1_0.first_name,u1_0.last_name,u1_0.location,u1_0.password,u1_0.phone from users u1_0 where u1_0.email=?
Hibernate: select r1_0.user_id,r1_0.roles from user_roles r1_0 where r1_0.user_id=?
Hibernate: select u1_0.id,u1_0.email,u1_0.first_name,u1_0.last_name,u1_0.location,u1_0.password,u1_0.phone from users u1_0 where u1_0.email=?
Hibernate: select r1_0.user_id,r1_0.roles from user_roles r1_0 where r1_0.user_id=?
]]></system-out>
  </testcase>
  <testcase name="sendMessage_Success" classname="com.fij.Phase4IntegrationTest" time="0.509">
    <failure message="Status expected:&lt;200&gt; but was:&lt;400&gt;" type="java.lang.AssertionError"><![CDATA[java.lang.AssertionError: Status expected:<200> but was:<400>
	at org.springframework.test.util.AssertionErrors.fail(AssertionErrors.java:59)
	at org.springframework.test.util.AssertionErrors.assertEquals(AssertionErrors.java:122)
	at org.springframework.test.web.servlet.result.StatusResultMatchers.lambda$matcher$9(StatusResultMatchers.java:637)
	at org.springframework.test.web.servlet.MockMvc$1.andExpect(MockMvc.java:214)
	at com.fij.Phase4IntegrationTest.sendMessage_Success(Phase4IntegrationTest.java:109)
	at java.base/java.lang.reflect.Method.invoke(Method.java:569)
	at java.base/java.util.ArrayList.forEach(ArrayList.java:1511)
	at java.base/java.util.ArrayList.forEach(ArrayList.java:1511)
]]></failure>
    <system-out><![CDATA[Hibernate: select m1_0.id,m1_0.attachment_name,m1_0.attachment_url,m1_0.chat_id,m1_0.content,m1_0.read,m1_0.sender_id,m1_0.sent_at from messages m1_0
Hibernate: select c1_0.id,c1_0.candidate_id,c1_0.created_at,c1_0.job_id,c1_0.last_message_at,c1_0.recruiter_id from chats c1_0
Hibernate: select r1_0.id,r1_0.created_at,r1_0.description,r1_0.reason,r1_0.reported_user_id,r1_0.reporter_id,r1_0.status from reports r1_0
Hibernate: select j1_0.id,j1_0.active,j1_0.company,j1_0.created_at,j1_0.description,j1_0.duration,j1_0.expires_at,j1_0.job_type,j1_0.location,j1_0.recruiter_id,j1_0.remote_policy,j1_0.salary_max,j1_0.salary_min,j1_0.title,j1_0.work_schedule from jobs j1_0
Hibernate: select u1_0.id,u1_0.email,u1_0.first_name,u1_0.last_name,u1_0.location,u1_0.password,u1_0.phone from users u1_0
Hibernate: select r1_0.user_id,r1_0.roles from user_roles r1_0 where r1_0.user_id=?
Hibernate: delete from user_roles where user_id=?
Hibernate: delete from users where id=?
Hibernate: select u1_0.id,u1_0.email,u1_0.first_name,u1_0.last_name,u1_0.location,u1_0.password,u1_0.phone from users u1_0 where u1_0.email=?
Hibernate: insert into users (email,first_name,last_name,location,password,phone,id) values (?,?,?,?,?,?,default)
Hibernate: insert into user_roles (user_id,roles) values (?,?)
Hibernate: select u1_0.id,u1_0.email,u1_0.first_name,u1_0.last_name,u1_0.location,u1_0.password,u1_0.phone from users u1_0 where u1_0.email=?
Hibernate: select r1_0.user_id,r1_0.roles from user_roles r1_0 where r1_0.user_id=?
Hibernate: select u1_0.id,u1_0.email,u1_0.first_name,u1_0.last_name,u1_0.location,u1_0.password,u1_0.phone from users u1_0 where u1_0.email=?
Hibernate: select u1_0.id,u1_0.email,u1_0.first_name,u1_0.last_name,u1_0.location,u1_0.password,u1_0.phone from users u1_0 where u1_0.email=?
Hibernate: select r1_0.user_id,r1_0.roles from user_roles r1_0 where r1_0.user_id=?
Hibernate: select u1_0.id,u1_0.email,u1_0.first_name,u1_0.last_name,u1_0.location,u1_0.password,u1_0.phone from users u1_0 where u1_0.email=?
Hibernate: select r1_0.user_id,r1_0.roles from user_roles r1_0 where r1_0.user_id=?
Hibernate: insert into jobs (active,company,created_at,description,duration,expires_at,job_type,location,recruiter_id,remote_policy,salary_max,salary_min,title,work_schedule,id) values (?,?,?,?,?,?,?,?,?,?,?,?,?,?,default)
Hibernate: select u1_0.id,u1_0.email,u1_0.first_name,u1_0.last_name,u1_0.location,u1_0.password,u1_0.phone from users u1_0 where u1_0.email=?
Hibernate: insert into users (email,first_name,last_name,location,password,phone,id) values (?,?,?,?,?,?,default)
Hibernate: insert into user_roles (user_id,roles) values (?,?)
Hibernate: select u1_0.id,u1_0.email,u1_0.first_name,u1_0.last_name,u1_0.location,u1_0.password,u1_0.phone from users u1_0 where u1_0.email=?
Hibernate: select r1_0.user_id,r1_0.roles from user_roles r1_0 where r1_0.user_id=?
Hibernate: select u1_0.id,u1_0.email,u1_0.first_name,u1_0.last_name,u1_0.location,u1_0.password,u1_0.phone from users u1_0 where u1_0.email=?
Hibernate: select u1_0.id,u1_0.email,u1_0.first_name,u1_0.last_name,u1_0.location,u1_0.password,u1_0.phone from users u1_0 where u1_0.email=?
Hibernate: select r1_0.user_id,r1_0.roles from user_roles r1_0 where r1_0.user_id=?
Hibernate: select u1_0.id,u1_0.email,u1_0.first_name,u1_0.last_name,u1_0.location,u1_0.password,u1_0.phone from users u1_0 where u1_0.email=?
Hibernate: select r1_0.user_id,r1_0.roles from user_roles r1_0 where r1_0.user_id=?
Hibernate: select j1_0.id,j1_0.active,j1_0.company,j1_0.created_at,j1_0.description,j1_0.duration,j1_0.expires_at,j1_0.job_type,j1_0.location,j1_0.recruiter_id,j1_0.remote_policy,j1_0.salary_max,j1_0.salary_min,j1_0.title,j1_0.work_schedule from jobs j1_0 where j1_0.id=?

MockHttpServletRequest:
      HTTP Method = POST
      Request URI = /api/auth/register
       Parameters = {}
          Headers = [Content-Type:"application/json;charset=UTF-8", Content-Length:"120"]
             Body = {"email":"recruiter3@test.com","password":"password123","firstName":"John","lastName":"Doe","roles":["ROLE_RECRUITER"]}

    Session Attrs = {}

Handler:
             Type = com.fij.controllers.AuthController
           Method = com.fij.controllers.AuthController#register(RegisterRequest)

Async:
    Async started = false
     Async result = null

Resolved Exception:
             Type = null

ModelAndView:
        View name = null
             View = null
            Model = null

FlashMap:
       Attributes = null

MockHttpServletResponse:
           Status = 200
    Error message = null
          Headers = [Vary:"Origin", "Access-Control-Request-Method", "Access-Control-Request-Headers", Content-Type:"application/json", X-Content-Type-Options:"nosniff", X-XSS-Protection:"0", Cache-Control:"no-cache, no-store, max-age=0, must-revalidate", Pragma:"no-cache", Expires:"0", X-Frame-Options:"DENY"]
     Content type = application/json
             Body = {"id":29,"email":"recruiter3@test.com","firstName":"John","lastName":"Doe","phone":null,"location":null,"roles":["ROLE_RECRUITER"],"token":"eyJhbGciOiJIUzI1NiJ9.eyJzdWIiOiJyZWNydWl0ZXIzQHRlc3QuY29tIiwiaWF0IjoxNzcxNzg5MDUzLCJleHAiOjE3NzE4NzU0NTN9.riw3E-EggfzZKBCCVd_H_QxuNBin4QFTy7yNr9RpG2k"}
    Forwarded URL = null
   Redirected URL = null
          Cookies = []

MockHttpServletRequest:
      HTTP Method = POST
      Request URI = /api/auth/login
       Parameters = {}
          Headers = [Content-Type:"application/json;charset=UTF-8", Content-Length:"57"]
             Body = {"email":"recruiter3@test.com","password":"password123"}

    Session Attrs = {}

Handler:
             Type = com.fij.controllers.AuthController
           Method = com.fij.controllers.AuthController#login(LoginRequest)

Async:
    Async started = false
     Async result = null

Resolved Exception:
             Type = null

ModelAndView:
        View name = null
             View = null
            Model = null

FlashMap:
       Attributes = null

MockHttpServletResponse:
           Status = 200
    Error message = null
          Headers = [Vary:"Origin", "Access-Control-Request-Method", "Access-Control-Request-Headers", Content-Type:"application/json", X-Content-Type-Options:"nosniff", X-XSS-Protection:"0", Cache-Control:"no-cache, no-store, max-age=0, must-revalidate", Pragma:"no-cache", Expires:"0", X-Frame-Options:"DENY"]
     Content type = application/json
             Body = {"id":29,"email":"recruiter3@test.com","firstName":"John","lastName":"Doe","phone":null,"location":null,"roles":["ROLE_RECRUITER"],"token":"eyJhbGciOiJIUzI1NiJ9.eyJzdWIiOiJyZWNydWl0ZXIzQHRlc3QuY29tIiwiaWF0IjoxNzcxNzg5MDUzLCJleHAiOjE3NzE4NzU0NTN9.riw3E-EggfzZKBCCVd_H_QxuNBin4QFTy7yNr9RpG2k"}
    Forwarded URL = null
   Redirected URL = null
          Cookies = []

MockHttpServletRequest:
      HTTP Method = POST
      Request URI = /api/recruiter/jobs
       Parameters = {}
          Headers = [Content-Type:"application/json;charset=UTF-8", Authorization:"Bearer eyJhbGciOiJIUzI1NiJ9.eyJzdWIiOiJyZWNydWl0ZXIzQHRlc3QuY29tIiwiaWF0IjoxNzcxNzg5MDUzLCJleHAiOjE3NzE4NzU0NTN9.riw3E-EggfzZKBCCVd_H_QxuNBin4QFTy7yNr9RpG2k", Content-Length:"106"]
             Body = {"title":"Developer","description":"Backend dev","company":"TechCorp","location":"Paris","jobType":"CDI"}

    Session Attrs = {}

Handler:
             Type = com.fij.controllers.RecruiterController
           Method = com.fij.controllers.RecruiterController#createJob(JobRequest)

Async:
    Async started = false
     Async result = null

Resolved Exception:
             Type = null

ModelAndView:
        View name = null
             View = null
            Model = null

FlashMap:
       Attributes = null

MockHttpServletResponse:
           Status = 200
    Error message = null
          Headers = [Vary:"Origin", "Access-Control-Request-Method", "Access-Control-Request-Headers", Content-Type:"application/json", X-Content-Type-Options:"nosniff", X-XSS-Protection:"0", Cache-Control:"no-cache, no-store, max-age=0, must-revalidate", Pragma:"no-cache", Expires:"0", X-Frame-Options:"DENY"]
     Content type = application/json
             Body = {"id":10,"title":"Developer","description":"Backend dev","company":"TechCorp","location":"Paris","salaryMin":null,"salaryMax":null,"jobType":"CDI","workSchedule":null,"remotePolicy":null,"duration":null,"active":true,"createdAt":"2026-02-22T20:37:33.995205561","expiresAt":null}
    Forwarded URL = null
   Redirected URL = null
          Cookies = []

MockHttpServletRequest:
      HTTP Method = POST
      Request URI = /api/auth/register
       Parameters = {}
          Headers = [Content-Type:"application/json;charset=UTF-8", Content-Length:"120"]
             Body = {"email":"candidate3@test.com","password":"password123","firstName":"John","lastName":"Doe","roles":["ROLE_CANDIDATE"]}

    Session Attrs = {}

Handler:
             Type = com.fij.controllers.AuthController
           Method = com.fij.controllers.AuthController#register(RegisterRequest)

Async:
    Async started = false
     Async result = null

Resolved Exception:
             Type = null

ModelAndView:
        View name = null
             View = null
            Model = null

FlashMap:
       Attributes = null

MockHttpServletResponse:
           Status = 200
    Error message = null
          Headers = [Vary:"Origin", "Access-Control-Request-Method", "Access-Control-Request-Headers", Content-Type:"application/json", X-Content-Type-Options:"nosniff", X-XSS-Protection:"0", Cache-Control:"no-cache, no-store, max-age=0, must-revalidate", Pragma:"no-cache", Expires:"0", X-Frame-Options:"DENY"]
     Content type = application/json
             Body = {"id":30,"email":"candidate3@test.com","firstName":"John","lastName":"Doe","phone":null,"location":null,"roles":["ROLE_CANDIDATE"],"token":"eyJhbGciOiJIUzI1NiJ9.eyJzdWIiOiJjYW5kaWRhdGUzQHRlc3QuY29tIiwiaWF0IjoxNzcxNzg5MDU0LCJleHAiOjE3NzE4NzU0NTR9.LzFzk_f-VfONzxTveJ54eH-ZHPXHjmV9quJWKxsShpA"}
    Forwarded URL = null
   Redirected URL = null
          Cookies = []

MockHttpServletRequest:
      HTTP Method = POST
      Request URI = /api/auth/login
       Parameters = {}
          Headers = [Content-Type:"application/json;charset=UTF-8", Content-Length:"57"]
             Body = {"email":"candidate3@test.com","password":"password123"}

    Session Attrs = {}

Handler:
             Type = com.fij.controllers.AuthController
           Method = com.fij.controllers.AuthController#login(LoginRequest)

Async:
    Async started = false
     Async result = null

Resolved Exception:
             Type = null

ModelAndView:
        View name = null
             View = null
            Model = null

FlashMap:
       Attributes = null

MockHttpServletResponse:
           Status = 200
    Error message = null
          Headers = [Vary:"Origin", "Access-Control-Request-Method", "Access-Control-Request-Headers", Content-Type:"application/json", X-Content-Type-Options:"nosniff", X-XSS-Protection:"0", Cache-Control:"no-cache, no-store, max-age=0, must-revalidate", Pragma:"no-cache", Expires:"0", X-Frame-Options:"DENY"]
     Content type = application/json
             Body = {"id":30,"email":"candidate3@test.com","firstName":"John","lastName":"Doe","phone":null,"location":null,"roles":["ROLE_CANDIDATE"],"token":"eyJhbGciOiJIUzI1NiJ9.eyJzdWIiOiJjYW5kaWRhdGUzQHRlc3QuY29tIiwiaWF0IjoxNzcxNzg5MDU0LCJleHAiOjE3NzE4NzU0NTR9.LzFzk_f-VfONzxTveJ54eH-ZHPXHjmV9quJWKxsShpA"}
    Forwarded URL = null
   Redirected URL = null
          Cookies = []

MockHttpServletRequest:
      HTTP Method = POST
      Request URI = /api/chats/job/1
       Parameters = {}
          Headers = [Authorization:"Bearer eyJhbGciOiJIUzI1NiJ9.eyJzdWIiOiJjYW5kaWRhdGUzQHRlc3QuY29tIiwiaWF0IjoxNzcxNzg5MDU0LCJleHAiOjE3NzE4NzU0NTR9.LzFzk_f-VfONzxTveJ54eH-ZHPXHjmV9quJWKxsShpA"]
             Body = null
    Session Attrs = {}

Handler:
             Type = com.fij.controllers.ChatController
           Method = com.fij.controllers.ChatController#getOrCreateChat(Long)

Async:
    Async started = false
     Async result = null

Resolved Exception:
             Type = java.lang.RuntimeException

ModelAndView:
        View name = null
             View = null
            Model = null

FlashMap:
       Attributes = null

MockHttpServletResponse:
           Status = 400
    Error message = null
          Headers = [Vary:"Origin", "Access-Control-Request-Method", "Access-Control-Request-Headers", Content-Type:"application/json", X-Content-Type-Options:"nosniff", X-XSS-Protection:"0", Cache-Control:"no-cache, no-store, max-age=0, must-revalidate", Pragma:"no-cache", Expires:"0", X-Frame-Options:"DENY"]
     Content type = application/json
             Body = {"type":"RuntimeException","error":"Job not found"}
    Forwarded URL = null
   Redirected URL = null
          Cookies = []
]]></system-out>
  </testcase>
  <testcase name="sendMessage_OtherUserCanSee" classname="com.fij.Phase4IntegrationTest" time="0.487">
    <failure message="Status expected:&lt;200&gt; but was:&lt;400&gt;" type="java.lang.AssertionError"><![CDATA[java.lang.AssertionError: Status expected:<200> but was:<400>
	at org.springframework.test.util.AssertionErrors.fail(AssertionErrors.java:59)
	at org.springframework.test.util.AssertionErrors.assertEquals(AssertionErrors.java:122)
	at org.springframework.test.web.servlet.result.StatusResultMatchers.lambda$matcher$9(StatusResultMatchers.java:637)
	at org.springframework.test.web.servlet.MockMvc$1.andExpect(MockMvc.java:214)
	at com.fij.Phase4IntegrationTest.sendMessage_OtherUserCanSee(Phase4IntegrationTest.java:169)
	at java.base/java.lang.reflect.Method.invoke(Method.java:569)
	at java.base/java.util.ArrayList.forEach(ArrayList.java:1511)
	at java.base/java.util.ArrayList.forEach(ArrayList.java:1511)
]]></failure>
    <system-out><![CDATA[Hibernate: select m1_0.id,m1_0.attachment_name,m1_0.attachment_url,m1_0.chat_id,m1_0.content,m1_0.read,m1_0.sender_id,m1_0.sent_at from messages m1_0
Hibernate: select c1_0.id,c1_0.candidate_id,c1_0.created_at,c1_0.job_id,c1_0.last_message_at,c1_0.recruiter_id from chats c1_0
Hibernate: select r1_0.id,r1_0.created_at,r1_0.description,r1_0.reason,r1_0.reported_user_id,r1_0.reporter_id,r1_0.status from reports r1_0
Hibernate: select j1_0.id,j1_0.active,j1_0.company,j1_0.created_at,j1_0.description,j1_0.duration,j1_0.expires_at,j1_0.job_type,j1_0.location,j1_0.recruiter_id,j1_0.remote_policy,j1_0.salary_max,j1_0.salary_min,j1_0.title,j1_0.work_schedule from jobs j1_0
Hibernate: delete from jobs where id=?
Hibernate: select u1_0.id,u1_0.email,u1_0.first_name,u1_0.last_name,u1_0.location,u1_0.password,u1_0.phone from users u1_0
Hibernate: select r1_0.user_id,r1_0.roles from user_roles r1_0 where r1_0.user_id=?
Hibernate: select r1_0.user_id,r1_0.roles from user_roles r1_0 where r1_0.user_id=?
Hibernate: delete from user_roles where user_id=?
Hibernate: delete from user_roles where user_id=?
Hibernate: delete from users where id=?
Hibernate: delete from users where id=?
Hibernate: select u1_0.id,u1_0.email,u1_0.first_name,u1_0.last_name,u1_0.location,u1_0.password,u1_0.phone from users u1_0 where u1_0.email=?
Hibernate: insert into users (email,first_name,last_name,location,password,phone,id) values (?,?,?,?,?,?,default)
Hibernate: insert into user_roles (user_id,roles) values (?,?)
Hibernate: select u1_0.id,u1_0.email,u1_0.first_name,u1_0.last_name,u1_0.location,u1_0.password,u1_0.phone from users u1_0 where u1_0.email=?
Hibernate: select r1_0.user_id,r1_0.roles from user_roles r1_0 where r1_0.user_id=?
Hibernate: select u1_0.id,u1_0.email,u1_0.first_name,u1_0.last_name,u1_0.location,u1_0.password,u1_0.phone from users u1_0 where u1_0.email=?
Hibernate: select u1_0.id,u1_0.email,u1_0.first_name,u1_0.last_name,u1_0.location,u1_0.password,u1_0.phone from users u1_0 where u1_0.email=?
Hibernate: select r1_0.user_id,r1_0.roles from user_roles r1_0 where r1_0.user_id=?
Hibernate: select u1_0.id,u1_0.email,u1_0.first_name,u1_0.last_name,u1_0.location,u1_0.password,u1_0.phone from users u1_0 where u1_0.email=?
Hibernate: select r1_0.user_id,r1_0.roles from user_roles r1_0 where r1_0.user_id=?
Hibernate: insert into jobs (active,company,created_at,description,duration,expires_at,job_type,location,recruiter_id,remote_policy,salary_max,salary_min,title,work_schedule,id) values (?,?,?,?,?,?,?,?,?,?,?,?,?,?,default)
Hibernate: select u1_0.id,u1_0.email,u1_0.first_name,u1_0.last_name,u1_0.location,u1_0.password,u1_0.phone from users u1_0 where u1_0.email=?
Hibernate: insert into users (email,first_name,last_name,location,password,phone,id) values (?,?,?,?,?,?,default)
Hibernate: insert into user_roles (user_id,roles) values (?,?)
Hibernate: select u1_0.id,u1_0.email,u1_0.first_name,u1_0.last_name,u1_0.location,u1_0.password,u1_0.phone from users u1_0 where u1_0.email=?
Hibernate: select r1_0.user_id,r1_0.roles from user_roles r1_0 where r1_0.user_id=?
Hibernate: select u1_0.id,u1_0.email,u1_0.first_name,u1_0.last_name,u1_0.location,u1_0.password,u1_0.phone from users u1_0 where u1_0.email=?
Hibernate: select u1_0.id,u1_0.email,u1_0.first_name,u1_0.last_name,u1_0.location,u1_0.password,u1_0.phone from users u1_0 where u1_0.email=?
Hibernate: select r1_0.user_id,r1_0.roles from user_roles r1_0 where r1_0.user_id=?
Hibernate: select u1_0.id,u1_0.email,u1_0.first_name,u1_0.last_name,u1_0.location,u1_0.password,u1_0.phone from users u1_0 where u1_0.email=?
Hibernate: select r1_0.user_id,r1_0.roles from user_roles r1_0 where r1_0.user_id=?
Hibernate: select j1_0.id,j1_0.active,j1_0.company,j1_0.created_at,j1_0.description,j1_0.duration,j1_0.expires_at,j1_0.job_type,j1_0.location,j1_0.recruiter_id,j1_0.remote_policy,j1_0.salary_max,j1_0.salary_min,j1_0.title,j1_0.work_schedule from jobs j1_0 where j1_0.id=?

MockHttpServletRequest:
      HTTP Method = POST
      Request URI = /api/auth/register
       Parameters = {}
          Headers = [Content-Type:"application/json;charset=UTF-8", Content-Length:"120"]
             Body = {"email":"recruiter5@test.com","password":"password123","firstName":"John","lastName":"Doe","roles":["ROLE_RECRUITER"]}

    Session Attrs = {}

Handler:
             Type = com.fij.controllers.AuthController
           Method = com.fij.controllers.AuthController#register(RegisterRequest)

Async:
    Async started = false
     Async result = null

Resolved Exception:
             Type = null

ModelAndView:
        View name = null
             View = null
            Model = null

FlashMap:
       Attributes = null

MockHttpServletResponse:
           Status = 200
    Error message = null
          Headers = [Vary:"Origin", "Access-Control-Request-Method", "Access-Control-Request-Headers", Content-Type:"application/json", X-Content-Type-Options:"nosniff", X-XSS-Protection:"0", Cache-Control:"no-cache, no-store, max-age=0, must-revalidate", Pragma:"no-cache", Expires:"0", X-Frame-Options:"DENY"]
     Content type = application/json
             Body = {"id":31,"email":"recruiter5@test.com","firstName":"John","lastName":"Doe","phone":null,"location":null,"roles":["ROLE_RECRUITER"],"token":"eyJhbGciOiJIUzI1NiJ9.eyJzdWIiOiJyZWNydWl0ZXI1QHRlc3QuY29tIiwiaWF0IjoxNzcxNzg5MDU0LCJleHAiOjE3NzE4NzU0NTR9.rfV_Q7BUv6dXfqGbtLrU8zTN-kjF0zHXwkIBT2u6lzE"}
    Forwarded URL = null
   Redirected URL = null
          Cookies = []

MockHttpServletRequest:
      HTTP Method = POST
      Request URI = /api/auth/login
       Parameters = {}
          Headers = [Content-Type:"application/json;charset=UTF-8", Content-Length:"57"]
             Body = {"email":"recruiter5@test.com","password":"password123"}

    Session Attrs = {}

Handler:
             Type = com.fij.controllers.AuthController
           Method = com.fij.controllers.AuthController#login(LoginRequest)

Async:
    Async started = false
     Async result = null

Resolved Exception:
             Type = null

ModelAndView:
        View name = null
             View = null
            Model = null

FlashMap:
       Attributes = null

MockHttpServletResponse:
           Status = 200
    Error message = null
          Headers = [Vary:"Origin", "Access-Control-Request-Method", "Access-Control-Request-Headers", Content-Type:"application/json", X-Content-Type-Options:"nosniff", X-XSS-Protection:"0", Cache-Control:"no-cache, no-store, max-age=0, must-revalidate", Pragma:"no-cache", Expires:"0", X-Frame-Options:"DENY"]
     Content type = application/json
             Body = {"id":31,"email":"recruiter5@test.com","firstName":"John","lastName":"Doe","phone":null,"location":null,"roles":["ROLE_RECRUITER"],"token":"eyJhbGciOiJIUzI1NiJ9.eyJzdWIiOiJyZWNydWl0ZXI1QHRlc3QuY29tIiwiaWF0IjoxNzcxNzg5MDU0LCJleHAiOjE3NzE4NzU0NTR9.rfV_Q7BUv6dXfqGbtLrU8zTN-kjF0zHXwkIBT2u6lzE"}
    Forwarded URL = null
   Redirected URL = null
          Cookies = []

MockHttpServletRequest:
      HTTP Method = POST
      Request URI = /api/recruiter/jobs
       Parameters = {}
          Headers = [Content-Type:"application/json;charset=UTF-8", Authorization:"Bearer eyJhbGciOiJIUzI1NiJ9.eyJzdWIiOiJyZWNydWl0ZXI1QHRlc3QuY29tIiwiaWF0IjoxNzcxNzg5MDU0LCJleHAiOjE3NzE4NzU0NTR9.rfV_Q7BUv6dXfqGbtLrU8zTN-kjF0zHXwkIBT2u6lzE", Content-Length:"106"]
             Body = {"title":"Developer","description":"Backend dev","company":"TechCorp","location":"Paris","jobType":"CDI"}

    Session Attrs = {}

Handler:
             Type = com.fij.controllers.RecruiterController
           Method = com.fij.controllers.RecruiterController#createJob(JobRequest)

Async:
    Async started = false
     Async result = null

Resolved Exception:
             Type = null

ModelAndView:
        View name = null
             View = null
            Model = null

FlashMap:
       Attributes = null

MockHttpServletResponse:
           Status = 200
    Error message = null
          Headers = [Vary:"Origin", "Access-Control-Request-Method", "Access-Control-Request-Headers", Content-Type:"application/json", X-Content-Type-Options:"nosniff", X-XSS-Protection:"0", Cache-Control:"no-cache, no-store, max-age=0, must-revalidate", Pragma:"no-cache", Expires:"0", X-Frame-Options:"DENY"]
     Content type = application/json
             Body = {"id":11,"title":"Developer","description":"Backend dev","company":"TechCorp","location":"Paris","salaryMin":null,"salaryMax":null,"jobType":"CDI","workSchedule":null,"remotePolicy":null,"duration":null,"active":true,"createdAt":"2026-02-22T20:37:34.484524863","expiresAt":null}
    Forwarded URL = null
   Redirected URL = null
          Cookies = []

MockHttpServletRequest:
      HTTP Method = POST
      Request URI = /api/auth/register
       Parameters = {}
          Headers = [Content-Type:"application/json;charset=UTF-8", Content-Length:"120"]
             Body = {"email":"candidate5@test.com","password":"password123","firstName":"John","lastName":"Doe","roles":["ROLE_CANDIDATE"]}

    Session Attrs = {}

Handler:
             Type = com.fij.controllers.AuthController
           Method = com.fij.controllers.AuthController#register(RegisterRequest)

Async:
    Async started = false
     Async result = null

Resolved Exception:
             Type = null

ModelAndView:
        View name = null
             View = null
            Model = null

FlashMap:
       Attributes = null

MockHttpServletResponse:
           Status = 200
    Error message = null
          Headers = [Vary:"Origin", "Access-Control-Request-Method", "Access-Control-Request-Headers", Content-Type:"application/json", X-Content-Type-Options:"nosniff", X-XSS-Protection:"0", Cache-Control:"no-cache, no-store, max-age=0, must-revalidate", Pragma:"no-cache", Expires:"0", X-Frame-Options:"DENY"]
     Content type = application/json
             Body = {"id":32,"email":"candidate5@test.com","firstName":"John","lastName":"Doe","phone":null,"location":null,"roles":["ROLE_CANDIDATE"],"token":"eyJhbGciOiJIUzI1NiJ9.eyJzdWIiOiJjYW5kaWRhdGU1QHRlc3QuY29tIiwiaWF0IjoxNzcxNzg5MDU0LCJleHAiOjE3NzE4NzU0NTR9.wiXrvsWG-8MSdQqLGU_yJmi3M-uIUFH6a8gxCD8XYLw"}
    Forwarded URL = null
   Redirected URL = null
          Cookies = []

MockHttpServletRequest:
      HTTP Method = POST
      Request URI = /api/auth/login
       Parameters = {}
          Headers = [Content-Type:"application/json;charset=UTF-8", Content-Length:"57"]
             Body = {"email":"candidate5@test.com","password":"password123"}

    Session Attrs = {}

Handler:
             Type = com.fij.controllers.AuthController
           Method = com.fij.controllers.AuthController#login(LoginRequest)

Async:
    Async started = false
     Async result = null

Resolved Exception:
             Type = null

ModelAndView:
        View name = null
             View = null
            Model = null

FlashMap:
       Attributes = null

MockHttpServletResponse:
           Status = 200
    Error message = null
          Headers = [Vary:"Origin", "Access-Control-Request-Method", "Access-Control-Request-Headers", Content-Type:"application/json", X-Content-Type-Options:"nosniff", X-XSS-Protection:"0", Cache-Control:"no-cache, no-store, max-age=0, must-revalidate", Pragma:"no-cache", Expires:"0", X-Frame-Options:"DENY"]
     Content type = application/json
             Body = {"id":32,"email":"candidate5@test.com","firstName":"John","lastName":"Doe","phone":null,"location":null,"roles":["ROLE_CANDIDATE"],"token":"eyJhbGciOiJIUzI1NiJ9.eyJzdWIiOiJjYW5kaWRhdGU1QHRlc3QuY29tIiwiaWF0IjoxNzcxNzg5MDU0LCJleHAiOjE3NzE4NzU0NTR9.wiXrvsWG-8MSdQqLGU_yJmi3M-uIUFH6a8gxCD8XYLw"}
    Forwarded URL = null
   Redirected URL = null
          Cookies = []

MockHttpServletRequest:
      HTTP Method = POST
      Request URI = /api/chats/job/1
       Parameters = {}
          Headers = [Authorization:"Bearer eyJhbGciOiJIUzI1NiJ9.eyJzdWIiOiJjYW5kaWRhdGU1QHRlc3QuY29tIiwiaWF0IjoxNzcxNzg5MDU0LCJleHAiOjE3NzE4NzU0NTR9.wiXrvsWG-8MSdQqLGU_yJmi3M-uIUFH6a8gxCD8XYLw"]
             Body = null
    Session Attrs = {}

Handler:
             Type = com.fij.controllers.ChatController
           Method = com.fij.controllers.ChatController#getOrCreateChat(Long)

Async:
    Async started = false
     Async result = null

Resolved Exception:
             Type = java.lang.RuntimeException

ModelAndView:
        View name = null
             View = null
            Model = null

FlashMap:
       Attributes = null

MockHttpServletResponse:
           Status = 400
    Error message = null
          Headers = [Vary:"Origin", "Access-Control-Request-Method", "Access-Control-Request-Headers", Content-Type:"application/json", X-Content-Type-Options:"nosniff", X-XSS-Protection:"0", Cache-Control:"no-cache, no-store, max-age=0, must-revalidate", Pragma:"no-cache", Expires:"0", X-Frame-Options:"DENY"]
     Content type = application/json
             Body = {"type":"RuntimeException","error":"Job not found"}
    Forwarded URL = null
   Redirected URL = null
          Cookies = []
]]></system-out>
  </testcase>
</testsuite>